Checkout Path: defects4j_work/Cli_1_b
Test Name: org.apache.commons.cli.bug.BugCLI13Test::testCLI13
Error Message: junit.framework.AssertionFailedError
	at junit.framework.Assert.fail(Assert.java:55)
	at junit.framework.Assert.assertTrue(Assert.java:22)
	at junit.framework.Assert.assertTrue(Assert.java:31)
	at junit.framework.TestCase.assertTrue(TestCase.java:201)
	at org.apache.commons.cli.bug.BugCLI13Test.testCLI13(BugCLI13Test.java:50)
	at java.base/jdk.internal.reflect.NativeMethodAccessorImpl.invoke0(Native Method)
	at java.base/jdk.internal.reflect.NativeMethodAccessorImpl.invoke(NativeMethodAccessorImpl.java:62)
	at java.base/jdk.internal.reflect.DelegatingMethodAccessorImpl.invoke(DelegatingMethodAccessorImpl.java:43)
	at java.base/java.lang.reflect.Method.invoke(Method.java:566)
	at junit.framework.TestCase.runTest(TestCase.java:176)
	at junit.framework.TestCase.runBare(TestCase.java:141)
	at junit.framework.TestResult$1.protect(TestResult.java:122)
	at junit.framework.TestResult.runProtected(TestResult.java:142)
	at junit.framework.TestResult.run(TestResult.java:125)
	at junit.framework.TestCase.run(TestCase.java:129)
	at org.apache.tools.ant.taskdefs.optional.junit.JUnitTestRunner.run(JUnitTestRunner.java:520)
	at org.apache.tools.ant.taskdefs.optional.junit.JUnitTask.executeInVM(JUnitTask.java:1492)
	at org.apache.tools.ant.taskdefs.optional.junit.JUnitTask.executeTests(JUnitTask.java:878)
	at org.apache.tools.ant.taskdefs.optional.junit.JUnitTask.executeOrQueue(JUnitTask.java:1980)
	at org.apache.tools.ant.taskdefs.optional.junit.JUnitTask.executeTests(JUnitTask.java:830)
	at org.apache.tools.ant.taskdefs.optional.junit.JUnitTask.execute(JUnitTask.java:2287)
	at org.apache.tools.ant.UnknownElement.execute(UnknownElement.java:291)
	at jdk.internal.reflect.GeneratedMethodAccessor4.invoke(Unknown Source)
	at java.base/jdk.internal.reflect.DelegatingMethodAccessorImpl.invoke(DelegatingMethodAccessorImpl.java:43)
	at java.base/java.lang.reflect.Method.invoke(Method.java:566)
	at org.apache.tools.ant.dispatch.DispatchUtils.execute(DispatchUtils.java:106)
	at org.apache.tools.ant.Task.perform(Task.java:348)
	at org.apache.tools.ant.Target.execute(Target.java:392)
	at org.apache.tools.ant.Target.performTasks(Target.java:413)
	at org.apache.tools.ant.Project.executeSortedTargets(Project.java:1399)
	at org.apache.tools.ant.Project.executeTarget(Project.java:1368)
	at org.apache.tools.ant.helper.DefaultExecutor.executeTargets(DefaultExecutor.java:41)
	at org.apache.tools.ant.Project.executeTargets(Project.java:1251)
	at org.apache.tools.ant.Main.runBuild(Main.java:811)
	at org.apache.tools.ant.Main.startAnt(Main.java:217)
	at org.apache.tools.ant.launch.Launcher.run(Launcher.java:280)
	at org.apache.tools.ant.launch.Launcher.main(Launcher.java:109)
report for Cli-1:
https://issues.apache.org/jira/browse/CLI-13
patch for Cli-1:
--- defects4j_work/Cli_1_b/src/java/org/apache/commons/cli/CommandLine.java	2025-10-13 19:42:19.937721090 +0600
+++ defects4j_work/Cli_1_f/src/java/org/apache/commons/cli/CommandLine.java	2025-10-13 19:42:24.565878224 +0600
@@ -16,11 +16,11 @@
 package org.apache.commons.cli;
 
 import java.util.Collection;
-import java.util.HashMap;
 import java.util.Iterator;
 import java.util.LinkedList;
 import java.util.List;
-import java.util.Map;
+import java.util.Set;
+import java.util.HashSet;
 
 /** 
  * <p>Represents list of arguments parsed against
@@ -43,12 +43,10 @@
     private List args = new LinkedList();
 
     /** the processed options */
-    private Map options = new HashMap();
-    private Map names = new HashMap();
+    private Set options = new HashSet();
 
     /** Map of unique options for ease to get complete list of options */
 //    private Set allOptions = new HashSet();
-    private Map hashcodeMap = new HashMap();
 
     /**
      * Creates a command line.
@@ -66,7 +64,7 @@
      */
     public boolean hasOption(String opt)
     {
-        return options.containsKey(opt);
+        return options.contains( resolveOption(opt));
     }
 
     /** 
@@ -90,12 +88,13 @@
     {
         String res = getOptionValue(opt);
 
-        if (!options.containsKey(opt))
+        Option option = resolveOption(opt);
+        if (option == null)
         {
             return null;
         }
 
-        Object type = ((Option) options.get(opt)).getType();
+        Object type = option.getType();
 
         return (res == null)        ? null : TypeHandler.createValue(res, type);
     }
@@ -146,16 +145,11 @@
      */
     public String[] getOptionValues(String opt)
     {
-        opt = Util.stripLeadingHyphens(opt);
+        Option key = resolveOption( opt );
 
-        String key = opt;
-        if (names.containsKey(opt))
-        {
-            key = (String) names.get(opt);
-        }
-        if (options.containsKey(key))
+        if (options.contains(key))
         {
-            return ((Option) options.get(key)).getValues();
+            return key.getValues();
         }
 
         return null;
@@ -166,7 +160,24 @@
      * @param opt short or long name of the option
      * @return Canonicalized option
      */
+    private Option resolveOption( String opt )
+    {
+        opt = Util.stripLeadingHyphens(opt);
+        for ( Iterator it = options.iterator(); it.hasNext(); )
+        {
+            Option option = (Option) it.next();
+            if (opt.equals(option.getOpt()))
+            {
+                return option;
+            }
+            if (opt.equals( option.getLongOpt()))
+            {
+                return option;
+        }
 
+        }
+        return null;
+    }
 
     /** 
      * Retrieves the array of values, if any, of an option.
@@ -274,17 +285,7 @@
      */
     void addOption(Option opt)
     {
-        hashcodeMap.put(new Integer(opt.hashCode()), opt);
-        String key = opt.getKey();
-        if (key == null)
-        {
-            key = opt.getLongOpt();
-        }
-        else
-        {
-            names.put(opt.getLongOpt(), key);
-        }
-        options.put(key, opt);
+        options.add(opt);
     }
 
     /**
@@ -295,7 +296,7 @@
      */
     public Iterator iterator()
     {
-        return hashcodeMap.values().iterator();
+        return options.iterator();
     }
 
     /**
@@ -305,7 +306,7 @@
      */
     public Option[] getOptions()
     {
-        Collection processed = options.values();
+        Collection processed = options;
 
         // reinitialise array
         Option[] optionsArray = new Option[processed.size()];
@@ -313,4 +314,4 @@
         // return the array
         return (Option[]) processed.toArray(optionsArray);
     }
-}
+}
\ No newline at end of file



Checkout Path: defects4j_work/Cli_2_b
Test Name: org.apache.commons.cli.bug.BugCLI51Test::test
Error Message: org.apache.commons.cli.UnrecognizedOptionException: Unrecognized option: -o
	at org.apache.commons.cli.Parser.processOption(Parser.java:368)
	at org.apache.commons.cli.Parser.parse(Parser.java:185)
	at org.apache.commons.cli.Parser.parse(Parser.java:70)
	at org.apache.commons.cli.bug.BugCLI51Test.test(BugCLI51Test.java:40)
	at java.base/jdk.internal.reflect.NativeMethodAccessorImpl.invoke0(Native Method)
	at java.base/jdk.internal.reflect.NativeMethodAccessorImpl.invoke(NativeMethodAccessorImpl.java:62)
	at java.base/jdk.internal.reflect.DelegatingMethodAccessorImpl.invoke(DelegatingMethodAccessorImpl.java:43)
	at java.base/java.lang.reflect.Method.invoke(Method.java:566)
	at junit.framework.TestCase.runTest(TestCase.java:176)
	at junit.framework.TestCase.runBare(TestCase.java:141)
	at junit.framework.TestResult$1.protect(TestResult.java:122)
	at junit.framework.TestResult.runProtected(TestResult.java:142)
	at junit.framework.TestResult.run(TestResult.java:125)
	at junit.framework.TestCase.run(TestCase.java:129)
	at org.apache.tools.ant.taskdefs.optional.junit.JUnitTestRunner.run(JUnitTestRunner.java:520)
	at org.apache.tools.ant.taskdefs.optional.junit.JUnitTask.executeInVM(JUnitTask.java:1492)
	at org.apache.tools.ant.taskdefs.optional.junit.JUnitTask.executeTests(JUnitTask.java:878)
	at org.apache.tools.ant.taskdefs.optional.junit.JUnitTask.executeOrQueue(JUnitTask.java:1980)
	at org.apache.tools.ant.taskdefs.optional.junit.JUnitTask.executeTests(JUnitTask.java:830)
	at org.apache.tools.ant.taskdefs.optional.junit.JUnitTask.execute(JUnitTask.java:2287)
	at org.apache.tools.ant.UnknownElement.execute(UnknownElement.java:291)
	at jdk.internal.reflect.GeneratedMethodAccessor4.invoke(Unknown Source)
	at java.base/jdk.internal.reflect.DelegatingMethodAccessorImpl.invoke(DelegatingMethodAccessorImpl.java:43)
	at java.base/java.lang.reflect.Method.invoke(Method.java:566)
	at org.apache.tools.ant.dispatch.DispatchUtils.execute(DispatchUtils.java:106)
	at org.apache.tools.ant.Task.perform(Task.java:348)
	at org.apache.tools.ant.Target.execute(Target.java:392)
	at org.apache.tools.ant.Target.performTasks(Target.java:413)
	at org.apache.tools.ant.Project.executeSortedTargets(Project.java:1399)
	at org.apache.tools.ant.Project.executeTarget(Project.java:1368)
	at org.apache.tools.ant.helper.DefaultExecutor.executeTargets(DefaultExecutor.java:41)
	at org.apache.tools.ant.Project.executeTargets(Project.java:1251)
	at org.apache.tools.ant.Main.runBuild(Main.java:811)
	at org.apache.tools.ant.Main.startAnt(Main.java:217)
	at org.apache.tools.ant.launch.Launcher.run(Launcher.java:280)
	at org.apache.tools.ant.launch.Launcher.main(Launcher.java:109)
report for Cli-2:
https://issues.apache.org/jira/browse/CLI-51
patch for Cli-2:
--- defects4j_work/Cli_2_b/src/java/org/apache/commons/cli/PosixParser.java	2025-10-13 19:42:28.594015489 +0600
+++ defects4j_work/Cli_2_f/src/java/org/apache/commons/cli/PosixParser.java	2025-10-13 19:42:33.030273562 +0600
@@ -302,8 +302,9 @@
             }
             else
             {
-                tokens.add("-" + ch);
+                tokens.add(token);
+                break;
             }
         }
     }
-}
+}
\ No newline at end of file



Checkout Path: defects4j_work/Cli_3_b
Test Name: org.apache.commons.cli.PatternOptionBuilderTest::testSimplePattern
Error Message: junit.framework.AssertionFailedError: number flag n expected:<4.5> but was:<4.5>
	at junit.framework.Assert.fail(Assert.java:57)
	at junit.framework.Assert.failNotEquals(Assert.java:329)
	at junit.framework.Assert.assertEquals(Assert.java:78)
	at junit.framework.TestCase.assertEquals(TestCase.java:244)
	at org.apache.commons.cli.PatternOptionBuilderTest.testSimplePattern(PatternOptionBuilderTest.java:70)
	at java.base/jdk.internal.reflect.NativeMethodAccessorImpl.invoke0(Native Method)
	at java.base/jdk.internal.reflect.NativeMethodAccessorImpl.invoke(NativeMethodAccessorImpl.java:62)
	at java.base/jdk.internal.reflect.DelegatingMethodAccessorImpl.invoke(DelegatingMethodAccessorImpl.java:43)
	at java.base/java.lang.reflect.Method.invoke(Method.java:566)
	at junit.framework.TestCase.runTest(TestCase.java:176)
	at junit.framework.TestCase.runBare(TestCase.java:141)
	at junit.framework.TestResult$1.protect(TestResult.java:122)
	at junit.framework.TestResult.runProtected(TestResult.java:142)
	at junit.framework.TestResult.run(TestResult.java:125)
	at junit.framework.TestCase.run(TestCase.java:129)
	at org.apache.tools.ant.taskdefs.optional.junit.JUnitTestRunner.run(JUnitTestRunner.java:520)
	at org.apache.tools.ant.taskdefs.optional.junit.JUnitTask.executeInVM(JUnitTask.java:1492)
	at org.apache.tools.ant.taskdefs.optional.junit.JUnitTask.executeTests(JUnitTask.java:878)
	at org.apache.tools.ant.taskdefs.optional.junit.JUnitTask.executeOrQueue(JUnitTask.java:1980)
	at org.apache.tools.ant.taskdefs.optional.junit.JUnitTask.executeTests(JUnitTask.java:830)
	at org.apache.tools.ant.taskdefs.optional.junit.JUnitTask.execute(JUnitTask.java:2287)
	at org.apache.tools.ant.UnknownElement.execute(UnknownElement.java:291)
	at jdk.internal.reflect.GeneratedMethodAccessor4.invoke(Unknown Source)
	at java.base/jdk.internal.reflect.DelegatingMethodAccessorImpl.invoke(DelegatingMethodAccessorImpl.java:43)
	at java.base/java.lang.reflect.Method.invoke(Method.java:566)
	at org.apache.tools.ant.dispatch.DispatchUtils.execute(DispatchUtils.java:106)
	at org.apache.tools.ant.Task.perform(Task.java:348)
	at org.apache.tools.ant.Target.execute(Target.java:392)
	at org.apache.tools.ant.Target.performTasks(Target.java:413)
	at org.apache.tools.ant.Project.executeSortedTargets(Project.java:1399)
	at org.apache.tools.ant.Project.executeTarget(Project.java:1368)
	at org.apache.tools.ant.helper.DefaultExecutor.executeTargets(DefaultExecutor.java:41)
	at org.apache.tools.ant.Project.executeTargets(Project.java:1251)
	at org.apache.tools.ant.Main.runBuild(Main.java:811)
	at org.apache.tools.ant.Main.startAnt(Main.java:217)
	at org.apache.tools.ant.launch.Launcher.run(Launcher.java:280)
	at org.apache.tools.ant.launch.Launcher.main(Launcher.java:109)
report for Cli-3:
https://issues.apache.org/jira/browse/CLI-1
patch for Cli-3:
--- defects4j_work/Cli_3_b/src/java/org/apache/commons/cli/TypeHandler.java	2025-10-13 19:42:37.238512804 +0600
+++ defects4j_work/Cli_3_f/src/java/org/apache/commons/cli/TypeHandler.java	2025-10-13 19:42:42.206770043 +0600
@@ -158,7 +158,17 @@
     {
         try
         {
-            return org.apache.commons.lang.math.NumberUtils.createNumber(str);
+            if( str != null )
+            {
+                if( str.indexOf('.') != -1 )
+                {
+                    return Double.valueOf(str);
+                }
+                else
+                {
+                    return Long.valueOf(str);
+                }
+            }
         }
         catch (NumberFormatException nfe)
         {



Checkout Path: defects4j_work/Cli_4_b
Test Name: org.apache.commons.cli.OptionsTest::testMissingOptionsException
Error Message: junit.framework.ComparisonFailure: expected:<[Missing required options: ]fx> but was:<[]fx>
	at junit.framework.Assert.assertEquals(Assert.java:100)
	at junit.framework.Assert.assertEquals(Assert.java:107)
	at junit.framework.TestCase.assertEquals(TestCase.java:269)
	at org.apache.commons.cli.OptionsTest.testMissingOptionsException(OptionsTest.java:116)
	at java.base/jdk.internal.reflect.NativeMethodAccessorImpl.invoke0(Native Method)
	at java.base/jdk.internal.reflect.NativeMethodAccessorImpl.invoke(NativeMethodAccessorImpl.java:62)
	at java.base/jdk.internal.reflect.DelegatingMethodAccessorImpl.invoke(DelegatingMethodAccessorImpl.java:43)
	at java.base/java.lang.reflect.Method.invoke(Method.java:566)
	at junit.framework.TestCase.runTest(TestCase.java:176)
	at junit.framework.TestCase.runBare(TestCase.java:141)
	at junit.framework.TestResult$1.protect(TestResult.java:122)
	at junit.framework.TestResult.runProtected(TestResult.java:142)
	at junit.framework.TestResult.run(TestResult.java:125)
	at junit.framework.TestCase.run(TestCase.java:129)
	at org.apache.tools.ant.taskdefs.optional.junit.JUnitTestRunner.run(JUnitTestRunner.java:520)
	at org.apache.tools.ant.taskdefs.optional.junit.JUnitTask.executeInVM(JUnitTask.java:1492)
	at org.apache.tools.ant.taskdefs.optional.junit.JUnitTask.executeTests(JUnitTask.java:878)
	at org.apache.tools.ant.taskdefs.optional.junit.JUnitTask.executeOrQueue(JUnitTask.java:1980)
	at org.apache.tools.ant.taskdefs.optional.junit.JUnitTask.executeTests(JUnitTask.java:830)
	at org.apache.tools.ant.taskdefs.optional.junit.JUnitTask.execute(JUnitTask.java:2287)
	at org.apache.tools.ant.UnknownElement.execute(UnknownElement.java:291)
	at jdk.internal.reflect.GeneratedMethodAccessor4.invoke(Unknown Source)
	at java.base/jdk.internal.reflect.DelegatingMethodAccessorImpl.invoke(DelegatingMethodAccessorImpl.java:43)
	at java.base/java.lang.reflect.Method.invoke(Method.java:566)
	at org.apache.tools.ant.dispatch.DispatchUtils.execute(DispatchUtils.java:106)
	at org.apache.tools.ant.Task.perform(Task.java:348)
	at org.apache.tools.ant.Target.execute(Target.java:392)
	at org.apache.tools.ant.Target.performTasks(Target.java:413)
	at org.apache.tools.ant.Project.executeSortedTargets(Project.java:1399)
	at org.apache.tools.ant.Project.executeTarget(Project.java:1368)
	at org.apache.tools.ant.helper.DefaultExecutor.executeTargets(DefaultExecutor.java:41)
	at org.apache.tools.ant.Project.executeTargets(Project.java:1251)
	at org.apache.tools.ant.Main.runBuild(Main.java:811)
	at org.apache.tools.ant.Main.startAnt(Main.java:217)
	at org.apache.tools.ant.launch.Launcher.run(Launcher.java:280)
	at org.apache.tools.ant.launch.Launcher.main(Launcher.java:109)
Checkout Path: defects4j_work/Cli_4_b
Test Name: org.apache.commons.cli.OptionsTest::testMissingOptionException
Error Message: junit.framework.ComparisonFailure: expected:<[Missing required option: ]f> but was:<[]f>
	at junit.framework.Assert.assertEquals(Assert.java:100)
	at junit.framework.Assert.assertEquals(Assert.java:107)
	at junit.framework.TestCase.assertEquals(TestCase.java:269)
	at org.apache.commons.cli.OptionsTest.testMissingOptionException(OptionsTest.java:104)
	at java.base/jdk.internal.reflect.NativeMethodAccessorImpl.invoke0(Native Method)
	at java.base/jdk.internal.reflect.NativeMethodAccessorImpl.invoke(NativeMethodAccessorImpl.java:62)
	at java.base/jdk.internal.reflect.DelegatingMethodAccessorImpl.invoke(DelegatingMethodAccessorImpl.java:43)
	at java.base/java.lang.reflect.Method.invoke(Method.java:566)
	at junit.framework.TestCase.runTest(TestCase.java:176)
	at junit.framework.TestCase.runBare(TestCase.java:141)
	at junit.framework.TestResult$1.protect(TestResult.java:122)
	at junit.framework.TestResult.runProtected(TestResult.java:142)
	at junit.framework.TestResult.run(TestResult.java:125)
	at junit.framework.TestCase.run(TestCase.java:129)
	at org.apache.tools.ant.taskdefs.optional.junit.JUnitTestRunner.run(JUnitTestRunner.java:520)
	at org.apache.tools.ant.taskdefs.optional.junit.JUnitTask.executeInVM(JUnitTask.java:1492)
	at org.apache.tools.ant.taskdefs.optional.junit.JUnitTask.executeTests(JUnitTask.java:878)
	at org.apache.tools.ant.taskdefs.optional.junit.JUnitTask.executeOrQueue(JUnitTask.java:1980)
	at org.apache.tools.ant.taskdefs.optional.junit.JUnitTask.executeTests(JUnitTask.java:830)
	at org.apache.tools.ant.taskdefs.optional.junit.JUnitTask.execute(JUnitTask.java:2287)
	at org.apache.tools.ant.UnknownElement.execute(UnknownElement.java:291)
	at jdk.internal.reflect.GeneratedMethodAccessor4.invoke(Unknown Source)
	at java.base/jdk.internal.reflect.DelegatingMethodAccessorImpl.invoke(DelegatingMethodAccessorImpl.java:43)
	at java.base/java.lang.reflect.Method.invoke(Method.java:566)
	at org.apache.tools.ant.dispatch.DispatchUtils.execute(DispatchUtils.java:106)
	at org.apache.tools.ant.Task.perform(Task.java:348)
	at org.apache.tools.ant.Target.execute(Target.java:392)
	at org.apache.tools.ant.Target.performTasks(Target.java:413)
	at org.apache.tools.ant.Project.executeSortedTargets(Project.java:1399)
	at org.apache.tools.ant.Project.executeTarget(Project.java:1368)
	at org.apache.tools.ant.helper.DefaultExecutor.executeTargets(DefaultExecutor.java:41)
	at org.apache.tools.ant.Project.executeTargets(Project.java:1251)
	at org.apache.tools.ant.Main.runBuild(Main.java:811)
	at org.apache.tools.ant.Main.startAnt(Main.java:217)
	at org.apache.tools.ant.launch.Launcher.run(Launcher.java:280)
	at org.apache.tools.ant.launch.Launcher.main(Launcher.java:109)
report for Cli-4:
https://issues.apache.org/jira/browse/CLI-1
patch for Cli-4:
--- defects4j_work/Cli_4_b/src/java/org/apache/commons/cli/Parser.java	2025-10-13 19:42:46.270964094 +0600
+++ defects4j_work/Cli_4_f/src/java/org/apache/commons/cli/Parser.java	2025-10-13 19:42:51.680945768 +0600
@@ -295,7 +295,9 @@
         if (requiredOptions.size() > 0)
         {
             Iterator iter = requiredOptions.iterator();
-            StringBuffer buff = new StringBuffer();
+            StringBuffer buff = new StringBuffer("Missing required option");
+            buff.append(requiredOptions.size() == 1 ? "" : "s");
+            buff.append(": ");
 
 
             // loop through the required options



Checkout Path: defects4j_work/Cli_5_b
Test Name: org.apache.commons.cli.UtilTest::testStripLeadingHyphens
Error Message: java.lang.NullPointerException
	at org.apache.commons.cli.Util.stripLeadingHyphens(Util.java:36)
	at org.apache.commons.cli.UtilTest.testStripLeadingHyphens(UtilTest.java:28)
	at java.base/jdk.internal.reflect.NativeMethodAccessorImpl.invoke0(Native Method)
	at java.base/jdk.internal.reflect.NativeMethodAccessorImpl.invoke(NativeMethodAccessorImpl.java:62)
	at java.base/jdk.internal.reflect.DelegatingMethodAccessorImpl.invoke(DelegatingMethodAccessorImpl.java:43)
	at java.base/java.lang.reflect.Method.invoke(Method.java:566)
	at junit.framework.TestCase.runTest(TestCase.java:176)
	at junit.framework.TestCase.runBare(TestCase.java:141)
	at junit.framework.TestResult$1.protect(TestResult.java:122)
	at junit.framework.TestResult.runProtected(TestResult.java:142)
	at junit.framework.TestResult.run(TestResult.java:125)
	at junit.framework.TestCase.run(TestCase.java:129)
	at org.apache.tools.ant.taskdefs.optional.junit.JUnitTestRunner.run(JUnitTestRunner.java:520)
	at org.apache.tools.ant.taskdefs.optional.junit.JUnitTask.executeInVM(JUnitTask.java:1492)
	at org.apache.tools.ant.taskdefs.optional.junit.JUnitTask.executeTests(JUnitTask.java:878)
	at org.apache.tools.ant.taskdefs.optional.junit.JUnitTask.executeOrQueue(JUnitTask.java:1980)
	at org.apache.tools.ant.taskdefs.optional.junit.JUnitTask.executeTests(JUnitTask.java:830)
	at org.apache.tools.ant.taskdefs.optional.junit.JUnitTask.execute(JUnitTask.java:2287)
	at org.apache.tools.ant.UnknownElement.execute(UnknownElement.java:291)
	at jdk.internal.reflect.GeneratedMethodAccessor4.invoke(Unknown Source)
	at java.base/jdk.internal.reflect.DelegatingMethodAccessorImpl.invoke(DelegatingMethodAccessorImpl.java:43)
	at java.base/java.lang.reflect.Method.invoke(Method.java:566)
	at org.apache.tools.ant.dispatch.DispatchUtils.execute(DispatchUtils.java:106)
	at org.apache.tools.ant.Task.perform(Task.java:348)
	at org.apache.tools.ant.Target.execute(Target.java:392)
	at org.apache.tools.ant.Target.performTasks(Target.java:413)
	at org.apache.tools.ant.Project.executeSortedTargets(Project.java:1399)
	at org.apache.tools.ant.Project.executeTarget(Project.java:1368)
	at org.apache.tools.ant.helper.DefaultExecutor.executeTargets(DefaultExecutor.java:41)
	at org.apache.tools.ant.Project.executeTargets(Project.java:1251)
	at org.apache.tools.ant.Main.runBuild(Main.java:811)
	at org.apache.tools.ant.Main.startAnt(Main.java:217)
	at org.apache.tools.ant.launch.Launcher.run(Launcher.java:280)
	at org.apache.tools.ant.launch.Launcher.main(Launcher.java:109)
Checkout Path: defects4j_work/Cli_5_b
Test Name: org.apache.commons.cli.bug.BugCLI133Test::testOrder
Error Message: java.lang.NullPointerException
	at org.apache.commons.cli.Util.stripLeadingHyphens(Util.java:36)
	at org.apache.commons.cli.CommandLine.resolveOption(CommandLine.java:166)
	at org.apache.commons.cli.CommandLine.hasOption(CommandLine.java:68)
	at org.apache.commons.cli.bug.BugCLI133Test.testOrder(BugCLI133Test.java:32)
	at java.base/jdk.internal.reflect.NativeMethodAccessorImpl.invoke0(Native Method)
	at java.base/jdk.internal.reflect.NativeMethodAccessorImpl.invoke(NativeMethodAccessorImpl.java:62)
	at java.base/jdk.internal.reflect.DelegatingMethodAccessorImpl.invoke(DelegatingMethodAccessorImpl.java:43)
	at java.base/java.lang.reflect.Method.invoke(Method.java:566)
	at junit.framework.TestCase.runTest(TestCase.java:176)
	at junit.framework.TestCase.runBare(TestCase.java:141)
	at junit.framework.TestResult$1.protect(TestResult.java:122)
	at junit.framework.TestResult.runProtected(TestResult.java:142)
	at junit.framework.TestResult.run(TestResult.java:125)
	at junit.framework.TestCase.run(TestCase.java:129)
	at org.apache.tools.ant.taskdefs.optional.junit.JUnitTestRunner.run(JUnitTestRunner.java:520)
	at org.apache.tools.ant.taskdefs.optional.junit.JUnitTask.executeInVM(JUnitTask.java:1492)
	at org.apache.tools.ant.taskdefs.optional.junit.JUnitTask.executeTests(JUnitTask.java:878)
	at org.apache.tools.ant.taskdefs.optional.junit.JUnitTask.executeOrQueue(JUnitTask.java:1980)
	at org.apache.tools.ant.taskdefs.optional.junit.JUnitTask.executeTests(JUnitTask.java:830)
	at org.apache.tools.ant.taskdefs.optional.junit.JUnitTask.execute(JUnitTask.java:2287)
	at org.apache.tools.ant.UnknownElement.execute(UnknownElement.java:291)
	at jdk.internal.reflect.GeneratedMethodAccessor4.invoke(Unknown Source)
	at java.base/jdk.internal.reflect.DelegatingMethodAccessorImpl.invoke(DelegatingMethodAccessorImpl.java:43)
	at java.base/java.lang.reflect.Method.invoke(Method.java:566)
	at org.apache.tools.ant.dispatch.DispatchUtils.execute(DispatchUtils.java:106)
	at org.apache.tools.ant.Task.perform(Task.java:348)
	at org.apache.tools.ant.Target.execute(Target.java:392)
	at org.apache.tools.ant.Target.performTasks(Target.java:413)
	at org.apache.tools.ant.Project.executeSortedTargets(Project.java:1399)
	at org.apache.tools.ant.Project.executeTarget(Project.java:1368)
	at org.apache.tools.ant.helper.DefaultExecutor.executeTargets(DefaultExecutor.java:41)
	at org.apache.tools.ant.Project.executeTargets(Project.java:1251)
	at org.apache.tools.ant.Main.runBuild(Main.java:811)
	at org.apache.tools.ant.Main.startAnt(Main.java:217)
	at org.apache.tools.ant.launch.Launcher.run(Launcher.java:280)
	at org.apache.tools.ant.launch.Launcher.main(Launcher.java:109)
report for Cli-5:
https://issues.apache.org/jira/browse/CLI-133
patch for Cli-5:
--- defects4j_work/Cli_5_b/src/java/org/apache/commons/cli/Util.java	2025-10-13 19:42:55.577123848 +0600
+++ defects4j_work/Cli_5_f/src/java/org/apache/commons/cli/Util.java	2025-10-13 19:43:00.881370058 +0600
@@ -33,6 +33,9 @@
      */
     static String stripLeadingHyphens(String str)
     {
+        if (str == null) {
+            return null;
+        }
         if (str.startsWith("--"))
         {
             return str.substring(2, str.length());



Checkout Path: defects4j_work/Cli_7_b
Test Name: org.apache.commons.cli2.bug.Bug27575Test::testRequiredOptions
Error Message: junit.framework.ComparisonFailure: expected:<[[-h]]> but was:<[-c <arg>]>
	at junit.framework.Assert.assertEquals(Assert.java:100)
	at junit.framework.Assert.assertEquals(Assert.java:107)
	at junit.framework.TestCase.assertEquals(TestCase.java:269)
	at org.apache.commons.cli2.bug.Bug27575Test.testRequiredOptions(Bug27575Test.java:37)
	at java.base/jdk.internal.reflect.NativeMethodAccessorImpl.invoke0(Native Method)
	at java.base/jdk.internal.reflect.NativeMethodAccessorImpl.invoke(NativeMethodAccessorImpl.java:62)
	at java.base/jdk.internal.reflect.DelegatingMethodAccessorImpl.invoke(DelegatingMethodAccessorImpl.java:43)
	at java.base/java.lang.reflect.Method.invoke(Method.java:566)
	at junit.framework.TestCase.runTest(TestCase.java:176)
	at junit.framework.TestCase.runBare(TestCase.java:141)
	at junit.framework.TestResult$1.protect(TestResult.java:122)
	at junit.framework.TestResult.runProtected(TestResult.java:142)
	at junit.framework.TestResult.run(TestResult.java:125)
	at junit.framework.TestCase.run(TestCase.java:129)
	at org.apache.tools.ant.taskdefs.optional.junit.JUnitTestRunner.run(JUnitTestRunner.java:520)
	at org.apache.tools.ant.taskdefs.optional.junit.JUnitTask.executeInVM(JUnitTask.java:1492)
	at org.apache.tools.ant.taskdefs.optional.junit.JUnitTask.executeTests(JUnitTask.java:878)
	at org.apache.tools.ant.taskdefs.optional.junit.JUnitTask.executeOrQueue(JUnitTask.java:1980)
	at org.apache.tools.ant.taskdefs.optional.junit.JUnitTask.executeTests(JUnitTask.java:830)
	at org.apache.tools.ant.taskdefs.optional.junit.JUnitTask.execute(JUnitTask.java:2287)
	at org.apache.tools.ant.UnknownElement.execute(UnknownElement.java:291)
	at jdk.internal.reflect.GeneratedMethodAccessor4.invoke(Unknown Source)
	at java.base/jdk.internal.reflect.DelegatingMethodAccessorImpl.invoke(DelegatingMethodAccessorImpl.java:43)
	at java.base/java.lang.reflect.Method.invoke(Method.java:566)
	at org.apache.tools.ant.dispatch.DispatchUtils.execute(DispatchUtils.java:106)
	at org.apache.tools.ant.Task.perform(Task.java:348)
	at org.apache.tools.ant.Target.execute(Target.java:392)
	at org.apache.tools.ant.Target.performTasks(Target.java:413)
	at org.apache.tools.ant.Project.executeSortedTargets(Project.java:1399)
	at org.apache.tools.ant.Project.executeTarget(Project.java:1368)
	at org.apache.tools.ant.helper.DefaultExecutor.executeTargets(DefaultExecutor.java:41)
	at org.apache.tools.ant.Project.executeTargets(Project.java:1251)
	at org.apache.tools.ant.Main.runBuild(Main.java:811)
	at org.apache.tools.ant.Main.startAnt(Main.java:217)
	at org.apache.tools.ant.launch.Launcher.run(Launcher.java:280)
	at org.apache.tools.ant.launch.Launcher.main(Launcher.java:109)
report for Cli-7:
https://issues.apache.org/jira/browse/CLI-121
patch for Cli-7:
--- defects4j_work/Cli_7_b/src/java/org/apache/commons/cli2/builder/PatternBuilder.java	2025-10-13 19:43:04.021519873 +0600
+++ defects4j_work/Cli_7_f/src/java/org/apache/commons/cli2/builder/PatternBuilder.java	2025-10-13 19:43:07.961707863 +0600
@@ -16,8 +16,8 @@
  */
 package org.apache.commons.cli2.builder;
 
-import java.util.HashSet;
 import java.util.Iterator;
+import java.util.LinkedHashSet;
 import java.util.Set;
 
 import org.apache.commons.cli2.Argument;
@@ -64,7 +64,7 @@
         this.abuilder = abuilder;
     }
 
-    private final Set options = new HashSet();
+    private final Set options = new LinkedHashSet();
 
     /**
      * Creates a new Option instance.



Checkout Path: defects4j_work/Cli_8_b
Test Name: org.apache.commons.cli.HelpFormatterTest::testPrintWrapped
Error Message: junit.framework.ComparisonFailure: single line padded text 2 expected:<...TE[-DATE] where DATE[
                       ] has form YYYY[MM[DD...> but was:<...TE[-DATE] where DATE[] has form YYYY[MM[DD...>
	at junit.framework.Assert.assertEquals(Assert.java:100)
	at junit.framework.TestCase.assertEquals(TestCase.java:261)
	at org.apache.commons.cli.HelpFormatterTest.testPrintWrapped(HelpFormatterTest.java:96)
	at java.base/jdk.internal.reflect.NativeMethodAccessorImpl.invoke0(Native Method)
	at java.base/jdk.internal.reflect.NativeMethodAccessorImpl.invoke(NativeMethodAccessorImpl.java:62)
	at java.base/jdk.internal.reflect.DelegatingMethodAccessorImpl.invoke(DelegatingMethodAccessorImpl.java:43)
	at java.base/java.lang.reflect.Method.invoke(Method.java:566)
	at junit.framework.TestCase.runTest(TestCase.java:176)
	at junit.framework.TestCase.runBare(TestCase.java:141)
	at junit.framework.TestResult$1.protect(TestResult.java:122)
	at junit.framework.TestResult.runProtected(TestResult.java:142)
	at junit.framework.TestResult.run(TestResult.java:125)
	at junit.framework.TestCase.run(TestCase.java:129)
	at org.apache.tools.ant.taskdefs.optional.junit.JUnitTestRunner.run(JUnitTestRunner.java:520)
	at org.apache.tools.ant.taskdefs.optional.junit.JUnitTask.executeInVM(JUnitTask.java:1492)
	at org.apache.tools.ant.taskdefs.optional.junit.JUnitTask.executeTests(JUnitTask.java:878)
	at org.apache.tools.ant.taskdefs.optional.junit.JUnitTask.executeOrQueue(JUnitTask.java:1980)
	at org.apache.tools.ant.taskdefs.optional.junit.JUnitTask.executeTests(JUnitTask.java:830)
	at org.apache.tools.ant.taskdefs.optional.junit.JUnitTask.execute(JUnitTask.java:2287)
	at org.apache.tools.ant.UnknownElement.execute(UnknownElement.java:291)
	at jdk.internal.reflect.GeneratedMethodAccessor4.invoke(Unknown Source)
	at java.base/jdk.internal.reflect.DelegatingMethodAccessorImpl.invoke(DelegatingMethodAccessorImpl.java:43)
	at java.base/java.lang.reflect.Method.invoke(Method.java:566)
	at org.apache.tools.ant.dispatch.DispatchUtils.execute(DispatchUtils.java:106)
	at org.apache.tools.ant.Task.perform(Task.java:348)
	at org.apache.tools.ant.Target.execute(Target.java:392)
	at org.apache.tools.ant.Target.performTasks(Target.java:413)
	at org.apache.tools.ant.Project.executeSortedTargets(Project.java:1399)
	at org.apache.tools.ant.Project.executeTarget(Project.java:1368)
	at org.apache.tools.ant.helper.DefaultExecutor.executeTargets(DefaultExecutor.java:41)
	at org.apache.tools.ant.Project.executeTargets(Project.java:1251)
	at org.apache.tools.ant.Main.runBuild(Main.java:811)
	at org.apache.tools.ant.Main.startAnt(Main.java:217)
	at org.apache.tools.ant.launch.Launcher.run(Launcher.java:280)
	at org.apache.tools.ant.launch.Launcher.main(Launcher.java:109)
report for Cli-8:
https://issues.apache.org/jira/browse/CLI-151
patch for Cli-8:
--- defects4j_work/Cli_8_b/src/java/org/apache/commons/cli/HelpFormatter.java	2025-10-13 19:43:10.837845764 +0600
+++ defects4j_work/Cli_8_f/src/java/org/apache/commons/cli/HelpFormatter.java	2025-10-13 19:43:14.186006453 +0600
@@ -809,7 +809,7 @@
         while (true)
         {
             text = padding + text.substring(pos).trim();
-            pos = findWrapPos(text, width, nextLineTabStop);
+            pos = findWrapPos(text, width, 0);
 
             if (pos == -1)
             {



Checkout Path: defects4j_work/Cli_9_b
Test Name: org.apache.commons.cli.OptionsTest::testMissingOptionsException
Error Message: junit.framework.ComparisonFailure: expected:<... required options: f[, ]x> but was:<... required options: f[]x>
	at junit.framework.Assert.assertEquals(Assert.java:100)
	at junit.framework.Assert.assertEquals(Assert.java:107)
	at junit.framework.TestCase.assertEquals(TestCase.java:269)
	at org.apache.commons.cli.OptionsTest.testMissingOptionsException(OptionsTest.java:116)
	at java.base/jdk.internal.reflect.NativeMethodAccessorImpl.invoke0(Native Method)
	at java.base/jdk.internal.reflect.NativeMethodAccessorImpl.invoke(NativeMethodAccessorImpl.java:62)
	at java.base/jdk.internal.reflect.DelegatingMethodAccessorImpl.invoke(DelegatingMethodAccessorImpl.java:43)
	at java.base/java.lang.reflect.Method.invoke(Method.java:566)
	at junit.framework.TestCase.runTest(TestCase.java:176)
	at junit.framework.TestCase.runBare(TestCase.java:141)
	at junit.framework.TestResult$1.protect(TestResult.java:122)
	at junit.framework.TestResult.runProtected(TestResult.java:142)
	at junit.framework.TestResult.run(TestResult.java:125)
	at junit.framework.TestCase.run(TestCase.java:129)
	at org.apache.tools.ant.taskdefs.optional.junit.JUnitTestRunner.run(JUnitTestRunner.java:520)
	at org.apache.tools.ant.taskdefs.optional.junit.JUnitTask.executeInVM(JUnitTask.java:1492)
	at org.apache.tools.ant.taskdefs.optional.junit.JUnitTask.executeTests(JUnitTask.java:878)
	at org.apache.tools.ant.taskdefs.optional.junit.JUnitTask.executeOrQueue(JUnitTask.java:1980)
	at org.apache.tools.ant.taskdefs.optional.junit.JUnitTask.executeTests(JUnitTask.java:830)
	at org.apache.tools.ant.taskdefs.optional.junit.JUnitTask.execute(JUnitTask.java:2287)
	at org.apache.tools.ant.UnknownElement.execute(UnknownElement.java:291)
	at jdk.internal.reflect.GeneratedMethodAccessor4.invoke(Unknown Source)
	at java.base/jdk.internal.reflect.DelegatingMethodAccessorImpl.invoke(DelegatingMethodAccessorImpl.java:43)
	at java.base/java.lang.reflect.Method.invoke(Method.java:566)
	at org.apache.tools.ant.dispatch.DispatchUtils.execute(DispatchUtils.java:106)
	at org.apache.tools.ant.Task.perform(Task.java:348)
	at org.apache.tools.ant.Target.execute(Target.java:392)
	at org.apache.tools.ant.Target.performTasks(Target.java:413)
	at org.apache.tools.ant.Project.executeSortedTargets(Project.java:1399)
	at org.apache.tools.ant.Project.executeTarget(Project.java:1368)
	at org.apache.tools.ant.helper.DefaultExecutor.executeTargets(DefaultExecutor.java:41)
	at org.apache.tools.ant.Project.executeTargets(Project.java:1251)
	at org.apache.tools.ant.Main.runBuild(Main.java:811)
	at org.apache.tools.ant.Main.startAnt(Main.java:217)
	at org.apache.tools.ant.launch.Launcher.run(Launcher.java:280)
	at org.apache.tools.ant.launch.Launcher.main(Launcher.java:109)
Checkout Path: defects4j_work/Cli_9_b
Test Name: org.apache.commons.cli.ParseRequiredTest::testMissingRequiredOptions
Error Message: junit.framework.ComparisonFailure: Incorrect exception message expected:<... required options: b[, ]c> but was:<... required options: b[]c>
	at junit.framework.Assert.assertEquals(Assert.java:100)
	at junit.framework.TestCase.assertEquals(TestCase.java:261)
	at org.apache.commons.cli.ParseRequiredTest.testMissingRequiredOptions(ParseRequiredTest.java:135)
	at java.base/jdk.internal.reflect.NativeMethodAccessorImpl.invoke0(Native Method)
	at java.base/jdk.internal.reflect.NativeMethodAccessorImpl.invoke(NativeMethodAccessorImpl.java:62)
	at java.base/jdk.internal.reflect.DelegatingMethodAccessorImpl.invoke(DelegatingMethodAccessorImpl.java:43)
	at java.base/java.lang.reflect.Method.invoke(Method.java:566)
	at junit.framework.TestCase.runTest(TestCase.java:176)
	at junit.framework.TestCase.runBare(TestCase.java:141)
	at junit.framework.TestResult$1.protect(TestResult.java:122)
	at junit.framework.TestResult.runProtected(TestResult.java:142)
	at junit.framework.TestResult.run(TestResult.java:125)
	at junit.framework.TestCase.run(TestCase.java:129)
	at org.apache.tools.ant.taskdefs.optional.junit.JUnitTestRunner.run(JUnitTestRunner.java:520)
	at org.apache.tools.ant.taskdefs.optional.junit.JUnitTask.executeInVM(JUnitTask.java:1492)
	at org.apache.tools.ant.taskdefs.optional.junit.JUnitTask.executeTests(JUnitTask.java:878)
	at org.apache.tools.ant.taskdefs.optional.junit.JUnitTask.executeOrQueue(JUnitTask.java:1980)
	at org.apache.tools.ant.taskdefs.optional.junit.JUnitTask.executeTests(JUnitTask.java:830)
	at org.apache.tools.ant.taskdefs.optional.junit.JUnitTask.execute(JUnitTask.java:2287)
	at org.apache.tools.ant.UnknownElement.execute(UnknownElement.java:291)
	at jdk.internal.reflect.GeneratedMethodAccessor4.invoke(Unknown Source)
	at java.base/jdk.internal.reflect.DelegatingMethodAccessorImpl.invoke(DelegatingMethodAccessorImpl.java:43)
	at java.base/java.lang.reflect.Method.invoke(Method.java:566)
	at org.apache.tools.ant.dispatch.DispatchUtils.execute(DispatchUtils.java:106)
	at org.apache.tools.ant.Task.perform(Task.java:348)
	at org.apache.tools.ant.Target.execute(Target.java:392)
	at org.apache.tools.ant.Target.performTasks(Target.java:413)
	at org.apache.tools.ant.Project.executeSortedTargets(Project.java:1399)
	at org.apache.tools.ant.Project.executeTarget(Project.java:1368)
	at org.apache.tools.ant.helper.DefaultExecutor.executeTargets(DefaultExecutor.java:41)
	at org.apache.tools.ant.Project.executeTargets(Project.java:1251)
	at org.apache.tools.ant.Main.runBuild(Main.java:811)
	at org.apache.tools.ant.Main.startAnt(Main.java:217)
	at org.apache.tools.ant.launch.Launcher.run(Launcher.java:280)
	at org.apache.tools.ant.launch.Launcher.main(Launcher.java:109)
report for Cli-9:
https://issues.apache.org/jira/browse/CLI-149
patch for Cli-9:
--- defects4j_work/Cli_9_b/src/java/org/apache/commons/cli/Parser.java	2025-10-13 19:43:17.162149316 +0600
+++ defects4j_work/Cli_9_f/src/java/org/apache/commons/cli/Parser.java	2025-10-13 19:43:21.831795789 +0600
@@ -317,9 +317,10 @@
             while (iter.hasNext())
             {
                 buff.append(iter.next());
+                buff.append(", ");
             }
 
-            throw new MissingOptionException(buff.toString());
+            throw new MissingOptionException(buff.substring(0, buff.length() - 2));
         }
     }
 



Checkout Path: defects4j_work/Cli_10_b
Test Name: org.apache.commons.cli.ParseRequiredTest::testReuseOptionsTwice
Error Message: junit.framework.AssertionFailedError: MissingOptionException not thrown
	at junit.framework.Assert.fail(Assert.java:57)
	at junit.framework.TestCase.fail(TestCase.java:227)
	at org.apache.commons.cli.ParseRequiredTest.testReuseOptionsTwice(ParseRequiredTest.java:157)
	at java.base/jdk.internal.reflect.NativeMethodAccessorImpl.invoke0(Native Method)
	at java.base/jdk.internal.reflect.NativeMethodAccessorImpl.invoke(NativeMethodAccessorImpl.java:62)
	at java.base/jdk.internal.reflect.DelegatingMethodAccessorImpl.invoke(DelegatingMethodAccessorImpl.java:43)
	at java.base/java.lang.reflect.Method.invoke(Method.java:566)
	at junit.framework.TestCase.runTest(TestCase.java:176)
	at junit.framework.TestCase.runBare(TestCase.java:141)
	at junit.framework.TestResult$1.protect(TestResult.java:122)
	at junit.framework.TestResult.runProtected(TestResult.java:142)
	at junit.framework.TestResult.run(TestResult.java:125)
	at junit.framework.TestCase.run(TestCase.java:129)
	at org.apache.tools.ant.taskdefs.optional.junit.JUnitTestRunner.run(JUnitTestRunner.java:520)
	at org.apache.tools.ant.taskdefs.optional.junit.JUnitTask.executeInVM(JUnitTask.java:1492)
	at org.apache.tools.ant.taskdefs.optional.junit.JUnitTask.executeTests(JUnitTask.java:878)
	at org.apache.tools.ant.taskdefs.optional.junit.JUnitTask.executeOrQueue(JUnitTask.java:1980)
	at org.apache.tools.ant.taskdefs.optional.junit.JUnitTask.executeTests(JUnitTask.java:830)
	at org.apache.tools.ant.taskdefs.optional.junit.JUnitTask.execute(JUnitTask.java:2287)
	at org.apache.tools.ant.UnknownElement.execute(UnknownElement.java:291)
	at jdk.internal.reflect.GeneratedMethodAccessor4.invoke(Unknown Source)
	at java.base/jdk.internal.reflect.DelegatingMethodAccessorImpl.invoke(DelegatingMethodAccessorImpl.java:43)
	at java.base/java.lang.reflect.Method.invoke(Method.java:566)
	at org.apache.tools.ant.dispatch.DispatchUtils.execute(DispatchUtils.java:106)
	at org.apache.tools.ant.Task.perform(Task.java:348)
	at org.apache.tools.ant.Target.execute(Target.java:392)
	at org.apache.tools.ant.Target.performTasks(Target.java:413)
	at org.apache.tools.ant.Project.executeSortedTargets(Project.java:1399)
	at org.apache.tools.ant.Project.executeTarget(Project.java:1368)
	at org.apache.tools.ant.helper.DefaultExecutor.executeTargets(DefaultExecutor.java:41)
	at org.apache.tools.ant.Project.executeTargets(Project.java:1251)
	at org.apache.tools.ant.Main.runBuild(Main.java:811)
	at org.apache.tools.ant.Main.startAnt(Main.java:217)
	at org.apache.tools.ant.launch.Launcher.run(Launcher.java:280)
	at org.apache.tools.ant.launch.Launcher.main(Launcher.java:109)
report for Cli-10:
https://issues.apache.org/jira/browse/CLI-156
patch for Cli-10:
--- defects4j_work/Cli_10_b/src/java/org/apache/commons/cli/Parser.java	2025-10-13 19:43:24.643930840 +0600
+++ defects4j_work/Cli_10_f/src/java/org/apache/commons/cli/Parser.java	2025-10-13 19:43:28.004092344 +0600
@@ -16,6 +16,7 @@
  */
 package org.apache.commons.cli;
 
+import java.util.ArrayList;
 import java.util.Arrays;
 import java.util.Enumeration;
 import java.util.Iterator;
@@ -43,7 +44,7 @@
 
     protected void setOptions(final Options options) {
         this.options = options;
-        this.requiredOptions = options.getRequiredOptions();
+        this.requiredOptions = new ArrayList(options.getRequiredOptions());
     }
 
     protected Options getOptions() {



Checkout Path: defects4j_work/Cli_11_b
Test Name: org.apache.commons.cli.HelpFormatterTest::testPrintOptionWithEmptyArgNameUsage
Error Message: junit.framework.ComparisonFailure: expected:<usage: app -f[]
> but was:<usage: app -f[ <>]
>
	at junit.framework.Assert.assertEquals(Assert.java:100)
	at junit.framework.Assert.assertEquals(Assert.java:107)
	at junit.framework.TestCase.assertEquals(TestCase.java:269)
	at org.apache.commons.cli.HelpFormatterTest.testPrintOptionWithEmptyArgNameUsage(HelpFormatterTest.java:273)
	at java.base/jdk.internal.reflect.NativeMethodAccessorImpl.invoke0(Native Method)
	at java.base/jdk.internal.reflect.NativeMethodAccessorImpl.invoke(NativeMethodAccessorImpl.java:62)
	at java.base/jdk.internal.reflect.DelegatingMethodAccessorImpl.invoke(DelegatingMethodAccessorImpl.java:43)
	at java.base/java.lang.reflect.Method.invoke(Method.java:566)
	at junit.framework.TestCase.runTest(TestCase.java:176)
	at junit.framework.TestCase.runBare(TestCase.java:141)
	at junit.framework.TestResult$1.protect(TestResult.java:122)
	at junit.framework.TestResult.runProtected(TestResult.java:142)
	at junit.framework.TestResult.run(TestResult.java:125)
	at junit.framework.TestCase.run(TestCase.java:129)
	at org.apache.tools.ant.taskdefs.optional.junit.JUnitTestRunner.run(JUnitTestRunner.java:520)
	at org.apache.tools.ant.taskdefs.optional.junit.JUnitTask.executeInVM(JUnitTask.java:1492)
	at org.apache.tools.ant.taskdefs.optional.junit.JUnitTask.executeTests(JUnitTask.java:878)
	at org.apache.tools.ant.taskdefs.optional.junit.JUnitTask.executeOrQueue(JUnitTask.java:1980)
	at org.apache.tools.ant.taskdefs.optional.junit.JUnitTask.executeTests(JUnitTask.java:830)
	at org.apache.tools.ant.taskdefs.optional.junit.JUnitTask.execute(JUnitTask.java:2287)
	at org.apache.tools.ant.UnknownElement.execute(UnknownElement.java:291)
	at jdk.internal.reflect.GeneratedMethodAccessor4.invoke(Unknown Source)
	at java.base/jdk.internal.reflect.DelegatingMethodAccessorImpl.invoke(DelegatingMethodAccessorImpl.java:43)
	at java.base/java.lang.reflect.Method.invoke(Method.java:566)
	at org.apache.tools.ant.dispatch.DispatchUtils.execute(DispatchUtils.java:106)
	at org.apache.tools.ant.Task.perform(Task.java:348)
	at org.apache.tools.ant.Target.execute(Target.java:392)
	at org.apache.tools.ant.Target.performTasks(Target.java:413)
	at org.apache.tools.ant.Project.executeSortedTargets(Project.java:1399)
	at org.apache.tools.ant.Project.executeTarget(Project.java:1368)
	at org.apache.tools.ant.helper.DefaultExecutor.executeTargets(DefaultExecutor.java:41)
	at org.apache.tools.ant.Project.executeTargets(Project.java:1251)
	at org.apache.tools.ant.Main.runBuild(Main.java:811)
	at org.apache.tools.ant.Main.startAnt(Main.java:217)
	at org.apache.tools.ant.launch.Launcher.run(Launcher.java:280)
	at org.apache.tools.ant.launch.Launcher.main(Launcher.java:109)
report for Cli-11:
https://issues.apache.org/jira/browse/CLI-1
patch for Cli-11:
--- defects4j_work/Cli_11_b/src/java/org/apache/commons/cli/HelpFormatter.java	2025-10-13 19:43:30.824227892 +0600
+++ defects4j_work/Cli_11_f/src/java/org/apache/commons/cli/HelpFormatter.java	2025-10-13 19:43:34.184389391 +0600
@@ -629,7 +629,7 @@
         }
 
         // if the Option has a value
-        if (option.hasArg() && (option.getArgName() != null))
+        if (option.hasArg() && option.hasArgName())
         {
             buff.append(" <").append(option.getArgName()).append(">");
         }



Checkout Path: defects4j_work/Cli_12_b
Test Name: org.apache.commons.cli.GnuParserTest::testShortWithEqual
Error Message: junit.framework.ComparisonFailure: expected:<[]bar> but was:<[=]bar>
	at junit.framework.Assert.assertEquals(Assert.java:100)
	at junit.framework.Assert.assertEquals(Assert.java:107)
	at junit.framework.TestCase.assertEquals(TestCase.java:269)
	at org.apache.commons.cli.GnuParserTest.testShortWithEqual(GnuParserTest.java:209)
	at java.base/jdk.internal.reflect.NativeMethodAccessorImpl.invoke0(Native Method)
	at java.base/jdk.internal.reflect.NativeMethodAccessorImpl.invoke(NativeMethodAccessorImpl.java:62)
	at java.base/jdk.internal.reflect.DelegatingMethodAccessorImpl.invoke(DelegatingMethodAccessorImpl.java:43)
	at java.base/java.lang.reflect.Method.invoke(Method.java:566)
	at junit.framework.TestCase.runTest(TestCase.java:176)
	at junit.framework.TestCase.runBare(TestCase.java:141)
	at junit.framework.TestResult$1.protect(TestResult.java:122)
	at junit.framework.TestResult.runProtected(TestResult.java:142)
	at junit.framework.TestResult.run(TestResult.java:125)
	at junit.framework.TestCase.run(TestCase.java:129)
	at org.apache.tools.ant.taskdefs.optional.junit.JUnitTestRunner.run(JUnitTestRunner.java:520)
	at org.apache.tools.ant.taskdefs.optional.junit.JUnitTask.executeInVM(JUnitTask.java:1492)
	at org.apache.tools.ant.taskdefs.optional.junit.JUnitTask.executeTests(JUnitTask.java:878)
	at org.apache.tools.ant.taskdefs.optional.junit.JUnitTask.executeOrQueue(JUnitTask.java:1980)
	at org.apache.tools.ant.taskdefs.optional.junit.JUnitTask.executeTests(JUnitTask.java:830)
	at org.apache.tools.ant.taskdefs.optional.junit.JUnitTask.execute(JUnitTask.java:2287)
	at org.apache.tools.ant.UnknownElement.execute(UnknownElement.java:291)
	at jdk.internal.reflect.GeneratedMethodAccessor4.invoke(Unknown Source)
	at java.base/jdk.internal.reflect.DelegatingMethodAccessorImpl.invoke(DelegatingMethodAccessorImpl.java:43)
	at java.base/java.lang.reflect.Method.invoke(Method.java:566)
	at org.apache.tools.ant.dispatch.DispatchUtils.execute(DispatchUtils.java:106)
	at org.apache.tools.ant.Task.perform(Task.java:348)
	at org.apache.tools.ant.Target.execute(Target.java:392)
	at org.apache.tools.ant.Target.performTasks(Target.java:413)
	at org.apache.tools.ant.Project.executeSortedTargets(Project.java:1399)
	at org.apache.tools.ant.Project.executeTarget(Project.java:1368)
	at org.apache.tools.ant.helper.DefaultExecutor.executeTargets(DefaultExecutor.java:41)
	at org.apache.tools.ant.Project.executeTargets(Project.java:1251)
	at org.apache.tools.ant.Main.runBuild(Main.java:811)
	at org.apache.tools.ant.Main.startAnt(Main.java:217)
	at org.apache.tools.ant.launch.Launcher.run(Launcher.java:280)
	at org.apache.tools.ant.launch.Launcher.main(Launcher.java:109)
Checkout Path: defects4j_work/Cli_12_b
Test Name: org.apache.commons.cli.GnuParserTest::testLongWithEqualSingleDash
Error Message: junit.framework.ComparisonFailure: expected:<[]bar> but was:<[oo=]bar>
	at junit.framework.Assert.assertEquals(Assert.java:100)
	at junit.framework.Assert.assertEquals(Assert.java:107)
	at junit.framework.TestCase.assertEquals(TestCase.java:269)
	at org.apache.commons.cli.GnuParserTest.testLongWithEqualSingleDash(GnuParserTest.java:248)
	at java.base/jdk.internal.reflect.NativeMethodAccessorImpl.invoke0(Native Method)
	at java.base/jdk.internal.reflect.NativeMethodAccessorImpl.invoke(NativeMethodAccessorImpl.java:62)
	at java.base/jdk.internal.reflect.DelegatingMethodAccessorImpl.invoke(DelegatingMethodAccessorImpl.java:43)
	at java.base/java.lang.reflect.Method.invoke(Method.java:566)
	at junit.framework.TestCase.runTest(TestCase.java:176)
	at junit.framework.TestCase.runBare(TestCase.java:141)
	at junit.framework.TestResult$1.protect(TestResult.java:122)
	at junit.framework.TestResult.runProtected(TestResult.java:142)
	at junit.framework.TestResult.run(TestResult.java:125)
	at junit.framework.TestCase.run(TestCase.java:129)
	at org.apache.tools.ant.taskdefs.optional.junit.JUnitTestRunner.run(JUnitTestRunner.java:520)
	at org.apache.tools.ant.taskdefs.optional.junit.JUnitTask.executeInVM(JUnitTask.java:1492)
	at org.apache.tools.ant.taskdefs.optional.junit.JUnitTask.executeTests(JUnitTask.java:878)
	at org.apache.tools.ant.taskdefs.optional.junit.JUnitTask.executeOrQueue(JUnitTask.java:1980)
	at org.apache.tools.ant.taskdefs.optional.junit.JUnitTask.executeTests(JUnitTask.java:830)
	at org.apache.tools.ant.taskdefs.optional.junit.JUnitTask.execute(JUnitTask.java:2287)
	at org.apache.tools.ant.UnknownElement.execute(UnknownElement.java:291)
	at jdk.internal.reflect.GeneratedMethodAccessor4.invoke(Unknown Source)
	at java.base/jdk.internal.reflect.DelegatingMethodAccessorImpl.invoke(DelegatingMethodAccessorImpl.java:43)
	at java.base/java.lang.reflect.Method.invoke(Method.java:566)
	at org.apache.tools.ant.dispatch.DispatchUtils.execute(DispatchUtils.java:106)
	at org.apache.tools.ant.Task.perform(Task.java:348)
	at org.apache.tools.ant.Target.execute(Target.java:392)
	at org.apache.tools.ant.Target.performTasks(Target.java:413)
	at org.apache.tools.ant.Project.executeSortedTargets(Project.java:1399)
	at org.apache.tools.ant.Project.executeTarget(Project.java:1368)
	at org.apache.tools.ant.helper.DefaultExecutor.executeTargets(DefaultExecutor.java:41)
	at org.apache.tools.ant.Project.executeTargets(Project.java:1251)
	at org.apache.tools.ant.Main.runBuild(Main.java:811)
	at org.apache.tools.ant.Main.startAnt(Main.java:217)
	at org.apache.tools.ant.launch.Launcher.run(Launcher.java:280)
	at org.apache.tools.ant.launch.Launcher.main(Launcher.java:109)
Checkout Path: defects4j_work/Cli_12_b
Test Name: org.apache.commons.cli.GnuParserTest::testLongWithEqual
Error Message: org.apache.commons.cli.UnrecognizedOptionException: Unrecognized option: --foo=bar
	at org.apache.commons.cli.Parser.processOption(Parser.java:394)
	at org.apache.commons.cli.Parser.parse(Parser.java:207)
	at org.apache.commons.cli.Parser.parse(Parser.java:86)
	at org.apache.commons.cli.GnuParserTest.testLongWithEqual(GnuParserTest.java:233)
	at java.base/jdk.internal.reflect.NativeMethodAccessorImpl.invoke0(Native Method)
	at java.base/jdk.internal.reflect.NativeMethodAccessorImpl.invoke(NativeMethodAccessorImpl.java:62)
	at java.base/jdk.internal.reflect.DelegatingMethodAccessorImpl.invoke(DelegatingMethodAccessorImpl.java:43)
	at java.base/java.lang.reflect.Method.invoke(Method.java:566)
	at junit.framework.TestCase.runTest(TestCase.java:176)
	at junit.framework.TestCase.runBare(TestCase.java:141)
	at junit.framework.TestResult$1.protect(TestResult.java:122)
	at junit.framework.TestResult.runProtected(TestResult.java:142)
	at junit.framework.TestResult.run(TestResult.java:125)
	at junit.framework.TestCase.run(TestCase.java:129)
	at org.apache.tools.ant.taskdefs.optional.junit.JUnitTestRunner.run(JUnitTestRunner.java:520)
	at org.apache.tools.ant.taskdefs.optional.junit.JUnitTask.executeInVM(JUnitTask.java:1492)
	at org.apache.tools.ant.taskdefs.optional.junit.JUnitTask.executeTests(JUnitTask.java:878)
	at org.apache.tools.ant.taskdefs.optional.junit.JUnitTask.executeOrQueue(JUnitTask.java:1980)
	at org.apache.tools.ant.taskdefs.optional.junit.JUnitTask.executeTests(JUnitTask.java:830)
	at org.apache.tools.ant.taskdefs.optional.junit.JUnitTask.execute(JUnitTask.java:2287)
	at org.apache.tools.ant.UnknownElement.execute(UnknownElement.java:291)
	at jdk.internal.reflect.GeneratedMethodAccessor4.invoke(Unknown Source)
	at java.base/jdk.internal.reflect.DelegatingMethodAccessorImpl.invoke(DelegatingMethodAccessorImpl.java:43)
	at java.base/java.lang.reflect.Method.invoke(Method.java:566)
	at org.apache.tools.ant.dispatch.DispatchUtils.execute(DispatchUtils.java:106)
	at org.apache.tools.ant.Task.perform(Task.java:348)
	at org.apache.tools.ant.Target.execute(Target.java:392)
	at org.apache.tools.ant.Target.performTasks(Target.java:413)
	at org.apache.tools.ant.Project.executeSortedTargets(Project.java:1399)
	at org.apache.tools.ant.Project.executeTarget(Project.java:1368)
	at org.apache.tools.ant.helper.DefaultExecutor.executeTargets(DefaultExecutor.java:41)
	at org.apache.tools.ant.Project.executeTargets(Project.java:1251)
	at org.apache.tools.ant.Main.runBuild(Main.java:811)
	at org.apache.tools.ant.Main.startAnt(Main.java:217)
	at org.apache.tools.ant.launch.Launcher.run(Launcher.java:280)
	at org.apache.tools.ant.launch.Launcher.main(Launcher.java:109)
report for Cli-12:
https://issues.apache.org/jira/browse/CLI-1
patch for Cli-12:
--- defects4j_work/Cli_12_b/src/java/org/apache/commons/cli/GnuParser.java	2025-10-13 19:43:37.996572613 +0600
+++ defects4j_work/Cli_12_f/src/java/org/apache/commons/cli/GnuParser.java	2025-10-13 19:43:44.344875474 +0600
@@ -78,9 +78,14 @@
                 }
                 else
                 {
-                    if (options.hasOption(arg.substring(0, 2)))
+                    if (opt.indexOf('=') != -1 && options.hasOption(opt.substring(0, opt.indexOf('='))))
                     {
                         // the format is --foo=value or -foo=value
+                        tokens.add(arg.substring(0, arg.indexOf('='))); // --foo
+                        tokens.add(arg.substring(arg.indexOf('=') + 1)); // value
+                    }
+                    else if (options.hasOption(arg.substring(0, 2)))
+                    {
                         // the format is a special properties option (-Dproperty=value)
                         tokens.add(arg.substring(0, 2)); // -D
                         tokens.add(arg.substring(2)); // property=value



Checkout Path: defects4j_work/Cli_13_b
Test Name: org.apache.commons.cli2.bug.BugLoopingOptionLookAlikeTest::testLoopingOptionLookAlike2
Error Message: junit.framework.ComparisonFailure: expected:<Unexpected [testfile.txt while processing ]> but was:<Unexpected [value "testfile.txt" found while processing  input]>
	at junit.framework.Assert.assertEquals(Assert.java:100)
	at junit.framework.Assert.assertEquals(Assert.java:107)
	at junit.framework.TestCase.assertEquals(TestCase.java:269)
	at org.apache.commons.cli2.bug.BugLoopingOptionLookAlikeTest.testLoopingOptionLookAlike2(BugLoopingOptionLookAlikeTest.java:76)
	at java.base/jdk.internal.reflect.NativeMethodAccessorImpl.invoke0(Native Method)
	at java.base/jdk.internal.reflect.NativeMethodAccessorImpl.invoke(NativeMethodAccessorImpl.java:62)
	at java.base/jdk.internal.reflect.DelegatingMethodAccessorImpl.invoke(DelegatingMethodAccessorImpl.java:43)
	at java.base/java.lang.reflect.Method.invoke(Method.java:566)
	at junit.framework.TestCase.runTest(TestCase.java:176)
	at junit.framework.TestCase.runBare(TestCase.java:141)
	at junit.framework.TestResult$1.protect(TestResult.java:122)
	at junit.framework.TestResult.runProtected(TestResult.java:142)
	at junit.framework.TestResult.run(TestResult.java:125)
	at junit.framework.TestCase.run(TestCase.java:129)
	at org.apache.tools.ant.taskdefs.optional.junit.JUnitTestRunner.run(JUnitTestRunner.java:520)
	at org.apache.tools.ant.taskdefs.optional.junit.JUnitTask.executeInVM(JUnitTask.java:1492)
	at org.apache.tools.ant.taskdefs.optional.junit.JUnitTask.executeTests(JUnitTask.java:878)
	at org.apache.tools.ant.taskdefs.optional.junit.JUnitTask.executeOrQueue(JUnitTask.java:1980)
	at org.apache.tools.ant.taskdefs.optional.junit.JUnitTask.executeTests(JUnitTask.java:830)
	at org.apache.tools.ant.taskdefs.optional.junit.JUnitTask.execute(JUnitTask.java:2287)
	at org.apache.tools.ant.UnknownElement.execute(UnknownElement.java:291)
	at jdk.internal.reflect.GeneratedMethodAccessor4.invoke(Unknown Source)
	at java.base/jdk.internal.reflect.DelegatingMethodAccessorImpl.invoke(DelegatingMethodAccessorImpl.java:43)
	at java.base/java.lang.reflect.Method.invoke(Method.java:566)
	at org.apache.tools.ant.dispatch.DispatchUtils.execute(DispatchUtils.java:106)
	at org.apache.tools.ant.Task.perform(Task.java:348)
	at org.apache.tools.ant.Target.execute(Target.java:392)
	at org.apache.tools.ant.Target.performTasks(Target.java:413)
	at org.apache.tools.ant.Project.executeSortedTargets(Project.java:1399)
	at org.apache.tools.ant.Project.executeTarget(Project.java:1368)
	at org.apache.tools.ant.helper.DefaultExecutor.executeTargets(DefaultExecutor.java:41)
	at org.apache.tools.ant.Project.executeTargets(Project.java:1251)
	at org.apache.tools.ant.Main.runBuild(Main.java:811)
	at org.apache.tools.ant.Main.startAnt(Main.java:217)
	at org.apache.tools.ant.launch.Launcher.run(Launcher.java:280)
	at org.apache.tools.ant.launch.Launcher.main(Launcher.java:109)
report for Cli-13:
https://issues.apache.org/jira/browse/CLI-61
patch for Cli-13:
--- defects4j_work/Cli_13_b/src/java/org/apache/commons/cli2/WriteableCommandLine.java	2025-10-13 19:43:47.245013174 +0600
+++ defects4j_work/Cli_13_f/src/java/org/apache/commons/cli2/WriteableCommandLine.java	2025-10-13 19:43:51.206687835 +0600
@@ -44,6 +44,7 @@
      * @param option the Option associated with the values
      * @return a list of values or an empty List if none are found
      */
+    List getUndefaultedValues(final Option option);
 
     /**
      * Sets the default values for an Option in the CommandLine

--- defects4j_work/Cli_13_b/src/java/org/apache/commons/cli2/commandline/WriteableCommandLineImpl.java	2025-10-13 19:43:47.245013174 +0600
+++ defects4j_work/Cli_13_f/src/java/org/apache/commons/cli2/commandline/WriteableCommandLineImpl.java	2025-10-13 19:43:51.206687835 +0600
@@ -129,9 +129,17 @@
         return valueList;
     }
 
+    public List getUndefaultedValues(Option option) {
       // First grab the command line values
+      List valueList = (List) values.get(option);
 
       // Finally use an empty list
+      if (valueList == null) {
+        valueList = Collections.EMPTY_LIST;
+      }
+
+      return valueList;
+    }
 
     public Boolean getSwitch(final Option option,
                              final Boolean defaultValue) {

--- defects4j_work/Cli_13_b/src/java/org/apache/commons/cli2/option/ArgumentImpl.java	2025-10-13 19:43:47.213011655 +0600
+++ defects4j_work/Cli_13_f/src/java/org/apache/commons/cli2/option/ArgumentImpl.java	2025-10-13 19:43:51.210687999 +0600
@@ -141,7 +141,7 @@
                               final Option option)
         throws OptionException {
         // count of arguments processed for this option.
-        int argumentCount = 0;
+        int argumentCount = commandLine.getUndefaultedValues(option).size();
 
         while (arguments.hasNext() && (argumentCount < maximum)) {
             final String allValuesQuoted = (String) arguments.next();



Checkout Path: defects4j_work/Cli_14_b
Test Name: org.apache.commons.cli2.bug.BugCLI144Test::testFileValidator
Error Message: java.lang.ClassCastException: class java.io.File cannot be cast to class java.lang.String (java.io.File and java.lang.String are in module java.base of loader 'bootstrap')
	at org.apache.commons.cli2.validation.FileValidator.validate(FileValidator.java:123)
	at org.apache.commons.cli2.option.ArgumentImpl.validate(ArgumentImpl.java:251)
	at org.apache.commons.cli2.option.ParentImpl.validate(ParentImpl.java:124)
	at org.apache.commons.cli2.option.DefaultOption.validate(DefaultOption.java:176)
	at org.apache.commons.cli2.option.GroupImpl.validate(GroupImpl.java:262)
	at org.apache.commons.cli2.commandline.Parser.parse(Parser.java:104)
	at org.apache.commons.cli2.commandline.Parser.parseAndHelp(Parser.java:124)
	at org.apache.commons.cli2.bug.BugCLI144Test.testFileValidator(BugCLI144Test.java:62)
	at java.base/jdk.internal.reflect.NativeMethodAccessorImpl.invoke0(Native Method)
	at java.base/jdk.internal.reflect.NativeMethodAccessorImpl.invoke(NativeMethodAccessorImpl.java:62)
	at java.base/jdk.internal.reflect.DelegatingMethodAccessorImpl.invoke(DelegatingMethodAccessorImpl.java:43)
	at java.base/java.lang.reflect.Method.invoke(Method.java:566)
	at junit.framework.TestCase.runTest(TestCase.java:176)
	at junit.framework.TestCase.runBare(TestCase.java:141)
	at junit.framework.TestResult$1.protect(TestResult.java:122)
	at junit.framework.TestResult.runProtected(TestResult.java:142)
	at junit.framework.TestResult.run(TestResult.java:125)
	at junit.framework.TestCase.run(TestCase.java:129)
	at org.apache.tools.ant.taskdefs.optional.junit.JUnitTestRunner.run(JUnitTestRunner.java:520)
	at org.apache.tools.ant.taskdefs.optional.junit.JUnitTask.executeInVM(JUnitTask.java:1492)
	at org.apache.tools.ant.taskdefs.optional.junit.JUnitTask.executeTests(JUnitTask.java:878)
	at org.apache.tools.ant.taskdefs.optional.junit.JUnitTask.executeOrQueue(JUnitTask.java:1980)
	at org.apache.tools.ant.taskdefs.optional.junit.JUnitTask.executeTests(JUnitTask.java:830)
	at org.apache.tools.ant.taskdefs.optional.junit.JUnitTask.execute(JUnitTask.java:2287)
	at org.apache.tools.ant.UnknownElement.execute(UnknownElement.java:291)
	at jdk.internal.reflect.GeneratedMethodAccessor4.invoke(Unknown Source)
	at java.base/jdk.internal.reflect.DelegatingMethodAccessorImpl.invoke(DelegatingMethodAccessorImpl.java:43)
	at java.base/java.lang.reflect.Method.invoke(Method.java:566)
	at org.apache.tools.ant.dispatch.DispatchUtils.execute(DispatchUtils.java:106)
	at org.apache.tools.ant.Task.perform(Task.java:348)
	at org.apache.tools.ant.Target.execute(Target.java:392)
	at org.apache.tools.ant.Target.performTasks(Target.java:413)
	at org.apache.tools.ant.Project.executeSortedTargets(Project.java:1399)
	at org.apache.tools.ant.Project.executeTarget(Project.java:1368)
	at org.apache.tools.ant.helper.DefaultExecutor.executeTargets(DefaultExecutor.java:41)
	at org.apache.tools.ant.Project.executeTargets(Project.java:1251)
	at org.apache.tools.ant.Main.runBuild(Main.java:811)
	at org.apache.tools.ant.Main.startAnt(Main.java:217)
	at org.apache.tools.ant.launch.Launcher.run(Launcher.java:280)
	at org.apache.tools.ant.launch.Launcher.main(Launcher.java:109)
report for Cli-14:
https://issues.apache.org/jira/browse/CLI-144
patch for Cli-14:
--- defects4j_work/Cli_14_b/src/java/org/apache/commons/cli2/option/GroupImpl.java	2025-10-13 19:43:54.150809223 +0600
+++ defects4j_work/Cli_14_f/src/java/org/apache/commons/cli2/option/GroupImpl.java	2025-10-13 19:43:58.158985147 +0600
@@ -247,9 +247,6 @@
 
             // needs validation?
             boolean validate = option.isRequired() || option instanceof Group;
-            if (validate) {
-                option.validate(commandLine);
-            }
 
             // if the child option is present then validate it
             if (commandLine.hasOption(option)) {
@@ -258,7 +255,10 @@
 
                     break;
                 }
+                validate = true;
+            }
 
+            if (validate) {
                 option.validate(commandLine);
             }
         }



Checkout Path: defects4j_work/Cli_15_b
Test Name: org.apache.commons.cli2.bug.BugCLI158Test::testSingleOptionSingleArgument
Error Message: junit.framework.ComparisonFailure: expected:<[1[, 1000]]> but was:<[1[]]>
	at junit.framework.Assert.assertEquals(Assert.java:100)
	at junit.framework.Assert.assertEquals(Assert.java:107)
	at junit.framework.TestCase.assertEquals(TestCase.java:269)
	at org.apache.commons.cli2.bug.BugCLI158Test.testSingleOptionSingleArgument(BugCLI158Test.java:70)
	at java.base/jdk.internal.reflect.NativeMethodAccessorImpl.invoke0(Native Method)
	at java.base/jdk.internal.reflect.NativeMethodAccessorImpl.invoke(NativeMethodAccessorImpl.java:62)
	at java.base/jdk.internal.reflect.DelegatingMethodAccessorImpl.invoke(DelegatingMethodAccessorImpl.java:43)
	at java.base/java.lang.reflect.Method.invoke(Method.java:566)
	at junit.framework.TestCase.runTest(TestCase.java:176)
	at junit.framework.TestCase.runBare(TestCase.java:141)
	at junit.framework.TestResult$1.protect(TestResult.java:122)
	at junit.framework.TestResult.runProtected(TestResult.java:142)
	at junit.framework.TestResult.run(TestResult.java:125)
	at junit.framework.TestCase.run(TestCase.java:129)
	at org.apache.tools.ant.taskdefs.optional.junit.JUnitTestRunner.run(JUnitTestRunner.java:520)
	at org.apache.tools.ant.taskdefs.optional.junit.JUnitTask.executeInVM(JUnitTask.java:1492)
	at org.apache.tools.ant.taskdefs.optional.junit.JUnitTask.executeTests(JUnitTask.java:878)
	at org.apache.tools.ant.taskdefs.optional.junit.JUnitTask.executeOrQueue(JUnitTask.java:1980)
	at org.apache.tools.ant.taskdefs.optional.junit.JUnitTask.executeTests(JUnitTask.java:830)
	at org.apache.tools.ant.taskdefs.optional.junit.JUnitTask.execute(JUnitTask.java:2287)
	at org.apache.tools.ant.UnknownElement.execute(UnknownElement.java:291)
	at jdk.internal.reflect.GeneratedMethodAccessor4.invoke(Unknown Source)
	at java.base/jdk.internal.reflect.DelegatingMethodAccessorImpl.invoke(DelegatingMethodAccessorImpl.java:43)
	at java.base/java.lang.reflect.Method.invoke(Method.java:566)
	at org.apache.tools.ant.dispatch.DispatchUtils.execute(DispatchUtils.java:106)
	at org.apache.tools.ant.Task.perform(Task.java:348)
	at org.apache.tools.ant.Target.execute(Target.java:392)
	at org.apache.tools.ant.Target.performTasks(Target.java:413)
	at org.apache.tools.ant.Project.executeSortedTargets(Project.java:1399)
	at org.apache.tools.ant.Project.executeTarget(Project.java:1368)
	at org.apache.tools.ant.helper.DefaultExecutor.executeTargets(DefaultExecutor.java:41)
	at org.apache.tools.ant.Project.executeTargets(Project.java:1251)
	at org.apache.tools.ant.Main.runBuild(Main.java:811)
	at org.apache.tools.ant.Main.startAnt(Main.java:217)
	at org.apache.tools.ant.launch.Launcher.run(Launcher.java:280)
	at org.apache.tools.ant.launch.Launcher.main(Launcher.java:109)
Checkout Path: defects4j_work/Cli_15_b
Test Name: org.apache.commons.cli2.bug.BugCLI158Test::testSingleOptionMaximumNumberOfArgument
Error Message: junit.framework.ComparisonFailure: expected:<[1, 2[, 10000]]> but was:<[1, 2[]]>
	at junit.framework.Assert.assertEquals(Assert.java:100)
	at junit.framework.Assert.assertEquals(Assert.java:107)
	at junit.framework.TestCase.assertEquals(TestCase.java:269)
	at org.apache.commons.cli2.bug.BugCLI158Test.testSingleOptionMaximumNumberOfArgument(BugCLI158Test.java:112)
	at java.base/jdk.internal.reflect.NativeMethodAccessorImpl.invoke0(Native Method)
	at java.base/jdk.internal.reflect.NativeMethodAccessorImpl.invoke(NativeMethodAccessorImpl.java:62)
	at java.base/jdk.internal.reflect.DelegatingMethodAccessorImpl.invoke(DelegatingMethodAccessorImpl.java:43)
	at java.base/java.lang.reflect.Method.invoke(Method.java:566)
	at junit.framework.TestCase.runTest(TestCase.java:176)
	at junit.framework.TestCase.runBare(TestCase.java:141)
	at junit.framework.TestResult$1.protect(TestResult.java:122)
	at junit.framework.TestResult.runProtected(TestResult.java:142)
	at junit.framework.TestResult.run(TestResult.java:125)
	at junit.framework.TestCase.run(TestCase.java:129)
	at org.apache.tools.ant.taskdefs.optional.junit.JUnitTestRunner.run(JUnitTestRunner.java:520)
	at org.apache.tools.ant.taskdefs.optional.junit.JUnitTask.executeInVM(JUnitTask.java:1492)
	at org.apache.tools.ant.taskdefs.optional.junit.JUnitTask.executeTests(JUnitTask.java:878)
	at org.apache.tools.ant.taskdefs.optional.junit.JUnitTask.executeOrQueue(JUnitTask.java:1980)
	at org.apache.tools.ant.taskdefs.optional.junit.JUnitTask.executeTests(JUnitTask.java:830)
	at org.apache.tools.ant.taskdefs.optional.junit.JUnitTask.execute(JUnitTask.java:2287)
	at org.apache.tools.ant.UnknownElement.execute(UnknownElement.java:291)
	at jdk.internal.reflect.GeneratedMethodAccessor4.invoke(Unknown Source)
	at java.base/jdk.internal.reflect.DelegatingMethodAccessorImpl.invoke(DelegatingMethodAccessorImpl.java:43)
	at java.base/java.lang.reflect.Method.invoke(Method.java:566)
	at org.apache.tools.ant.dispatch.DispatchUtils.execute(DispatchUtils.java:106)
	at org.apache.tools.ant.Task.perform(Task.java:348)
	at org.apache.tools.ant.Target.execute(Target.java:392)
	at org.apache.tools.ant.Target.performTasks(Target.java:413)
	at org.apache.tools.ant.Project.executeSortedTargets(Project.java:1399)
	at org.apache.tools.ant.Project.executeTarget(Project.java:1368)
	at org.apache.tools.ant.helper.DefaultExecutor.executeTargets(DefaultExecutor.java:41)
	at org.apache.tools.ant.Project.executeTargets(Project.java:1251)
	at org.apache.tools.ant.Main.runBuild(Main.java:811)
	at org.apache.tools.ant.Main.startAnt(Main.java:217)
	at org.apache.tools.ant.launch.Launcher.run(Launcher.java:280)
	at org.apache.tools.ant.launch.Launcher.main(Launcher.java:109)
report for Cli-15:
https://issues.apache.org/jira/browse/CLI-158
patch for Cli-15:
--- defects4j_work/Cli_15_b/src/java/org/apache/commons/cli2/commandline/WriteableCommandLineImpl.java	2025-10-13 19:44:01.111125878 +0600
+++ defects4j_work/Cli_15_f/src/java/org/apache/commons/cli2/commandline/WriteableCommandLineImpl.java	2025-10-13 19:44:06.123364839 +0600
@@ -114,17 +114,26 @@
         List valueList = (List) values.get(option);
 
         // grab the correct default values
-        if ((valueList == null) || valueList.isEmpty()) {
-            valueList = defaultValues;
+        if (defaultValues == null || defaultValues.isEmpty()) {
+            defaultValues = (List) this.defaultValues.get(option);
         }
 
         // augment the list with the default values
-        if ((valueList == null) || valueList.isEmpty()) {
-            valueList = (List) this.defaultValues.get(option);
-        }
+        if (defaultValues != null && !defaultValues.isEmpty()) {
+            if (valueList == null || valueList.isEmpty()) {
+                valueList = defaultValues;
+            } else {
                 // if there are more default values as specified, add them to
                 // the list.
+                if (defaultValues.size() > valueList.size()) {
                     // copy the list first
+                    valueList = new ArrayList(valueList);
+                    for (int i=valueList.size(); i<defaultValues.size(); i++) {
+                        valueList.add(defaultValues.get(i));
+                    }
+                }
+            }
+        }
         
         return valueList == null ? Collections.EMPTY_LIST : valueList;
     }



Checkout Path: defects4j_work/Cli_16_b
Test Name: org.apache.commons.cli2.bug.BugCLI123Test::testMultipleChildOptions
Error Message: org.apache.commons.cli2.OptionException: Missing option parentOptions
	at org.apache.commons.cli2.option.GroupImpl.validate(GroupImpl.java:274)
	at org.apache.commons.cli2.commandline.Parser.parse(Parser.java:104)
	at org.apache.commons.cli2.bug.BugCLI123Test.testMultipleChildOptions(BugCLI123Test.java:92)
	at java.base/jdk.internal.reflect.NativeMethodAccessorImpl.invoke0(Native Method)
	at java.base/jdk.internal.reflect.NativeMethodAccessorImpl.invoke(NativeMethodAccessorImpl.java:62)
	at java.base/jdk.internal.reflect.DelegatingMethodAccessorImpl.invoke(DelegatingMethodAccessorImpl.java:43)
	at java.base/java.lang.reflect.Method.invoke(Method.java:566)
	at junit.framework.TestCase.runTest(TestCase.java:176)
	at junit.framework.TestCase.runBare(TestCase.java:141)
	at junit.framework.TestResult$1.protect(TestResult.java:122)
	at junit.framework.TestResult.runProtected(TestResult.java:142)
	at junit.framework.TestResult.run(TestResult.java:125)
	at junit.framework.TestCase.run(TestCase.java:129)
	at org.apache.tools.ant.taskdefs.optional.junit.JUnitTestRunner.run(JUnitTestRunner.java:520)
	at org.apache.tools.ant.taskdefs.optional.junit.JUnitTask.executeInVM(JUnitTask.java:1492)
	at org.apache.tools.ant.taskdefs.optional.junit.JUnitTask.executeTests(JUnitTask.java:878)
	at org.apache.tools.ant.taskdefs.optional.junit.JUnitTask.executeOrQueue(JUnitTask.java:1980)
	at org.apache.tools.ant.taskdefs.optional.junit.JUnitTask.executeTests(JUnitTask.java:830)
	at org.apache.tools.ant.taskdefs.optional.junit.JUnitTask.execute(JUnitTask.java:2287)
	at org.apache.tools.ant.UnknownElement.execute(UnknownElement.java:291)
	at jdk.internal.reflect.GeneratedMethodAccessor4.invoke(Unknown Source)
	at java.base/jdk.internal.reflect.DelegatingMethodAccessorImpl.invoke(DelegatingMethodAccessorImpl.java:43)
	at java.base/java.lang.reflect.Method.invoke(Method.java:566)
	at org.apache.tools.ant.dispatch.DispatchUtils.execute(DispatchUtils.java:106)
	at org.apache.tools.ant.Task.perform(Task.java:348)
	at org.apache.tools.ant.Target.execute(Target.java:392)
	at org.apache.tools.ant.Target.performTasks(Target.java:413)
	at org.apache.tools.ant.Project.executeSortedTargets(Project.java:1399)
	at org.apache.tools.ant.Project.executeTarget(Project.java:1368)
	at org.apache.tools.ant.helper.DefaultExecutor.executeTargets(DefaultExecutor.java:41)
	at org.apache.tools.ant.Project.executeTargets(Project.java:1251)
	at org.apache.tools.ant.Main.runBuild(Main.java:811)
	at org.apache.tools.ant.Main.startAnt(Main.java:217)
	at org.apache.tools.ant.launch.Launcher.run(Launcher.java:280)
	at org.apache.tools.ant.launch.Launcher.main(Launcher.java:109)
Checkout Path: defects4j_work/Cli_16_b
Test Name: org.apache.commons.cli2.bug.BugCLI123Test::testParentOptionAndChildOption
Error Message: junit.framework.AssertionFailedError: Maximum restriction for parent not verified!
	at junit.framework.Assert.fail(Assert.java:57)
	at junit.framework.TestCase.fail(TestCase.java:227)
	at org.apache.commons.cli2.bug.BugCLI123Test.testParentOptionAndChildOption(BugCLI123Test.java:121)
	at java.base/jdk.internal.reflect.NativeMethodAccessorImpl.invoke0(Native Method)
	at java.base/jdk.internal.reflect.NativeMethodAccessorImpl.invoke(NativeMethodAccessorImpl.java:62)
	at java.base/jdk.internal.reflect.DelegatingMethodAccessorImpl.invoke(DelegatingMethodAccessorImpl.java:43)
	at java.base/java.lang.reflect.Method.invoke(Method.java:566)
	at junit.framework.TestCase.runTest(TestCase.java:176)
	at junit.framework.TestCase.runBare(TestCase.java:141)
	at junit.framework.TestResult$1.protect(TestResult.java:122)
	at junit.framework.TestResult.runProtected(TestResult.java:142)
	at junit.framework.TestResult.run(TestResult.java:125)
	at junit.framework.TestCase.run(TestCase.java:129)
	at org.apache.tools.ant.taskdefs.optional.junit.JUnitTestRunner.run(JUnitTestRunner.java:520)
	at org.apache.tools.ant.taskdefs.optional.junit.JUnitTask.executeInVM(JUnitTask.java:1492)
	at org.apache.tools.ant.taskdefs.optional.junit.JUnitTask.executeTests(JUnitTask.java:878)
	at org.apache.tools.ant.taskdefs.optional.junit.JUnitTask.executeOrQueue(JUnitTask.java:1980)
	at org.apache.tools.ant.taskdefs.optional.junit.JUnitTask.executeTests(JUnitTask.java:830)
	at org.apache.tools.ant.taskdefs.optional.junit.JUnitTask.execute(JUnitTask.java:2287)
	at org.apache.tools.ant.UnknownElement.execute(UnknownElement.java:291)
	at jdk.internal.reflect.GeneratedMethodAccessor4.invoke(Unknown Source)
	at java.base/jdk.internal.reflect.DelegatingMethodAccessorImpl.invoke(DelegatingMethodAccessorImpl.java:43)
	at java.base/java.lang.reflect.Method.invoke(Method.java:566)
	at org.apache.tools.ant.dispatch.DispatchUtils.execute(DispatchUtils.java:106)
	at org.apache.tools.ant.Task.perform(Task.java:348)
	at org.apache.tools.ant.Target.execute(Target.java:392)
	at org.apache.tools.ant.Target.performTasks(Target.java:413)
	at org.apache.tools.ant.Project.executeSortedTargets(Project.java:1399)
	at org.apache.tools.ant.Project.executeTarget(Project.java:1368)
	at org.apache.tools.ant.helper.DefaultExecutor.executeTargets(DefaultExecutor.java:41)
	at org.apache.tools.ant.Project.executeTargets(Project.java:1251)
	at org.apache.tools.ant.Main.runBuild(Main.java:811)
	at org.apache.tools.ant.Main.startAnt(Main.java:217)
	at org.apache.tools.ant.launch.Launcher.run(Launcher.java:280)
	at org.apache.tools.ant.launch.Launcher.main(Launcher.java:109)
Checkout Path: defects4j_work/Cli_16_b
Test Name: org.apache.commons.cli2.bug.BugCLI123Test::testSingleChildOption
Error Message: org.apache.commons.cli2.OptionException: Missing option parentOptions
	at org.apache.commons.cli2.option.GroupImpl.validate(GroupImpl.java:274)
	at org.apache.commons.cli2.commandline.Parser.parse(Parser.java:104)
	at org.apache.commons.cli2.bug.BugCLI123Test.testSingleChildOption(BugCLI123Test.java:81)
	at java.base/jdk.internal.reflect.NativeMethodAccessorImpl.invoke0(Native Method)
	at java.base/jdk.internal.reflect.NativeMethodAccessorImpl.invoke(NativeMethodAccessorImpl.java:62)
	at java.base/jdk.internal.reflect.DelegatingMethodAccessorImpl.invoke(DelegatingMethodAccessorImpl.java:43)
	at java.base/java.lang.reflect.Method.invoke(Method.java:566)
	at junit.framework.TestCase.runTest(TestCase.java:176)
	at junit.framework.TestCase.runBare(TestCase.java:141)
	at junit.framework.TestResult$1.protect(TestResult.java:122)
	at junit.framework.TestResult.runProtected(TestResult.java:142)
	at junit.framework.TestResult.run(TestResult.java:125)
	at junit.framework.TestCase.run(TestCase.java:129)
	at org.apache.tools.ant.taskdefs.optional.junit.JUnitTestRunner.run(JUnitTestRunner.java:520)
	at org.apache.tools.ant.taskdefs.optional.junit.JUnitTask.executeInVM(JUnitTask.java:1492)
	at org.apache.tools.ant.taskdefs.optional.junit.JUnitTask.executeTests(JUnitTask.java:878)
	at org.apache.tools.ant.taskdefs.optional.junit.JUnitTask.executeOrQueue(JUnitTask.java:1980)
	at org.apache.tools.ant.taskdefs.optional.junit.JUnitTask.executeTests(JUnitTask.java:830)
	at org.apache.tools.ant.taskdefs.optional.junit.JUnitTask.execute(JUnitTask.java:2287)
	at org.apache.tools.ant.UnknownElement.execute(UnknownElement.java:291)
	at jdk.internal.reflect.GeneratedMethodAccessor4.invoke(Unknown Source)
	at java.base/jdk.internal.reflect.DelegatingMethodAccessorImpl.invoke(DelegatingMethodAccessorImpl.java:43)
	at java.base/java.lang.reflect.Method.invoke(Method.java:566)
	at org.apache.tools.ant.dispatch.DispatchUtils.execute(DispatchUtils.java:106)
	at org.apache.tools.ant.Task.perform(Task.java:348)
	at org.apache.tools.ant.Target.execute(Target.java:392)
	at org.apache.tools.ant.Target.performTasks(Target.java:413)
	at org.apache.tools.ant.Project.executeSortedTargets(Project.java:1399)
	at org.apache.tools.ant.Project.executeTarget(Project.java:1368)
	at org.apache.tools.ant.helper.DefaultExecutor.executeTargets(DefaultExecutor.java:41)
	at org.apache.tools.ant.Project.executeTargets(Project.java:1251)
	at org.apache.tools.ant.Main.runBuild(Main.java:811)
	at org.apache.tools.ant.Main.startAnt(Main.java:217)
	at org.apache.tools.ant.launch.Launcher.run(Launcher.java:280)
	at org.apache.tools.ant.launch.Launcher.main(Launcher.java:109)
Checkout Path: defects4j_work/Cli_16_b
Test Name: org.apache.commons.cli2.commandline.DefaultingCommandLineTest::testGetOptions_Order
Error Message: junit.framework.AssertionFailedError: expected same:<[--help (-?,-h)|login <username>] [<target1> [<target2> ...]]> was not:<[--help (-?,-h)]>
	at junit.framework.Assert.fail(Assert.java:57)
	at junit.framework.Assert.failNotSame(Assert.java:325)
	at junit.framework.Assert.assertSame(Assert.java:288)
	at junit.framework.Assert.assertSame(Assert.java:296)
	at junit.framework.TestCase.assertSame(TestCase.java:465)
	at org.apache.commons.cli2.CommandLineTestCase.testGetOptions_Order(CommandLineTestCase.java:436)
	at java.base/jdk.internal.reflect.NativeMethodAccessorImpl.invoke0(Native Method)
	at java.base/jdk.internal.reflect.NativeMethodAccessorImpl.invoke(NativeMethodAccessorImpl.java:62)
	at java.base/jdk.internal.reflect.DelegatingMethodAccessorImpl.invoke(DelegatingMethodAccessorImpl.java:43)
	at java.base/java.lang.reflect.Method.invoke(Method.java:566)
	at junit.framework.TestCase.runTest(TestCase.java:176)
	at junit.framework.TestCase.runBare(TestCase.java:141)
	at junit.framework.TestResult$1.protect(TestResult.java:122)
	at junit.framework.TestResult.runProtected(TestResult.java:142)
	at junit.framework.TestResult.run(TestResult.java:125)
	at junit.framework.TestCase.run(TestCase.java:129)
	at org.apache.tools.ant.taskdefs.optional.junit.JUnitTestRunner.run(JUnitTestRunner.java:520)
	at org.apache.tools.ant.taskdefs.optional.junit.JUnitTask.executeInVM(JUnitTask.java:1492)
	at org.apache.tools.ant.taskdefs.optional.junit.JUnitTask.executeTests(JUnitTask.java:878)
	at org.apache.tools.ant.taskdefs.optional.junit.JUnitTask.executeOrQueue(JUnitTask.java:1980)
	at org.apache.tools.ant.taskdefs.optional.junit.JUnitTask.executeTests(JUnitTask.java:830)
	at org.apache.tools.ant.taskdefs.optional.junit.JUnitTask.execute(JUnitTask.java:2287)
	at org.apache.tools.ant.UnknownElement.execute(UnknownElement.java:291)
	at jdk.internal.reflect.GeneratedMethodAccessor4.invoke(Unknown Source)
	at java.base/jdk.internal.reflect.DelegatingMethodAccessorImpl.invoke(DelegatingMethodAccessorImpl.java:43)
	at java.base/java.lang.reflect.Method.invoke(Method.java:566)
	at org.apache.tools.ant.dispatch.DispatchUtils.execute(DispatchUtils.java:106)
	at org.apache.tools.ant.Task.perform(Task.java:348)
	at org.apache.tools.ant.Target.execute(Target.java:392)
	at org.apache.tools.ant.Target.performTasks(Target.java:413)
	at org.apache.tools.ant.Project.executeSortedTargets(Project.java:1399)
	at org.apache.tools.ant.Project.executeTarget(Project.java:1368)
	at org.apache.tools.ant.helper.DefaultExecutor.executeTargets(DefaultExecutor.java:41)
	at org.apache.tools.ant.Project.executeTargets(Project.java:1251)
	at org.apache.tools.ant.Main.runBuild(Main.java:811)
	at org.apache.tools.ant.Main.startAnt(Main.java:217)
	at org.apache.tools.ant.launch.Launcher.run(Launcher.java:280)
	at org.apache.tools.ant.launch.Launcher.main(Launcher.java:109)
Checkout Path: defects4j_work/Cli_16_b
Test Name: org.apache.commons.cli2.commandline.PreferencesCommandLineTest::testGetOptions_Order
Error Message: junit.framework.AssertionFailedError: expected same:<[--help (-?,-h)|login <username>] [<target1> [<target2> ...]]> was not:<[--help (-?,-h)]>
	at junit.framework.Assert.fail(Assert.java:57)
	at junit.framework.Assert.failNotSame(Assert.java:325)
	at junit.framework.Assert.assertSame(Assert.java:288)
	at junit.framework.Assert.assertSame(Assert.java:296)
	at junit.framework.TestCase.assertSame(TestCase.java:465)
	at org.apache.commons.cli2.CommandLineTestCase.testGetOptions_Order(CommandLineTestCase.java:436)
	at java.base/jdk.internal.reflect.NativeMethodAccessorImpl.invoke0(Native Method)
	at java.base/jdk.internal.reflect.NativeMethodAccessorImpl.invoke(NativeMethodAccessorImpl.java:62)
	at java.base/jdk.internal.reflect.DelegatingMethodAccessorImpl.invoke(DelegatingMethodAccessorImpl.java:43)
	at java.base/java.lang.reflect.Method.invoke(Method.java:566)
	at junit.framework.TestCase.runTest(TestCase.java:176)
	at junit.framework.TestCase.runBare(TestCase.java:141)
	at junit.framework.TestResult$1.protect(TestResult.java:122)
	at junit.framework.TestResult.runProtected(TestResult.java:142)
	at junit.framework.TestResult.run(TestResult.java:125)
	at junit.framework.TestCase.run(TestCase.java:129)
	at org.apache.tools.ant.taskdefs.optional.junit.JUnitTestRunner.run(JUnitTestRunner.java:520)
	at org.apache.tools.ant.taskdefs.optional.junit.JUnitTask.executeInVM(JUnitTask.java:1492)
	at org.apache.tools.ant.taskdefs.optional.junit.JUnitTask.executeTests(JUnitTask.java:878)
	at org.apache.tools.ant.taskdefs.optional.junit.JUnitTask.executeOrQueue(JUnitTask.java:1980)
	at org.apache.tools.ant.taskdefs.optional.junit.JUnitTask.executeTests(JUnitTask.java:830)
	at org.apache.tools.ant.taskdefs.optional.junit.JUnitTask.execute(JUnitTask.java:2287)
	at org.apache.tools.ant.UnknownElement.execute(UnknownElement.java:291)
	at jdk.internal.reflect.GeneratedMethodAccessor4.invoke(Unknown Source)
	at java.base/jdk.internal.reflect.DelegatingMethodAccessorImpl.invoke(DelegatingMethodAccessorImpl.java:43)
	at java.base/java.lang.reflect.Method.invoke(Method.java:566)
	at org.apache.tools.ant.dispatch.DispatchUtils.execute(DispatchUtils.java:106)
	at org.apache.tools.ant.Task.perform(Task.java:348)
	at org.apache.tools.ant.Target.execute(Target.java:392)
	at org.apache.tools.ant.Target.performTasks(Target.java:413)
	at org.apache.tools.ant.Project.executeSortedTargets(Project.java:1399)
	at org.apache.tools.ant.Project.executeTarget(Project.java:1368)
	at org.apache.tools.ant.helper.DefaultExecutor.executeTargets(DefaultExecutor.java:41)
	at org.apache.tools.ant.Project.executeTargets(Project.java:1251)
	at org.apache.tools.ant.Main.runBuild(Main.java:811)
	at org.apache.tools.ant.Main.startAnt(Main.java:217)
	at org.apache.tools.ant.launch.Launcher.run(Launcher.java:280)
	at org.apache.tools.ant.launch.Launcher.main(Launcher.java:109)
Checkout Path: defects4j_work/Cli_16_b
Test Name: org.apache.commons.cli2.commandline.PropertiesCommandLineTest::testGetOptions_Order
Error Message: junit.framework.AssertionFailedError: expected same:<[--help (-?,-h)|login <username>] [<target1> [<target2> ...]]> was not:<[--help (-?,-h)]>
	at junit.framework.Assert.fail(Assert.java:57)
	at junit.framework.Assert.failNotSame(Assert.java:325)
	at junit.framework.Assert.assertSame(Assert.java:288)
	at junit.framework.Assert.assertSame(Assert.java:296)
	at junit.framework.TestCase.assertSame(TestCase.java:465)
	at org.apache.commons.cli2.CommandLineTestCase.testGetOptions_Order(CommandLineTestCase.java:436)
	at java.base/jdk.internal.reflect.NativeMethodAccessorImpl.invoke0(Native Method)
	at java.base/jdk.internal.reflect.NativeMethodAccessorImpl.invoke(NativeMethodAccessorImpl.java:62)
	at java.base/jdk.internal.reflect.DelegatingMethodAccessorImpl.invoke(DelegatingMethodAccessorImpl.java:43)
	at java.base/java.lang.reflect.Method.invoke(Method.java:566)
	at junit.framework.TestCase.runTest(TestCase.java:176)
	at junit.framework.TestCase.runBare(TestCase.java:141)
	at junit.framework.TestResult$1.protect(TestResult.java:122)
	at junit.framework.TestResult.runProtected(TestResult.java:142)
	at junit.framework.TestResult.run(TestResult.java:125)
	at junit.framework.TestCase.run(TestCase.java:129)
	at org.apache.tools.ant.taskdefs.optional.junit.JUnitTestRunner.run(JUnitTestRunner.java:520)
	at org.apache.tools.ant.taskdefs.optional.junit.JUnitTask.executeInVM(JUnitTask.java:1492)
	at org.apache.tools.ant.taskdefs.optional.junit.JUnitTask.executeTests(JUnitTask.java:878)
	at org.apache.tools.ant.taskdefs.optional.junit.JUnitTask.executeOrQueue(JUnitTask.java:1980)
	at org.apache.tools.ant.taskdefs.optional.junit.JUnitTask.executeTests(JUnitTask.java:830)
	at org.apache.tools.ant.taskdefs.optional.junit.JUnitTask.execute(JUnitTask.java:2287)
	at org.apache.tools.ant.UnknownElement.execute(UnknownElement.java:291)
	at jdk.internal.reflect.GeneratedMethodAccessor4.invoke(Unknown Source)
	at java.base/jdk.internal.reflect.DelegatingMethodAccessorImpl.invoke(DelegatingMethodAccessorImpl.java:43)
	at java.base/java.lang.reflect.Method.invoke(Method.java:566)
	at org.apache.tools.ant.dispatch.DispatchUtils.execute(DispatchUtils.java:106)
	at org.apache.tools.ant.Task.perform(Task.java:348)
	at org.apache.tools.ant.Target.execute(Target.java:392)
	at org.apache.tools.ant.Target.performTasks(Target.java:413)
	at org.apache.tools.ant.Project.executeSortedTargets(Project.java:1399)
	at org.apache.tools.ant.Project.executeTarget(Project.java:1368)
	at org.apache.tools.ant.helper.DefaultExecutor.executeTargets(DefaultExecutor.java:41)
	at org.apache.tools.ant.Project.executeTargets(Project.java:1251)
	at org.apache.tools.ant.Main.runBuild(Main.java:811)
	at org.apache.tools.ant.Main.startAnt(Main.java:217)
	at org.apache.tools.ant.launch.Launcher.run(Launcher.java:280)
	at org.apache.tools.ant.launch.Launcher.main(Launcher.java:109)
Checkout Path: defects4j_work/Cli_16_b
Test Name: org.apache.commons.cli2.commandline.WriteableCommandLineImplTest::testGetOptions_Order
Error Message: junit.framework.AssertionFailedError: expected same:<[--help (-?,-h)|login <username>] [<target1> [<target2> ...]]> was not:<[--help (-?,-h)]>
	at junit.framework.Assert.fail(Assert.java:57)
	at junit.framework.Assert.failNotSame(Assert.java:325)
	at junit.framework.Assert.assertSame(Assert.java:288)
	at junit.framework.Assert.assertSame(Assert.java:296)
	at junit.framework.TestCase.assertSame(TestCase.java:465)
	at org.apache.commons.cli2.CommandLineTestCase.testGetOptions_Order(CommandLineTestCase.java:436)
	at java.base/jdk.internal.reflect.NativeMethodAccessorImpl.invoke0(Native Method)
	at java.base/jdk.internal.reflect.NativeMethodAccessorImpl.invoke(NativeMethodAccessorImpl.java:62)
	at java.base/jdk.internal.reflect.DelegatingMethodAccessorImpl.invoke(DelegatingMethodAccessorImpl.java:43)
	at java.base/java.lang.reflect.Method.invoke(Method.java:566)
	at junit.framework.TestCase.runTest(TestCase.java:176)
	at junit.framework.TestCase.runBare(TestCase.java:141)
	at junit.framework.TestResult$1.protect(TestResult.java:122)
	at junit.framework.TestResult.runProtected(TestResult.java:142)
	at junit.framework.TestResult.run(TestResult.java:125)
	at junit.framework.TestCase.run(TestCase.java:129)
	at org.apache.tools.ant.taskdefs.optional.junit.JUnitTestRunner.run(JUnitTestRunner.java:520)
	at org.apache.tools.ant.taskdefs.optional.junit.JUnitTask.executeInVM(JUnitTask.java:1492)
	at org.apache.tools.ant.taskdefs.optional.junit.JUnitTask.executeTests(JUnitTask.java:878)
	at org.apache.tools.ant.taskdefs.optional.junit.JUnitTask.executeOrQueue(JUnitTask.java:1980)
	at org.apache.tools.ant.taskdefs.optional.junit.JUnitTask.executeTests(JUnitTask.java:830)
	at org.apache.tools.ant.taskdefs.optional.junit.JUnitTask.execute(JUnitTask.java:2287)
	at org.apache.tools.ant.UnknownElement.execute(UnknownElement.java:291)
	at jdk.internal.reflect.GeneratedMethodAccessor4.invoke(Unknown Source)
	at java.base/jdk.internal.reflect.DelegatingMethodAccessorImpl.invoke(DelegatingMethodAccessorImpl.java:43)
	at java.base/java.lang.reflect.Method.invoke(Method.java:566)
	at org.apache.tools.ant.dispatch.DispatchUtils.execute(DispatchUtils.java:106)
	at org.apache.tools.ant.Task.perform(Task.java:348)
	at org.apache.tools.ant.Target.execute(Target.java:392)
	at org.apache.tools.ant.Target.performTasks(Target.java:413)
	at org.apache.tools.ant.Project.executeSortedTargets(Project.java:1399)
	at org.apache.tools.ant.Project.executeTarget(Project.java:1368)
	at org.apache.tools.ant.helper.DefaultExecutor.executeTargets(DefaultExecutor.java:41)
	at org.apache.tools.ant.Project.executeTargets(Project.java:1251)
	at org.apache.tools.ant.Main.runBuild(Main.java:811)
	at org.apache.tools.ant.Main.startAnt(Main.java:217)
	at org.apache.tools.ant.launch.Launcher.run(Launcher.java:280)
	at org.apache.tools.ant.launch.Launcher.main(Launcher.java:109)
report for Cli-16:
https://issues.apache.org/jira/browse/CLI-123
patch for Cli-16:
--- defects4j_work/Cli_16_b/src/java/org/apache/commons/cli2/Option.java	2025-10-13 19:44:09.043504091 +0600
+++ defects4j_work/Cli_16_f/src/java/org/apache/commons/cli2/Option.java	2025-10-13 19:44:22.078393814 +0600
@@ -203,6 +203,7 @@
      *
      * @return the parent of this option
      */
+    Option getParent();
 
     /**
      * Sets the parent of this option. This method is called when the option is
@@ -213,4 +214,5 @@
      *
      * @param parent the parent option
      */
+    void setParent(Option parent);
 }

--- defects4j_work/Cli_16_b/src/java/org/apache/commons/cli2/commandline/WriteableCommandLineImpl.java	2025-10-13 19:44:09.043504091 +0600
+++ defects4j_work/Cli_16_f/src/java/org/apache/commons/cli2/commandline/WriteableCommandLineImpl.java	2025-10-13 19:44:22.078393814 +0600
@@ -71,6 +71,11 @@
         }
 
         // ensure that all parent options are also added
+        Option parent = option.getParent();
+        while (parent != null && !options.contains(parent)) {
+            options.add(parent);
+            parent = parent.getParent();
+        }
     }
 
     public void addValue(final Option option,

--- defects4j_work/Cli_16_b/src/java/org/apache/commons/cli2/option/GroupImpl.java	2025-10-13 19:44:09.011502565 +0600
+++ defects4j_work/Cli_16_f/src/java/org/apache/commons/cli2/option/GroupImpl.java	2025-10-13 19:44:22.078393814 +0600
@@ -89,6 +89,7 @@
         // process the options
         for (final Iterator i = options.iterator(); i.hasNext();) {
             final Option option = (Option) i.next();
+            option.setParent(this);
 
             if (option instanceof Argument) {
                 i.remove();

--- defects4j_work/Cli_16_b/src/java/org/apache/commons/cli2/option/OptionImpl.java	2025-10-13 19:44:09.043504091 +0600
+++ defects4j_work/Cli_16_f/src/java/org/apache/commons/cli2/option/OptionImpl.java	2025-10-13 19:44:22.078393814 +0600
@@ -33,6 +33,7 @@
 public abstract class OptionImpl implements Option {
     private final int id;
     private final boolean required;
+    private Option parent;
 
     /**
      * Creates an OptionImpl with the specified id
@@ -125,7 +126,13 @@
         // nothing to do normally
     }
 
+    public Option getParent() {
+        return parent;
+    }
 
+    public void setParent(Option parent) {
+        this.parent = parent;
+    }
 
     protected void checkPrefixes(final Set prefixes) {
         // nothing to do if empty prefix list



Checkout Path: defects4j_work/Cli_17_b
Test Name: org.apache.commons.cli.PosixParserTest::testStopBursting
Error Message: junit.framework.AssertionFailedError: Confirm  1 extra arg: 2
	at junit.framework.Assert.fail(Assert.java:57)
	at junit.framework.Assert.assertTrue(Assert.java:22)
	at junit.framework.TestCase.assertTrue(TestCase.java:192)
	at org.apache.commons.cli.PosixParserTest.testStopBursting(PosixParserTest.java:141)
	at java.base/jdk.internal.reflect.NativeMethodAccessorImpl.invoke0(Native Method)
	at java.base/jdk.internal.reflect.NativeMethodAccessorImpl.invoke(NativeMethodAccessorImpl.java:62)
	at java.base/jdk.internal.reflect.DelegatingMethodAccessorImpl.invoke(DelegatingMethodAccessorImpl.java:43)
	at java.base/java.lang.reflect.Method.invoke(Method.java:566)
	at junit.framework.TestCase.runTest(TestCase.java:176)
	at junit.framework.TestCase.runBare(TestCase.java:141)
	at junit.framework.TestResult$1.protect(TestResult.java:122)
	at junit.framework.TestResult.runProtected(TestResult.java:142)
	at junit.framework.TestResult.run(TestResult.java:125)
	at junit.framework.TestCase.run(TestCase.java:129)
	at org.apache.tools.ant.taskdefs.optional.junit.JUnitTestRunner.run(JUnitTestRunner.java:520)
	at org.apache.tools.ant.taskdefs.optional.junit.JUnitTask.executeInVM(JUnitTask.java:1492)
	at org.apache.tools.ant.taskdefs.optional.junit.JUnitTask.executeTests(JUnitTask.java:878)
	at org.apache.tools.ant.taskdefs.optional.junit.JUnitTask.executeOrQueue(JUnitTask.java:1980)
	at org.apache.tools.ant.taskdefs.optional.junit.JUnitTask.executeTests(JUnitTask.java:830)
	at org.apache.tools.ant.taskdefs.optional.junit.JUnitTask.execute(JUnitTask.java:2287)
	at org.apache.tools.ant.UnknownElement.execute(UnknownElement.java:291)
	at jdk.internal.reflect.GeneratedMethodAccessor4.invoke(Unknown Source)
	at java.base/jdk.internal.reflect.DelegatingMethodAccessorImpl.invoke(DelegatingMethodAccessorImpl.java:43)
	at java.base/java.lang.reflect.Method.invoke(Method.java:566)
	at org.apache.tools.ant.dispatch.DispatchUtils.execute(DispatchUtils.java:106)
	at org.apache.tools.ant.Task.perform(Task.java:348)
	at org.apache.tools.ant.Target.execute(Target.java:392)
	at org.apache.tools.ant.Target.performTasks(Target.java:413)
	at org.apache.tools.ant.Project.executeSortedTargets(Project.java:1399)
	at org.apache.tools.ant.Project.executeTarget(Project.java:1368)
	at org.apache.tools.ant.helper.DefaultExecutor.executeTargets(DefaultExecutor.java:41)
	at org.apache.tools.ant.Project.executeTargets(Project.java:1251)
	at org.apache.tools.ant.Main.runBuild(Main.java:811)
	at org.apache.tools.ant.Main.startAnt(Main.java:217)
	at org.apache.tools.ant.launch.Launcher.run(Launcher.java:280)
	at org.apache.tools.ant.launch.Launcher.main(Launcher.java:109)
report for Cli-17:
https://issues.apache.org/jira/browse/CLI-163
patch for Cli-17:
--- defects4j_work/Cli_17_b/src/java/org/apache/commons/cli/PosixParser.java	2025-10-13 19:44:25.890475059 +0600
+++ defects4j_work/Cli_17_f/src/java/org/apache/commons/cli/PosixParser.java	2025-10-13 19:44:30.222627441 +0600
@@ -300,6 +300,7 @@
             else if (stopAtNonOption)
             {
                 process(token.substring(i));
+                break;
             }
             else
             {



Checkout Path: defects4j_work/Cli_18_b
Test Name: org.apache.commons.cli.PosixParserTest::testStop2
Error Message: junit.framework.AssertionFailedError: Confirm -a is not set
	at junit.framework.Assert.fail(Assert.java:57)
	at junit.framework.Assert.assertTrue(Assert.java:22)
	at junit.framework.Assert.assertFalse(Assert.java:39)
	at junit.framework.TestCase.assertFalse(TestCase.java:210)
	at org.apache.commons.cli.PosixParserTest.testStop2(PosixParserTest.java:140)
	at java.base/jdk.internal.reflect.NativeMethodAccessorImpl.invoke0(Native Method)
	at java.base/jdk.internal.reflect.NativeMethodAccessorImpl.invoke(NativeMethodAccessorImpl.java:62)
	at java.base/jdk.internal.reflect.DelegatingMethodAccessorImpl.invoke(DelegatingMethodAccessorImpl.java:43)
	at java.base/java.lang.reflect.Method.invoke(Method.java:566)
	at junit.framework.TestCase.runTest(TestCase.java:176)
	at junit.framework.TestCase.runBare(TestCase.java:141)
	at junit.framework.TestResult$1.protect(TestResult.java:122)
	at junit.framework.TestResult.runProtected(TestResult.java:142)
	at junit.framework.TestResult.run(TestResult.java:125)
	at junit.framework.TestCase.run(TestCase.java:129)
	at org.apache.tools.ant.taskdefs.optional.junit.JUnitTestRunner.run(JUnitTestRunner.java:520)
	at org.apache.tools.ant.taskdefs.optional.junit.JUnitTask.executeInVM(JUnitTask.java:1492)
	at org.apache.tools.ant.taskdefs.optional.junit.JUnitTask.executeTests(JUnitTask.java:878)
	at org.apache.tools.ant.taskdefs.optional.junit.JUnitTask.executeOrQueue(JUnitTask.java:1980)
	at org.apache.tools.ant.taskdefs.optional.junit.JUnitTask.executeTests(JUnitTask.java:830)
	at org.apache.tools.ant.taskdefs.optional.junit.JUnitTask.execute(JUnitTask.java:2287)
	at org.apache.tools.ant.UnknownElement.execute(UnknownElement.java:291)
	at jdk.internal.reflect.GeneratedMethodAccessor4.invoke(Unknown Source)
	at java.base/jdk.internal.reflect.DelegatingMethodAccessorImpl.invoke(DelegatingMethodAccessorImpl.java:43)
	at java.base/java.lang.reflect.Method.invoke(Method.java:566)
	at org.apache.tools.ant.dispatch.DispatchUtils.execute(DispatchUtils.java:106)
	at org.apache.tools.ant.Task.perform(Task.java:348)
	at org.apache.tools.ant.Target.execute(Target.java:392)
	at org.apache.tools.ant.Target.performTasks(Target.java:413)
	at org.apache.tools.ant.Project.executeSortedTargets(Project.java:1399)
	at org.apache.tools.ant.Project.executeTarget(Project.java:1368)
	at org.apache.tools.ant.helper.DefaultExecutor.executeTargets(DefaultExecutor.java:41)
	at org.apache.tools.ant.Project.executeTargets(Project.java:1251)
	at org.apache.tools.ant.Main.runBuild(Main.java:811)
	at org.apache.tools.ant.Main.startAnt(Main.java:217)
	at org.apache.tools.ant.launch.Launcher.run(Launcher.java:280)
	at org.apache.tools.ant.launch.Launcher.main(Launcher.java:109)
report for Cli-18:
https://issues.apache.org/jira/browse/CLI-164
patch for Cli-18:
--- defects4j_work/Cli_18_b/src/java/org/apache/commons/cli/PosixParser.java	2025-10-13 19:44:34.026822345 +0600
+++ defects4j_work/Cli_18_f/src/java/org/apache/commons/cli/PosixParser.java	2025-10-13 19:44:38.347035703 +0600
@@ -125,7 +125,7 @@
             // single hyphen
             else if ("-".equals(token))
             {
-                processSingleHyphen(token);
+                tokens.add(token);
             }
             else if (token.startsWith("-"))
             {
@@ -210,10 +210,6 @@
             tokens.add(value);
         }
     }
-    private void processSingleHyphen(String hyphen)
-    {
-        tokens.add(hyphen);
-    }
 
     /**
      * <p>If an {@link Option} exists for <code>token</code> then
@@ -238,6 +234,7 @@
         else if (stopAtNonOption)
         {
             eatTheRest = true;
+            tokens.add(token);
         }
     }
 



Checkout Path: defects4j_work/Cli_19_b
Test Name: org.apache.commons.cli.PosixParserTest::testUnrecognizedOption2
Error Message: junit.framework.AssertionFailedError: UnrecognizedOptionException wasn't thrown
	at junit.framework.Assert.fail(Assert.java:57)
	at junit.framework.TestCase.fail(TestCase.java:227)
	at org.apache.commons.cli.PosixParserTest.testUnrecognizedOption2(PosixParserTest.java:110)
	at java.base/jdk.internal.reflect.NativeMethodAccessorImpl.invoke0(Native Method)
	at java.base/jdk.internal.reflect.NativeMethodAccessorImpl.invoke(NativeMethodAccessorImpl.java:62)
	at java.base/jdk.internal.reflect.DelegatingMethodAccessorImpl.invoke(DelegatingMethodAccessorImpl.java:43)
	at java.base/java.lang.reflect.Method.invoke(Method.java:566)
	at junit.framework.TestCase.runTest(TestCase.java:176)
	at junit.framework.TestCase.runBare(TestCase.java:141)
	at junit.framework.TestResult$1.protect(TestResult.java:122)
	at junit.framework.TestResult.runProtected(TestResult.java:142)
	at junit.framework.TestResult.run(TestResult.java:125)
	at junit.framework.TestCase.run(TestCase.java:129)
	at org.apache.tools.ant.taskdefs.optional.junit.JUnitTestRunner.run(JUnitTestRunner.java:520)
	at org.apache.tools.ant.taskdefs.optional.junit.JUnitTask.executeInVM(JUnitTask.java:1492)
	at org.apache.tools.ant.taskdefs.optional.junit.JUnitTask.executeTests(JUnitTask.java:878)
	at org.apache.tools.ant.taskdefs.optional.junit.JUnitTask.executeOrQueue(JUnitTask.java:1980)
	at org.apache.tools.ant.taskdefs.optional.junit.JUnitTask.executeTests(JUnitTask.java:830)
	at org.apache.tools.ant.taskdefs.optional.junit.JUnitTask.execute(JUnitTask.java:2287)
	at org.apache.tools.ant.UnknownElement.execute(UnknownElement.java:291)
	at jdk.internal.reflect.GeneratedMethodAccessor4.invoke(Unknown Source)
	at java.base/jdk.internal.reflect.DelegatingMethodAccessorImpl.invoke(DelegatingMethodAccessorImpl.java:43)
	at java.base/java.lang.reflect.Method.invoke(Method.java:566)
	at org.apache.tools.ant.dispatch.DispatchUtils.execute(DispatchUtils.java:106)
	at org.apache.tools.ant.Task.perform(Task.java:348)
	at org.apache.tools.ant.Target.execute(Target.java:392)
	at org.apache.tools.ant.Target.performTasks(Target.java:413)
	at org.apache.tools.ant.Project.executeSortedTargets(Project.java:1399)
	at org.apache.tools.ant.Project.executeTarget(Project.java:1368)
	at org.apache.tools.ant.helper.DefaultExecutor.executeTargets(DefaultExecutor.java:41)
	at org.apache.tools.ant.Project.executeTargets(Project.java:1251)
	at org.apache.tools.ant.Main.runBuild(Main.java:811)
	at org.apache.tools.ant.Main.startAnt(Main.java:217)
	at org.apache.tools.ant.launch.Launcher.run(Launcher.java:280)
	at org.apache.tools.ant.launch.Launcher.main(Launcher.java:109)
report for Cli-19:
https://issues.apache.org/jira/browse/CLI-164
patch for Cli-19:
--- defects4j_work/Cli_19_b/src/java/org/apache/commons/cli/PosixParser.java	2025-10-13 19:44:42.143213187 +0600
+++ defects4j_work/Cli_19_f/src/java/org/apache/commons/cli/PosixParser.java	2025-10-13 19:44:47.707318919 +0600
@@ -229,13 +229,13 @@
         if (options.hasOption(token))
         {
             currentOption = options.getOption(token);
-            tokens.add(token);
         }
         else if (stopAtNonOption)
         {
             eatTheRest = true;
-            tokens.add(token);
         }
+
+        tokens.add(token);
     }
 
     /**



Checkout Path: defects4j_work/Cli_20_b
Test Name: org.apache.commons.cli.PosixParserTest::testStop3
Error Message: junit.framework.AssertionFailedError: Confirm  3 extra args: 7
	at junit.framework.Assert.fail(Assert.java:57)
	at junit.framework.Assert.assertTrue(Assert.java:22)
	at junit.framework.TestCase.assertTrue(TestCase.java:192)
	at org.apache.commons.cli.PosixParserTest.testStop3(PosixParserTest.java:169)
	at java.base/jdk.internal.reflect.NativeMethodAccessorImpl.invoke0(Native Method)
	at java.base/jdk.internal.reflect.NativeMethodAccessorImpl.invoke(NativeMethodAccessorImpl.java:62)
	at java.base/jdk.internal.reflect.DelegatingMethodAccessorImpl.invoke(DelegatingMethodAccessorImpl.java:43)
	at java.base/java.lang.reflect.Method.invoke(Method.java:566)
	at junit.framework.TestCase.runTest(TestCase.java:176)
	at junit.framework.TestCase.runBare(TestCase.java:141)
	at junit.framework.TestResult$1.protect(TestResult.java:122)
	at junit.framework.TestResult.runProtected(TestResult.java:142)
	at junit.framework.TestResult.run(TestResult.java:125)
	at junit.framework.TestCase.run(TestCase.java:129)
	at org.apache.tools.ant.taskdefs.optional.junit.JUnitTestRunner.run(JUnitTestRunner.java:520)
	at org.apache.tools.ant.taskdefs.optional.junit.JUnitTask.executeInVM(JUnitTask.java:1492)
	at org.apache.tools.ant.taskdefs.optional.junit.JUnitTask.executeTests(JUnitTask.java:878)
	at org.apache.tools.ant.taskdefs.optional.junit.JUnitTask.executeOrQueue(JUnitTask.java:1980)
	at org.apache.tools.ant.taskdefs.optional.junit.JUnitTask.executeTests(JUnitTask.java:830)
	at org.apache.tools.ant.taskdefs.optional.junit.JUnitTask.execute(JUnitTask.java:2287)
	at org.apache.tools.ant.UnknownElement.execute(UnknownElement.java:291)
	at jdk.internal.reflect.GeneratedMethodAccessor4.invoke(Unknown Source)
	at java.base/jdk.internal.reflect.DelegatingMethodAccessorImpl.invoke(DelegatingMethodAccessorImpl.java:43)
	at java.base/java.lang.reflect.Method.invoke(Method.java:566)
	at org.apache.tools.ant.dispatch.DispatchUtils.execute(DispatchUtils.java:106)
	at org.apache.tools.ant.Task.perform(Task.java:348)
	at org.apache.tools.ant.Target.execute(Target.java:392)
	at org.apache.tools.ant.Target.performTasks(Target.java:413)
	at org.apache.tools.ant.Project.executeSortedTargets(Project.java:1399)
	at org.apache.tools.ant.Project.executeTarget(Project.java:1368)
	at org.apache.tools.ant.helper.DefaultExecutor.executeTargets(DefaultExecutor.java:41)
	at org.apache.tools.ant.Project.executeTargets(Project.java:1251)
	at org.apache.tools.ant.Main.runBuild(Main.java:811)
	at org.apache.tools.ant.Main.startAnt(Main.java:217)
	at org.apache.tools.ant.launch.Launcher.run(Launcher.java:280)
	at org.apache.tools.ant.launch.Launcher.main(Launcher.java:109)
report for Cli-20:
https://issues.apache.org/jira/browse/CLI-165
patch for Cli-20:
--- defects4j_work/Cli_20_b/src/java/org/apache/commons/cli/PosixParser.java	2025-10-13 19:44:51.633958363 +0600
+++ defects4j_work/Cli_20_f/src/java/org/apache/commons/cli/PosixParser.java	2025-10-13 19:44:56.362169694 +0600
@@ -111,14 +111,19 @@
             // handle long option --foo or --foo=bar
             if (token.startsWith("--"))
             {
-                if (token.indexOf('=') != -1)
+                int pos = token.indexOf('=');
+                String opt = pos == -1 ? token : token.substring(0, pos); // --foo
+
+                if (!options.hasOption(opt) && stopAtNonOption)
                 {
-                    tokens.add(token.substring(0, token.indexOf('=')));
-                    tokens.add(token.substring(token.indexOf('=') + 1, token.length()));
+                    process(token);
                 }
                 else
                 {
-                    tokens.add(token);
+                    tokens.add(opt);
+                    if (pos != -1) {
+                        tokens.add(token.substring(pos + 1));
+                    }
                 }
             }
 



Checkout Path: defects4j_work/Cli_21_b
Test Name: org.apache.commons.cli2.bug.BugCLI150Test::testNegativeNumber
Error Message: org.apache.commons.cli2.OptionException: Unexpected -42 while processing --num
	at org.apache.commons.cli2.commandline.Parser.parse(Parser.java:99)
	at org.apache.commons.cli2.bug.BugCLI150Test.testNegativeNumber(BugCLI150Test.java:56)
	at java.base/jdk.internal.reflect.NativeMethodAccessorImpl.invoke0(Native Method)
	at java.base/jdk.internal.reflect.NativeMethodAccessorImpl.invoke(NativeMethodAccessorImpl.java:62)
	at java.base/jdk.internal.reflect.DelegatingMethodAccessorImpl.invoke(DelegatingMethodAccessorImpl.java:43)
	at java.base/java.lang.reflect.Method.invoke(Method.java:566)
	at junit.framework.TestCase.runTest(TestCase.java:176)
	at junit.framework.TestCase.runBare(TestCase.java:141)
	at junit.framework.TestResult$1.protect(TestResult.java:122)
	at junit.framework.TestResult.runProtected(TestResult.java:142)
	at junit.framework.TestResult.run(TestResult.java:125)
	at junit.framework.TestCase.run(TestCase.java:129)
	at org.apache.tools.ant.taskdefs.optional.junit.JUnitTestRunner.run(JUnitTestRunner.java:520)
	at org.apache.tools.ant.taskdefs.optional.junit.JUnitTask.executeInVM(JUnitTask.java:1492)
	at org.apache.tools.ant.taskdefs.optional.junit.JUnitTask.executeTests(JUnitTask.java:878)
	at org.apache.tools.ant.taskdefs.optional.junit.JUnitTask.executeOrQueue(JUnitTask.java:1980)
	at org.apache.tools.ant.taskdefs.optional.junit.JUnitTask.executeTests(JUnitTask.java:830)
	at org.apache.tools.ant.taskdefs.optional.junit.JUnitTask.execute(JUnitTask.java:2287)
	at org.apache.tools.ant.UnknownElement.execute(UnknownElement.java:291)
	at jdk.internal.reflect.GeneratedMethodAccessor4.invoke(Unknown Source)
	at java.base/jdk.internal.reflect.DelegatingMethodAccessorImpl.invoke(DelegatingMethodAccessorImpl.java:43)
	at java.base/java.lang.reflect.Method.invoke(Method.java:566)
	at org.apache.tools.ant.dispatch.DispatchUtils.execute(DispatchUtils.java:106)
	at org.apache.tools.ant.Task.perform(Task.java:348)
	at org.apache.tools.ant.Target.execute(Target.java:392)
	at org.apache.tools.ant.Target.performTasks(Target.java:413)
	at org.apache.tools.ant.Project.executeSortedTargets(Project.java:1399)
	at org.apache.tools.ant.Project.executeTarget(Project.java:1368)
	at org.apache.tools.ant.helper.DefaultExecutor.executeTargets(DefaultExecutor.java:41)
	at org.apache.tools.ant.Project.executeTargets(Project.java:1251)
	at org.apache.tools.ant.Main.runBuild(Main.java:811)
	at org.apache.tools.ant.Main.startAnt(Main.java:217)
	at org.apache.tools.ant.launch.Launcher.run(Launcher.java:280)
	at org.apache.tools.ant.launch.Launcher.main(Launcher.java:109)
report for Cli-21:
https://issues.apache.org/jira/browse/CLI-150
patch for Cli-21:
--- defects4j_work/Cli_21_b/src/java/org/apache/commons/cli2/WriteableCommandLine.java	2025-10-13 19:44:59.350302465 +0600
+++ defects4j_work/Cli_21_f/src/java/org/apache/commons/cli2/WriteableCommandLine.java	2025-10-13 19:45:03.526487112 +0600
@@ -99,6 +99,7 @@
      *
      * @return the current option
      */
+    Option getCurrentOption();
 
     /**
      * Sets the current option. This method is called by concrete option
@@ -107,4 +108,5 @@
      *
      * @param currentOption the new current option
      */
+    void setCurrentOption(Option currentOption);
 }

--- defects4j_work/Cli_21_b/src/java/org/apache/commons/cli2/commandline/WriteableCommandLineImpl.java	2025-10-13 19:44:59.350302465 +0600
+++ defects4j_work/Cli_21_f/src/java/org/apache/commons/cli2/commandline/WriteableCommandLineImpl.java	2025-10-13 19:45:03.526487112 +0600
@@ -48,6 +48,8 @@
     private final Map defaultSwitches = new HashMap();
     private final List normalised;
     private final Set prefixes;
+    private Option currentOption;
+    private String checkForOption;
 
     /**
      * Creates a new WriteableCommandLineImpl rooted on the specified Option, to
@@ -60,9 +62,16 @@
                                     final List arguments) {
         this.prefixes = rootOption.getPrefixes();
         this.normalised = arguments;
+        setCurrentOption(rootOption);
     }
 
+    public Option getCurrentOption() {
+        return currentOption;
+    }
 
+    public void setCurrentOption(Option currentOption) {
+        this.currentOption = currentOption;
+    }
 
     public void addOption(Option option) {
         options.add(option);
@@ -231,18 +240,35 @@
      */
     public boolean looksLikeOption(final String trigger)
     {
+        if (checkForOption != null)
+        {
             // this is a reentrant call
+            return !checkForOption.equals(trigger);
+        }
 
+        checkForOption = trigger;
+        try
+        {
             for (final Iterator i = prefixes.iterator(); i.hasNext();)
             {
                 final String prefix = (String) i.next();
 
                 if (trigger.startsWith(prefix))
                 {
+                    if (getCurrentOption().canProcess(this, trigger)
+                            || getCurrentOption().findOption(trigger) != null)
+                    {
                         return true;
+                    }
                 }
             }
+
             return false;
+        }
+        finally
+        {
+            checkForOption = null;
+        }
     }
 
     public String toString() {

--- defects4j_work/Cli_21_b/src/java/org/apache/commons/cli2/option/GroupImpl.java	2025-10-13 19:44:59.350302465 +0600
+++ defects4j_work/Cli_21_f/src/java/org/apache/commons/cli2/option/GroupImpl.java	2025-10-13 19:45:03.526487112 +0600
@@ -510,7 +510,13 @@
      */
     private boolean looksLikeOption(final WriteableCommandLine commandLine,
             final String trigger) {
+        Option oldOption = commandLine.getCurrentOption();
+        try {
+            commandLine.setCurrentOption(this);
             return commandLine.looksLikeOption(trigger);
+        } finally {
+            commandLine.setCurrentOption(oldOption);
+        }
     }
 }
 



Checkout Path: defects4j_work/Cli_22_b
Test Name: org.apache.commons.cli.ApplicationTest::testGroovy
Error Message: junit.framework.ComparisonFailure: expected:<[println 'hello']> but was:<[--]>
	at junit.framework.Assert.assertEquals(Assert.java:100)
	at junit.framework.Assert.assertEquals(Assert.java:107)
	at junit.framework.TestCase.assertEquals(TestCase.java:269)
	at org.apache.commons.cli.ApplicationTest.testGroovy(ApplicationTest.java:169)
	at java.base/jdk.internal.reflect.NativeMethodAccessorImpl.invoke0(Native Method)
	at java.base/jdk.internal.reflect.NativeMethodAccessorImpl.invoke(NativeMethodAccessorImpl.java:62)
	at java.base/jdk.internal.reflect.DelegatingMethodAccessorImpl.invoke(DelegatingMethodAccessorImpl.java:43)
	at java.base/java.lang.reflect.Method.invoke(Method.java:566)
	at junit.framework.TestCase.runTest(TestCase.java:176)
	at junit.framework.TestCase.runBare(TestCase.java:141)
	at junit.framework.TestResult$1.protect(TestResult.java:122)
	at junit.framework.TestResult.runProtected(TestResult.java:142)
	at junit.framework.TestResult.run(TestResult.java:125)
	at junit.framework.TestCase.run(TestCase.java:129)
	at org.apache.tools.ant.taskdefs.optional.junit.JUnitTestRunner.run(JUnitTestRunner.java:520)
	at org.apache.tools.ant.taskdefs.optional.junit.JUnitTask.executeInVM(JUnitTask.java:1492)
	at org.apache.tools.ant.taskdefs.optional.junit.JUnitTask.executeTests(JUnitTask.java:878)
	at org.apache.tools.ant.taskdefs.optional.junit.JUnitTask.executeOrQueue(JUnitTask.java:1980)
	at org.apache.tools.ant.taskdefs.optional.junit.JUnitTask.executeTests(JUnitTask.java:830)
	at org.apache.tools.ant.taskdefs.optional.junit.JUnitTask.execute(JUnitTask.java:2287)
	at org.apache.tools.ant.UnknownElement.execute(UnknownElement.java:291)
	at jdk.internal.reflect.GeneratedMethodAccessor4.invoke(Unknown Source)
	at java.base/jdk.internal.reflect.DelegatingMethodAccessorImpl.invoke(DelegatingMethodAccessorImpl.java:43)
	at java.base/java.lang.reflect.Method.invoke(Method.java:566)
	at org.apache.tools.ant.dispatch.DispatchUtils.execute(DispatchUtils.java:106)
	at org.apache.tools.ant.Task.perform(Task.java:348)
	at org.apache.tools.ant.Target.execute(Target.java:392)
	at org.apache.tools.ant.Target.performTasks(Target.java:413)
	at org.apache.tools.ant.Project.executeSortedTargets(Project.java:1399)
	at org.apache.tools.ant.Project.executeTarget(Project.java:1368)
	at org.apache.tools.ant.helper.DefaultExecutor.executeTargets(DefaultExecutor.java:41)
	at org.apache.tools.ant.Project.executeTargets(Project.java:1251)
	at org.apache.tools.ant.Main.runBuild(Main.java:811)
	at org.apache.tools.ant.Main.startAnt(Main.java:217)
	at org.apache.tools.ant.launch.Launcher.run(Launcher.java:280)
	at org.apache.tools.ant.launch.Launcher.main(Launcher.java:109)
Checkout Path: defects4j_work/Cli_22_b
Test Name: org.apache.commons.cli.PosixParserTest::testStopAtExpectedArg
Error Message: junit.framework.ComparisonFailure: Confirm -b is set expected:<[foo]> but was:<[--]>
	at junit.framework.Assert.assertEquals(Assert.java:100)
	at junit.framework.TestCase.assertEquals(TestCase.java:261)
	at org.apache.commons.cli.ParserTestCase.testStopAtExpectedArg(ParserTestCase.java:194)
	at java.base/jdk.internal.reflect.NativeMethodAccessorImpl.invoke0(Native Method)
	at java.base/jdk.internal.reflect.NativeMethodAccessorImpl.invoke(NativeMethodAccessorImpl.java:62)
	at java.base/jdk.internal.reflect.DelegatingMethodAccessorImpl.invoke(DelegatingMethodAccessorImpl.java:43)
	at java.base/java.lang.reflect.Method.invoke(Method.java:566)
	at junit.framework.TestCase.runTest(TestCase.java:176)
	at junit.framework.TestCase.runBare(TestCase.java:141)
	at junit.framework.TestResult$1.protect(TestResult.java:122)
	at junit.framework.TestResult.runProtected(TestResult.java:142)
	at junit.framework.TestResult.run(TestResult.java:125)
	at junit.framework.TestCase.run(TestCase.java:129)
	at org.apache.tools.ant.taskdefs.optional.junit.JUnitTestRunner.run(JUnitTestRunner.java:520)
	at org.apache.tools.ant.taskdefs.optional.junit.JUnitTask.executeInVM(JUnitTask.java:1492)
	at org.apache.tools.ant.taskdefs.optional.junit.JUnitTask.executeTests(JUnitTask.java:878)
	at org.apache.tools.ant.taskdefs.optional.junit.JUnitTask.executeOrQueue(JUnitTask.java:1980)
	at org.apache.tools.ant.taskdefs.optional.junit.JUnitTask.executeTests(JUnitTask.java:830)
	at org.apache.tools.ant.taskdefs.optional.junit.JUnitTask.execute(JUnitTask.java:2287)
	at org.apache.tools.ant.UnknownElement.execute(UnknownElement.java:291)
	at jdk.internal.reflect.GeneratedMethodAccessor4.invoke(Unknown Source)
	at java.base/jdk.internal.reflect.DelegatingMethodAccessorImpl.invoke(DelegatingMethodAccessorImpl.java:43)
	at java.base/java.lang.reflect.Method.invoke(Method.java:566)
	at org.apache.tools.ant.dispatch.DispatchUtils.execute(DispatchUtils.java:106)
	at org.apache.tools.ant.Task.perform(Task.java:348)
	at org.apache.tools.ant.Target.execute(Target.java:392)
	at org.apache.tools.ant.Target.performTasks(Target.java:413)
	at org.apache.tools.ant.Project.executeSortedTargets(Project.java:1399)
	at org.apache.tools.ant.Project.executeTarget(Project.java:1368)
	at org.apache.tools.ant.helper.DefaultExecutor.executeTargets(DefaultExecutor.java:41)
	at org.apache.tools.ant.Project.executeTargets(Project.java:1251)
	at org.apache.tools.ant.Main.runBuild(Main.java:811)
	at org.apache.tools.ant.Main.startAnt(Main.java:217)
	at org.apache.tools.ant.launch.Launcher.run(Launcher.java:280)
	at org.apache.tools.ant.launch.Launcher.main(Launcher.java:109)
report for Cli-22:
https://issues.apache.org/jira/browse/CLI-1
patch for Cli-22:
--- defects4j_work/Cli_22_b/src/java/org/apache/commons/cli/PosixParser.java	2025-10-13 19:45:07.742673121 +0600
+++ defects4j_work/Cli_22_f/src/java/org/apache/commons/cli/PosixParser.java	2025-10-13 19:45:13.070905179 +0600
@@ -38,6 +38,7 @@
     private boolean eatTheRest;
 
     /** holder for the current option */
+    private Option currentOption;
 
     /** the command line Options */
     private Options options;
@@ -113,10 +114,11 @@
 
                 if (!options.hasOption(opt))
                 {
-                    processNonOptionToken(token);
+                    processNonOptionToken(token, stopAtNonOption);
                 }
                 else
                 {
+                    currentOption = options.getOption(opt);
                     
                     tokens.add(opt);
                     if (pos != -1)
@@ -143,13 +145,9 @@
                     burstToken(token, stopAtNonOption);
                 }
             }
-            else if (stopAtNonOption)
-            {
-                processNonOptionToken(token);
-            }
             else
             {
-                tokens.add(token);
+                processNonOptionToken(token, stopAtNonOption);
             }
 
             gobble(iter);
@@ -181,10 +179,13 @@
      *
      * @param value The current token
      */
-    private void processNonOptionToken(String value)
+    private void processNonOptionToken(String value, boolean stopAtNonOption)
     {
+        if (stopAtNonOption && (currentOption == null || !currentOption.hasArg()))
+        {
             eatTheRest = true;
             tokens.add("--");
+        }
 
         tokens.add(value);
     }
@@ -208,6 +209,10 @@
             eatTheRest = true;
         }
 
+        if (options.hasOption(token))
+        {
+            currentOption = options.getOption(token);
+        }
 
         tokens.add(token);
     }
@@ -240,7 +245,6 @@
      */
     protected void burstToken(String token, boolean stopAtNonOption)
     {
-        Option currentOption;
         for (int i = 1; i < token.length(); i++)
         {
             String ch = String.valueOf(token.charAt(i));
@@ -259,7 +263,7 @@
             }
             else if (stopAtNonOption)
             {
-                processNonOptionToken(token.substring(i));
+                processNonOptionToken(token.substring(i), true);
                 break;
             }
             else



Checkout Path: defects4j_work/Cli_23_b
Test Name: org.apache.commons.cli.bug.BugCLI162Test::testInfiniteLoop
Error Message: java.lang.RuntimeException: Text too long for line - throwing exception to avoid infinite loop [CLI-162]:              looooong description
	at org.apache.commons.cli.HelpFormatter.renderWrappedText(HelpFormatter.java:836)
	at org.apache.commons.cli.HelpFormatter.renderOptions(HelpFormatter.java:783)
	at org.apache.commons.cli.HelpFormatter.printOptions(HelpFormatter.java:662)
	at org.apache.commons.cli.HelpFormatter.printHelp(HelpFormatter.java:485)
	at org.apache.commons.cli.HelpFormatter.printHelp(HelpFormatter.java:418)
	at org.apache.commons.cli.HelpFormatter.printHelp(HelpFormatter.java:334)
	at org.apache.commons.cli.bug.BugCLI162Test.testInfiniteLoop(BugCLI162Test.java:45)
	at java.base/jdk.internal.reflect.NativeMethodAccessorImpl.invoke0(Native Method)
	at java.base/jdk.internal.reflect.NativeMethodAccessorImpl.invoke(NativeMethodAccessorImpl.java:62)
	at java.base/jdk.internal.reflect.DelegatingMethodAccessorImpl.invoke(DelegatingMethodAccessorImpl.java:43)
	at java.base/java.lang.reflect.Method.invoke(Method.java:566)
	at junit.framework.TestCase.runTest(TestCase.java:176)
	at junit.framework.TestCase.runBare(TestCase.java:141)
	at junit.framework.TestResult$1.protect(TestResult.java:122)
	at junit.framework.TestResult.runProtected(TestResult.java:142)
	at junit.framework.TestResult.run(TestResult.java:125)
	at junit.framework.TestCase.run(TestCase.java:129)
	at org.apache.tools.ant.taskdefs.optional.junit.JUnitTestRunner.run(JUnitTestRunner.java:520)
	at org.apache.tools.ant.taskdefs.optional.junit.JUnitTask.executeInVM(JUnitTask.java:1492)
	at org.apache.tools.ant.taskdefs.optional.junit.JUnitTask.executeTests(JUnitTask.java:878)
	at org.apache.tools.ant.taskdefs.optional.junit.JUnitTask.executeOrQueue(JUnitTask.java:1980)
	at org.apache.tools.ant.taskdefs.optional.junit.JUnitTask.executeTests(JUnitTask.java:830)
	at org.apache.tools.ant.taskdefs.optional.junit.JUnitTask.execute(JUnitTask.java:2287)
	at org.apache.tools.ant.UnknownElement.execute(UnknownElement.java:291)
	at jdk.internal.reflect.GeneratedMethodAccessor4.invoke(Unknown Source)
	at java.base/jdk.internal.reflect.DelegatingMethodAccessorImpl.invoke(DelegatingMethodAccessorImpl.java:43)
	at java.base/java.lang.reflect.Method.invoke(Method.java:566)
	at org.apache.tools.ant.dispatch.DispatchUtils.execute(DispatchUtils.java:106)
	at org.apache.tools.ant.Task.perform(Task.java:348)
	at org.apache.tools.ant.Target.execute(Target.java:392)
	at org.apache.tools.ant.Target.performTasks(Target.java:413)
	at org.apache.tools.ant.Project.executeSortedTargets(Project.java:1399)
	at org.apache.tools.ant.Project.executeTarget(Project.java:1368)
	at org.apache.tools.ant.helper.DefaultExecutor.executeTargets(DefaultExecutor.java:41)
	at org.apache.tools.ant.Project.executeTargets(Project.java:1251)
	at org.apache.tools.ant.Main.runBuild(Main.java:811)
	at org.apache.tools.ant.Main.startAnt(Main.java:217)
	at org.apache.tools.ant.launch.Launcher.run(Launcher.java:280)
	at org.apache.tools.ant.launch.Launcher.main(Launcher.java:109)
Checkout Path: defects4j_work/Cli_23_b
Test Name: org.apache.commons.cli.bug.BugCLI162Test::testPrintHelpLongLines
Error Message: java.lang.RuntimeException: Text too long for line - throwing exception to avoid infinite loop [CLI-162]:                              used if omited. Example: -e "Runs such and such"
	at org.apache.commons.cli.HelpFormatter.renderWrappedText(HelpFormatter.java:836)
	at org.apache.commons.cli.HelpFormatter.renderOptions(HelpFormatter.java:783)
	at org.apache.commons.cli.HelpFormatter.printOptions(HelpFormatter.java:662)
	at org.apache.commons.cli.HelpFormatter.printHelp(HelpFormatter.java:485)
	at org.apache.commons.cli.HelpFormatter.printHelp(HelpFormatter.java:418)
	at org.apache.commons.cli.HelpFormatter.printHelp(HelpFormatter.java:334)
	at org.apache.commons.cli.bug.BugCLI162Test.testPrintHelp(BugCLI162Test.java:49)
	at org.apache.commons.cli.bug.BugCLI162Test.testPrintHelpLongLines(BugCLI162Test.java:236)
	at java.base/jdk.internal.reflect.NativeMethodAccessorImpl.invoke0(Native Method)
	at java.base/jdk.internal.reflect.NativeMethodAccessorImpl.invoke(NativeMethodAccessorImpl.java:62)
	at java.base/jdk.internal.reflect.DelegatingMethodAccessorImpl.invoke(DelegatingMethodAccessorImpl.java:43)
	at java.base/java.lang.reflect.Method.invoke(Method.java:566)
	at junit.framework.TestCase.runTest(TestCase.java:176)
	at junit.framework.TestCase.runBare(TestCase.java:141)
	at junit.framework.TestResult$1.protect(TestResult.java:122)
	at junit.framework.TestResult.runProtected(TestResult.java:142)
	at junit.framework.TestResult.run(TestResult.java:125)
	at junit.framework.TestCase.run(TestCase.java:129)
	at org.apache.tools.ant.taskdefs.optional.junit.JUnitTestRunner.run(JUnitTestRunner.java:520)
	at org.apache.tools.ant.taskdefs.optional.junit.JUnitTask.executeInVM(JUnitTask.java:1492)
	at org.apache.tools.ant.taskdefs.optional.junit.JUnitTask.executeTests(JUnitTask.java:878)
	at org.apache.tools.ant.taskdefs.optional.junit.JUnitTask.executeOrQueue(JUnitTask.java:1980)
	at org.apache.tools.ant.taskdefs.optional.junit.JUnitTask.executeTests(JUnitTask.java:830)
	at org.apache.tools.ant.taskdefs.optional.junit.JUnitTask.execute(JUnitTask.java:2287)
	at org.apache.tools.ant.UnknownElement.execute(UnknownElement.java:291)
	at jdk.internal.reflect.GeneratedMethodAccessor4.invoke(Unknown Source)
	at java.base/jdk.internal.reflect.DelegatingMethodAccessorImpl.invoke(DelegatingMethodAccessorImpl.java:43)
	at java.base/java.lang.reflect.Method.invoke(Method.java:566)
	at org.apache.tools.ant.dispatch.DispatchUtils.execute(DispatchUtils.java:106)
	at org.apache.tools.ant.Task.perform(Task.java:348)
	at org.apache.tools.ant.Target.execute(Target.java:392)
	at org.apache.tools.ant.Target.performTasks(Target.java:413)
	at org.apache.tools.ant.Project.executeSortedTargets(Project.java:1399)
	at org.apache.tools.ant.Project.executeTarget(Project.java:1368)
	at org.apache.tools.ant.helper.DefaultExecutor.executeTargets(DefaultExecutor.java:41)
	at org.apache.tools.ant.Project.executeTargets(Project.java:1251)
	at org.apache.tools.ant.Main.runBuild(Main.java:811)
	at org.apache.tools.ant.Main.startAnt(Main.java:217)
	at org.apache.tools.ant.launch.Launcher.run(Launcher.java:280)
	at org.apache.tools.ant.launch.Launcher.main(Launcher.java:109)
report for Cli-23:
https://issues.apache.org/jira/browse/CLI-162
patch for Cli-23:
--- defects4j_work/Cli_23_b/src/java/org/apache/commons/cli/HelpFormatter.java	2025-10-13 19:45:16.911060149 +0600
+++ defects4j_work/Cli_23_f/src/java/org/apache/commons/cli/HelpFormatter.java	2025-10-13 19:45:22.249133586 +0600
@@ -821,7 +821,6 @@
 
         while (true)
         {
-            int lastPos = pos;
             text = padding + text.substring(pos).trim();
             pos = findWrapPos(text, width, 0);
 
@@ -830,10 +829,12 @@
                 sb.append(text);
 
                 return sb;
-            } else
-            if (pos == lastPos)
-            {
-                throw new RuntimeException("Text too long for line - throwing exception to avoid infinite loop [CLI-162]: " + text);
+            }
+            
+            if ( (text.length() > width) && (pos == nextLineTabStop - 1) ) {
+                sb.append(text);
+
+                return sb;
             }
 
             sb.append(rtrim(text.substring(0, pos))).append(defaultNewLine);



Checkout Path: defects4j_work/Cli_24_b
Test Name: org.apache.commons.cli.bug.BugCLI162Test::testLongLineChunkingIndentIgnored
Error Message: java.lang.IllegalStateException: Total width is less than the width of the argument and indent - no room for the description
	at org.apache.commons.cli.HelpFormatter.renderWrappedText(HelpFormatter.java:825)
	at org.apache.commons.cli.HelpFormatter.renderOptions(HelpFormatter.java:787)
	at org.apache.commons.cli.HelpFormatter.printOptions(HelpFormatter.java:666)
	at org.apache.commons.cli.HelpFormatter.printHelp(HelpFormatter.java:489)
	at org.apache.commons.cli.HelpFormatter.printHelp(HelpFormatter.java:443)
	at org.apache.commons.cli.bug.BugCLI162Test.testLongLineChunkingIndentIgnored(BugCLI162Test.java:269)
	at java.base/jdk.internal.reflect.NativeMethodAccessorImpl.invoke0(Native Method)
	at java.base/jdk.internal.reflect.NativeMethodAccessorImpl.invoke(NativeMethodAccessorImpl.java:62)
	at java.base/jdk.internal.reflect.DelegatingMethodAccessorImpl.invoke(DelegatingMethodAccessorImpl.java:43)
	at java.base/java.lang.reflect.Method.invoke(Method.java:566)
	at junit.framework.TestCase.runTest(TestCase.java:176)
	at junit.framework.TestCase.runBare(TestCase.java:141)
	at junit.framework.TestResult$1.protect(TestResult.java:122)
	at junit.framework.TestResult.runProtected(TestResult.java:142)
	at junit.framework.TestResult.run(TestResult.java:125)
	at junit.framework.TestCase.run(TestCase.java:129)
	at org.apache.tools.ant.taskdefs.optional.junit.JUnitTestRunner.run(JUnitTestRunner.java:520)
	at org.apache.tools.ant.taskdefs.optional.junit.JUnitTask.executeInVM(JUnitTask.java:1492)
	at org.apache.tools.ant.taskdefs.optional.junit.JUnitTask.executeTests(JUnitTask.java:878)
	at org.apache.tools.ant.taskdefs.optional.junit.JUnitTask.executeOrQueue(JUnitTask.java:1980)
	at org.apache.tools.ant.taskdefs.optional.junit.JUnitTask.executeTests(JUnitTask.java:830)
	at org.apache.tools.ant.taskdefs.optional.junit.JUnitTask.execute(JUnitTask.java:2287)
	at org.apache.tools.ant.UnknownElement.execute(UnknownElement.java:291)
	at jdk.internal.reflect.GeneratedMethodAccessor4.invoke(Unknown Source)
	at java.base/jdk.internal.reflect.DelegatingMethodAccessorImpl.invoke(DelegatingMethodAccessorImpl.java:43)
	at java.base/java.lang.reflect.Method.invoke(Method.java:566)
	at org.apache.tools.ant.dispatch.DispatchUtils.execute(DispatchUtils.java:106)
	at org.apache.tools.ant.Task.perform(Task.java:348)
	at org.apache.tools.ant.Target.execute(Target.java:392)
	at org.apache.tools.ant.Target.performTasks(Target.java:413)
	at org.apache.tools.ant.Project.executeSortedTargets(Project.java:1399)
	at org.apache.tools.ant.Project.executeTarget(Project.java:1368)
	at org.apache.tools.ant.helper.DefaultExecutor.executeTargets(DefaultExecutor.java:41)
	at org.apache.tools.ant.Project.executeTargets(Project.java:1251)
	at org.apache.tools.ant.Main.runBuild(Main.java:811)
	at org.apache.tools.ant.Main.startAnt(Main.java:217)
	at org.apache.tools.ant.launch.Launcher.run(Launcher.java:280)
	at org.apache.tools.ant.launch.Launcher.main(Launcher.java:109)
report for Cli-24:
https://issues.apache.org/jira/browse/CLI-162
patch for Cli-24:
--- defects4j_work/Cli_24_b/src/java/org/apache/commons/cli/HelpFormatter.java	2025-10-13 19:45:26.125221349 +0600
+++ defects4j_work/Cli_24_f/src/java/org/apache/commons/cli/HelpFormatter.java	2025-10-13 19:45:30.501397532 +0600
@@ -822,8 +822,7 @@
         if (nextLineTabStop >= width)
         {
             // stops infinite loop happening
-            throw new IllegalStateException("Total width is less than the width of the argument and indent " + 
-                                            "- no room for the description");
+            nextLineTabStop = width - 1;
         }
 
         // all following lines must be padded with nextLineTabStop space 



Checkout Path: defects4j_work/Cli_25_b
Test Name: org.apache.commons.cli.bug.BugCLI162Test::testLongLineChunkingIndentIgnored
Error Message: junit.framework.ComparisonFailure: Long arguments did not split as expected expected:<...
-x,--extralongarg
 [This description is
 Long].
Footer
> but was:<...
-x,--extralongarg
 [                    T
                     h
                     i
                     s
                     d
                     e
                     s
                     c
                     r
                     i
                     p
                     t
                     i
                     o
                     n
                     i
                     s
                     L
                     o
                     n
                     g
                     ].
Footer
>
	at junit.framework.Assert.assertEquals(Assert.java:100)
	at junit.framework.TestCase.assertEquals(TestCase.java:261)
	at org.apache.commons.cli.bug.BugCLI162Test.testLongLineChunkingIndentIgnored(BugCLI162Test.java:280)
	at java.base/jdk.internal.reflect.NativeMethodAccessorImpl.invoke0(Native Method)
	at java.base/jdk.internal.reflect.NativeMethodAccessorImpl.invoke(NativeMethodAccessorImpl.java:62)
	at java.base/jdk.internal.reflect.DelegatingMethodAccessorImpl.invoke(DelegatingMethodAccessorImpl.java:43)
	at java.base/java.lang.reflect.Method.invoke(Method.java:566)
	at junit.framework.TestCase.runTest(TestCase.java:176)
	at junit.framework.TestCase.runBare(TestCase.java:141)
	at junit.framework.TestResult$1.protect(TestResult.java:122)
	at junit.framework.TestResult.runProtected(TestResult.java:142)
	at junit.framework.TestResult.run(TestResult.java:125)
	at junit.framework.TestCase.run(TestCase.java:129)
	at org.apache.tools.ant.taskdefs.optional.junit.JUnitTestRunner.run(JUnitTestRunner.java:520)
	at org.apache.tools.ant.taskdefs.optional.junit.JUnitTask.executeInVM(JUnitTask.java:1492)
	at org.apache.tools.ant.taskdefs.optional.junit.JUnitTask.executeTests(JUnitTask.java:878)
	at org.apache.tools.ant.taskdefs.optional.junit.JUnitTask.executeOrQueue(JUnitTask.java:1980)
	at org.apache.tools.ant.taskdefs.optional.junit.JUnitTask.executeTests(JUnitTask.java:830)
	at org.apache.tools.ant.taskdefs.optional.junit.JUnitTask.execute(JUnitTask.java:2287)
	at org.apache.tools.ant.UnknownElement.execute(UnknownElement.java:291)
	at jdk.internal.reflect.GeneratedMethodAccessor4.invoke(Unknown Source)
	at java.base/jdk.internal.reflect.DelegatingMethodAccessorImpl.invoke(DelegatingMethodAccessorImpl.java:43)
	at java.base/java.lang.reflect.Method.invoke(Method.java:566)
	at org.apache.tools.ant.dispatch.DispatchUtils.execute(DispatchUtils.java:106)
	at org.apache.tools.ant.Task.perform(Task.java:348)
	at org.apache.tools.ant.Target.execute(Target.java:392)
	at org.apache.tools.ant.Target.performTasks(Target.java:413)
	at org.apache.tools.ant.Project.executeSortedTargets(Project.java:1399)
	at org.apache.tools.ant.Project.executeTarget(Project.java:1368)
	at org.apache.tools.ant.helper.DefaultExecutor.executeTargets(DefaultExecutor.java:41)
	at org.apache.tools.ant.Project.executeTargets(Project.java:1251)
	at org.apache.tools.ant.Main.runBuild(Main.java:811)
	at org.apache.tools.ant.Main.startAnt(Main.java:217)
	at org.apache.tools.ant.launch.Launcher.run(Launcher.java:280)
	at org.apache.tools.ant.launch.Launcher.main(Launcher.java:109)
report for Cli-25:
https://issues.apache.org/jira/browse/CLI-162
patch for Cli-25:
--- defects4j_work/Cli_25_b/src/java/org/apache/commons/cli/HelpFormatter.java	2025-10-13 19:45:34.385552492 +0600
+++ defects4j_work/Cli_25_f/src/java/org/apache/commons/cli/HelpFormatter.java	2025-10-13 19:45:39.741763716 +0600
@@ -822,7 +822,7 @@
         if (nextLineTabStop >= width)
         {
             // stops infinite loop happening
-            nextLineTabStop = width - 1;
+            nextLineTabStop = 1;
         }
 
         // all following lines must be padded with nextLineTabStop space 



Checkout Path: defects4j_work/Cli_26_b
Test Name: org.apache.commons.cli.OptionBuilderTest::testBuilderIsResettedAlways
Error Message: junit.framework.AssertionFailedError: we inherited a description
	at junit.framework.Assert.fail(Assert.java:57)
	at junit.framework.Assert.assertTrue(Assert.java:22)
	at junit.framework.Assert.assertNull(Assert.java:277)
	at junit.framework.TestCase.assertNull(TestCase.java:447)
	at org.apache.commons.cli.OptionBuilderTest.testBuilderIsResettedAlways(OptionBuilderTest.java:164)
	at java.base/jdk.internal.reflect.NativeMethodAccessorImpl.invoke0(Native Method)
	at java.base/jdk.internal.reflect.NativeMethodAccessorImpl.invoke(NativeMethodAccessorImpl.java:62)
	at java.base/jdk.internal.reflect.DelegatingMethodAccessorImpl.invoke(DelegatingMethodAccessorImpl.java:43)
	at java.base/java.lang.reflect.Method.invoke(Method.java:566)
	at junit.framework.TestCase.runTest(TestCase.java:176)
	at junit.framework.TestCase.runBare(TestCase.java:141)
	at junit.framework.TestResult$1.protect(TestResult.java:122)
	at junit.framework.TestResult.runProtected(TestResult.java:142)
	at junit.framework.TestResult.run(TestResult.java:125)
	at junit.framework.TestCase.run(TestCase.java:129)
	at org.apache.tools.ant.taskdefs.optional.junit.JUnitTestRunner.run(JUnitTestRunner.java:520)
	at org.apache.tools.ant.taskdefs.optional.junit.JUnitTask.executeInVM(JUnitTask.java:1492)
	at org.apache.tools.ant.taskdefs.optional.junit.JUnitTask.executeTests(JUnitTask.java:878)
	at org.apache.tools.ant.taskdefs.optional.junit.JUnitTask.executeOrQueue(JUnitTask.java:1980)
	at org.apache.tools.ant.taskdefs.optional.junit.JUnitTask.executeTests(JUnitTask.java:830)
	at org.apache.tools.ant.taskdefs.optional.junit.JUnitTask.execute(JUnitTask.java:2287)
	at org.apache.tools.ant.UnknownElement.execute(UnknownElement.java:291)
	at jdk.internal.reflect.GeneratedMethodAccessor4.invoke(Unknown Source)
	at java.base/jdk.internal.reflect.DelegatingMethodAccessorImpl.invoke(DelegatingMethodAccessorImpl.java:43)
	at java.base/java.lang.reflect.Method.invoke(Method.java:566)
	at org.apache.tools.ant.dispatch.DispatchUtils.execute(DispatchUtils.java:106)
	at org.apache.tools.ant.Task.perform(Task.java:348)
	at org.apache.tools.ant.Target.execute(Target.java:392)
	at org.apache.tools.ant.Target.performTasks(Target.java:413)
	at org.apache.tools.ant.Project.executeSortedTargets(Project.java:1399)
	at org.apache.tools.ant.Project.executeTarget(Project.java:1368)
	at org.apache.tools.ant.helper.DefaultExecutor.executeTargets(DefaultExecutor.java:41)
	at org.apache.tools.ant.Project.executeTargets(Project.java:1251)
	at org.apache.tools.ant.Main.runBuild(Main.java:811)
	at org.apache.tools.ant.Main.startAnt(Main.java:217)
	at org.apache.tools.ant.launch.Launcher.run(Launcher.java:280)
	at org.apache.tools.ant.launch.Launcher.main(Launcher.java:109)
report for Cli-26:
https://issues.apache.org/jira/browse/CLI-177
patch for Cli-26:
--- defects4j_work/Cli_26_b/src/java/org/apache/commons/cli/OptionBuilder.java	2025-10-13 19:45:42.617876788 +0600
+++ defects4j_work/Cli_26_f/src/java/org/apache/commons/cli/OptionBuilder.java	2025-10-13 19:45:46.022010412 +0600
@@ -345,8 +345,10 @@
      */
     public static Option create(String opt) throws IllegalArgumentException
     {
+        Option option = null;
+        try {
             // create the option
-        Option option = new Option(opt, description);
+            option = new Option(opt, description);
 
             // set the option properties
             option.setLongOpt(longopt);
@@ -356,8 +358,10 @@
             option.setType(type);
             option.setValueSeparator(valuesep);
             option.setArgName(argName);
+        } finally {
             // reset the OptionBuilder properties
             OptionBuilder.reset();
+        }
 
         // return the Option instance
         return option;



Checkout Path: defects4j_work/Cli_27_b
Test Name: org.apache.commons.cli.BasicParserTest::testOptionGroupLong
Error Message: junit.framework.ComparisonFailure: selected option expected:<bar> but was:<null>
	at junit.framework.Assert.assertEquals(Assert.java:100)
	at junit.framework.TestCase.assertEquals(TestCase.java:261)
	at org.apache.commons.cli.ParserTestCase.testOptionGroupLong(ParserTestCase.java:631)
	at java.base/jdk.internal.reflect.NativeMethodAccessorImpl.invoke0(Native Method)
	at java.base/jdk.internal.reflect.NativeMethodAccessorImpl.invoke(NativeMethodAccessorImpl.java:62)
	at java.base/jdk.internal.reflect.DelegatingMethodAccessorImpl.invoke(DelegatingMethodAccessorImpl.java:43)
	at java.base/java.lang.reflect.Method.invoke(Method.java:566)
	at junit.framework.TestCase.runTest(TestCase.java:176)
	at junit.framework.TestCase.runBare(TestCase.java:141)
	at junit.framework.TestResult$1.protect(TestResult.java:122)
	at junit.framework.TestResult.runProtected(TestResult.java:142)
	at junit.framework.TestResult.run(TestResult.java:125)
	at junit.framework.TestCase.run(TestCase.java:129)
	at org.apache.tools.ant.taskdefs.optional.junit.JUnitTestRunner.run(JUnitTestRunner.java:520)
	at org.apache.tools.ant.taskdefs.optional.junit.JUnitTask.executeInVM(JUnitTask.java:1492)
	at org.apache.tools.ant.taskdefs.optional.junit.JUnitTask.executeTests(JUnitTask.java:878)
	at org.apache.tools.ant.taskdefs.optional.junit.JUnitTask.executeOrQueue(JUnitTask.java:1980)
	at org.apache.tools.ant.taskdefs.optional.junit.JUnitTask.executeTests(JUnitTask.java:830)
	at org.apache.tools.ant.taskdefs.optional.junit.JUnitTask.execute(JUnitTask.java:2287)
	at org.apache.tools.ant.UnknownElement.execute(UnknownElement.java:291)
	at jdk.internal.reflect.GeneratedMethodAccessor4.invoke(Unknown Source)
	at java.base/jdk.internal.reflect.DelegatingMethodAccessorImpl.invoke(DelegatingMethodAccessorImpl.java:43)
	at java.base/java.lang.reflect.Method.invoke(Method.java:566)
	at org.apache.tools.ant.dispatch.DispatchUtils.execute(DispatchUtils.java:106)
	at org.apache.tools.ant.Task.perform(Task.java:348)
	at org.apache.tools.ant.Target.execute(Target.java:392)
	at org.apache.tools.ant.Target.performTasks(Target.java:413)
	at org.apache.tools.ant.Project.executeSortedTargets(Project.java:1399)
	at org.apache.tools.ant.Project.executeTarget(Project.java:1368)
	at org.apache.tools.ant.helper.DefaultExecutor.executeTargets(DefaultExecutor.java:41)
	at org.apache.tools.ant.Project.executeTargets(Project.java:1251)
	at org.apache.tools.ant.Main.runBuild(Main.java:811)
	at org.apache.tools.ant.Main.startAnt(Main.java:217)
	at org.apache.tools.ant.launch.Launcher.run(Launcher.java:280)
	at org.apache.tools.ant.launch.Launcher.main(Launcher.java:109)
Checkout Path: defects4j_work/Cli_27_b
Test Name: org.apache.commons.cli.GnuParserTest::testOptionGroupLong
Error Message: junit.framework.ComparisonFailure: selected option expected:<bar> but was:<null>
	at junit.framework.Assert.assertEquals(Assert.java:100)
	at junit.framework.TestCase.assertEquals(TestCase.java:261)
	at org.apache.commons.cli.ParserTestCase.testOptionGroupLong(ParserTestCase.java:631)
	at java.base/jdk.internal.reflect.NativeMethodAccessorImpl.invoke0(Native Method)
	at java.base/jdk.internal.reflect.NativeMethodAccessorImpl.invoke(NativeMethodAccessorImpl.java:62)
	at java.base/jdk.internal.reflect.DelegatingMethodAccessorImpl.invoke(DelegatingMethodAccessorImpl.java:43)
	at java.base/java.lang.reflect.Method.invoke(Method.java:566)
	at junit.framework.TestCase.runTest(TestCase.java:176)
	at junit.framework.TestCase.runBare(TestCase.java:141)
	at junit.framework.TestResult$1.protect(TestResult.java:122)
	at junit.framework.TestResult.runProtected(TestResult.java:142)
	at junit.framework.TestResult.run(TestResult.java:125)
	at junit.framework.TestCase.run(TestCase.java:129)
	at org.apache.tools.ant.taskdefs.optional.junit.JUnitTestRunner.run(JUnitTestRunner.java:520)
	at org.apache.tools.ant.taskdefs.optional.junit.JUnitTask.executeInVM(JUnitTask.java:1492)
	at org.apache.tools.ant.taskdefs.optional.junit.JUnitTask.executeTests(JUnitTask.java:878)
	at org.apache.tools.ant.taskdefs.optional.junit.JUnitTask.executeOrQueue(JUnitTask.java:1980)
	at org.apache.tools.ant.taskdefs.optional.junit.JUnitTask.executeTests(JUnitTask.java:830)
	at org.apache.tools.ant.taskdefs.optional.junit.JUnitTask.execute(JUnitTask.java:2287)
	at org.apache.tools.ant.UnknownElement.execute(UnknownElement.java:291)
	at jdk.internal.reflect.GeneratedMethodAccessor4.invoke(Unknown Source)
	at java.base/jdk.internal.reflect.DelegatingMethodAccessorImpl.invoke(DelegatingMethodAccessorImpl.java:43)
	at java.base/java.lang.reflect.Method.invoke(Method.java:566)
	at org.apache.tools.ant.dispatch.DispatchUtils.execute(DispatchUtils.java:106)
	at org.apache.tools.ant.Task.perform(Task.java:348)
	at org.apache.tools.ant.Target.execute(Target.java:392)
	at org.apache.tools.ant.Target.performTasks(Target.java:413)
	at org.apache.tools.ant.Project.executeSortedTargets(Project.java:1399)
	at org.apache.tools.ant.Project.executeTarget(Project.java:1368)
	at org.apache.tools.ant.helper.DefaultExecutor.executeTargets(DefaultExecutor.java:41)
	at org.apache.tools.ant.Project.executeTargets(Project.java:1251)
	at org.apache.tools.ant.Main.runBuild(Main.java:811)
	at org.apache.tools.ant.Main.startAnt(Main.java:217)
	at org.apache.tools.ant.launch.Launcher.run(Launcher.java:280)
	at org.apache.tools.ant.launch.Launcher.main(Launcher.java:109)
Checkout Path: defects4j_work/Cli_27_b
Test Name: org.apache.commons.cli.PosixParserTest::testOptionGroupLong
Error Message: junit.framework.ComparisonFailure: selected option expected:<bar> but was:<null>
	at junit.framework.Assert.assertEquals(Assert.java:100)
	at junit.framework.TestCase.assertEquals(TestCase.java:261)
	at org.apache.commons.cli.ParserTestCase.testOptionGroupLong(ParserTestCase.java:631)
	at java.base/jdk.internal.reflect.NativeMethodAccessorImpl.invoke0(Native Method)
	at java.base/jdk.internal.reflect.NativeMethodAccessorImpl.invoke(NativeMethodAccessorImpl.java:62)
	at java.base/jdk.internal.reflect.DelegatingMethodAccessorImpl.invoke(DelegatingMethodAccessorImpl.java:43)
	at java.base/java.lang.reflect.Method.invoke(Method.java:566)
	at junit.framework.TestCase.runTest(TestCase.java:176)
	at junit.framework.TestCase.runBare(TestCase.java:141)
	at junit.framework.TestResult$1.protect(TestResult.java:122)
	at junit.framework.TestResult.runProtected(TestResult.java:142)
	at junit.framework.TestResult.run(TestResult.java:125)
	at junit.framework.TestCase.run(TestCase.java:129)
	at org.apache.tools.ant.taskdefs.optional.junit.JUnitTestRunner.run(JUnitTestRunner.java:520)
	at org.apache.tools.ant.taskdefs.optional.junit.JUnitTask.executeInVM(JUnitTask.java:1492)
	at org.apache.tools.ant.taskdefs.optional.junit.JUnitTask.executeTests(JUnitTask.java:878)
	at org.apache.tools.ant.taskdefs.optional.junit.JUnitTask.executeOrQueue(JUnitTask.java:1980)
	at org.apache.tools.ant.taskdefs.optional.junit.JUnitTask.executeTests(JUnitTask.java:830)
	at org.apache.tools.ant.taskdefs.optional.junit.JUnitTask.execute(JUnitTask.java:2287)
	at org.apache.tools.ant.UnknownElement.execute(UnknownElement.java:291)
	at jdk.internal.reflect.GeneratedMethodAccessor4.invoke(Unknown Source)
	at java.base/jdk.internal.reflect.DelegatingMethodAccessorImpl.invoke(DelegatingMethodAccessorImpl.java:43)
	at java.base/java.lang.reflect.Method.invoke(Method.java:566)
	at org.apache.tools.ant.dispatch.DispatchUtils.execute(DispatchUtils.java:106)
	at org.apache.tools.ant.Task.perform(Task.java:348)
	at org.apache.tools.ant.Target.execute(Target.java:392)
	at org.apache.tools.ant.Target.performTasks(Target.java:413)
	at org.apache.tools.ant.Project.executeSortedTargets(Project.java:1399)
	at org.apache.tools.ant.Project.executeTarget(Project.java:1368)
	at org.apache.tools.ant.helper.DefaultExecutor.executeTargets(DefaultExecutor.java:41)
	at org.apache.tools.ant.Project.executeTargets(Project.java:1251)
	at org.apache.tools.ant.Main.runBuild(Main.java:811)
	at org.apache.tools.ant.Main.startAnt(Main.java:217)
	at org.apache.tools.ant.launch.Launcher.run(Launcher.java:280)
	at org.apache.tools.ant.launch.Launcher.main(Launcher.java:109)
report for Cli-27:
https://issues.apache.org/jira/browse/CLI-182
patch for Cli-27:
--- defects4j_work/Cli_27_b/src/java/org/apache/commons/cli/OptionGroup.java	2025-10-13 19:45:48.930124263 +0600
+++ defects4j_work/Cli_27_f/src/java/org/apache/commons/cli/OptionGroup.java	2025-10-13 19:45:54.193386920 +0600
@@ -95,9 +95,9 @@
         // if no option has already been selected or the 
         // same option is being reselected then set the
         // selected member variable
-        if (selected == null || selected.equals(option.getOpt()))
+        if (selected == null || selected.equals(option.getKey()))
         {
-            selected = option.getOpt();
+            selected = option.getKey();
         }
         else
         {



Checkout Path: defects4j_work/Cli_28_b
Test Name: org.apache.commons.cli.ValueTest::testPropertyOptionFlags
Error Message: junit.framework.AssertionFailedError
	at junit.framework.Assert.fail(Assert.java:55)
	at junit.framework.Assert.assertTrue(Assert.java:22)
	at junit.framework.Assert.assertTrue(Assert.java:31)
	at junit.framework.TestCase.assertTrue(TestCase.java:201)
	at org.apache.commons.cli.ValueTest.testPropertyOptionFlags(ValueTest.java:215)
	at java.base/jdk.internal.reflect.NativeMethodAccessorImpl.invoke0(Native Method)
	at java.base/jdk.internal.reflect.NativeMethodAccessorImpl.invoke(NativeMethodAccessorImpl.java:62)
	at java.base/jdk.internal.reflect.DelegatingMethodAccessorImpl.invoke(DelegatingMethodAccessorImpl.java:43)
	at java.base/java.lang.reflect.Method.invoke(Method.java:566)
	at junit.framework.TestCase.runTest(TestCase.java:176)
	at junit.framework.TestCase.runBare(TestCase.java:141)
	at junit.framework.TestResult$1.protect(TestResult.java:122)
	at junit.framework.TestResult.runProtected(TestResult.java:142)
	at junit.framework.TestResult.run(TestResult.java:125)
	at junit.framework.TestCase.run(TestCase.java:129)
	at org.apache.tools.ant.taskdefs.optional.junit.JUnitTestRunner.run(JUnitTestRunner.java:520)
	at org.apache.tools.ant.taskdefs.optional.junit.JUnitTask.executeInVM(JUnitTask.java:1492)
	at org.apache.tools.ant.taskdefs.optional.junit.JUnitTask.executeTests(JUnitTask.java:878)
	at org.apache.tools.ant.taskdefs.optional.junit.JUnitTask.executeOrQueue(JUnitTask.java:1980)
	at org.apache.tools.ant.taskdefs.optional.junit.JUnitTask.executeTests(JUnitTask.java:830)
	at org.apache.tools.ant.taskdefs.optional.junit.JUnitTask.execute(JUnitTask.java:2287)
	at org.apache.tools.ant.UnknownElement.execute(UnknownElement.java:291)
	at jdk.internal.reflect.GeneratedMethodAccessor4.invoke(Unknown Source)
	at java.base/jdk.internal.reflect.DelegatingMethodAccessorImpl.invoke(DelegatingMethodAccessorImpl.java:43)
	at java.base/java.lang.reflect.Method.invoke(Method.java:566)
	at org.apache.tools.ant.dispatch.DispatchUtils.execute(DispatchUtils.java:106)
	at org.apache.tools.ant.Task.perform(Task.java:348)
	at org.apache.tools.ant.Target.execute(Target.java:392)
	at org.apache.tools.ant.Target.performTasks(Target.java:413)
	at org.apache.tools.ant.Project.executeSortedTargets(Project.java:1399)
	at org.apache.tools.ant.Project.executeTarget(Project.java:1368)
	at org.apache.tools.ant.helper.DefaultExecutor.executeTargets(DefaultExecutor.java:41)
	at org.apache.tools.ant.Project.executeTargets(Project.java:1251)
	at org.apache.tools.ant.Main.runBuild(Main.java:811)
	at org.apache.tools.ant.Main.startAnt(Main.java:217)
	at org.apache.tools.ant.launch.Launcher.run(Launcher.java:280)
	at org.apache.tools.ant.launch.Launcher.main(Launcher.java:109)
report for Cli-28:
https://issues.apache.org/jira/browse/CLI-201
patch for Cli-28:
--- defects4j_work/Cli_28_b/src/java/org/apache/commons/cli/Parser.java	2025-10-13 19:45:57.033495272 +0600
+++ defects4j_work/Cli_28_f/src/java/org/apache/commons/cli/Parser.java	2025-10-13 19:46:00.561634730 +0600
@@ -287,7 +287,7 @@
                 {
                     // if the value is not yes, true or 1 then don't add the
                     // option to the CommandLine
-                    break;
+                    continue;
                 }
 
                 cmd.addOption(opt);



Checkout Path: defects4j_work/Cli_29_b
Test Name: org.apache.commons.cli.UtilTest::testStripLeadingAndTrailingQuotes
Error Message: junit.framework.ComparisonFailure: expected:<foo "bar["]> but was:<foo "bar[]>
	at junit.framework.Assert.assertEquals(Assert.java:100)
	at junit.framework.Assert.assertEquals(Assert.java:107)
	at junit.framework.TestCase.assertEquals(TestCase.java:269)
	at org.apache.commons.cli.UtilTest.testStripLeadingAndTrailingQuotes(UtilTest.java:38)
	at java.base/jdk.internal.reflect.NativeMethodAccessorImpl.invoke0(Native Method)
	at java.base/jdk.internal.reflect.NativeMethodAccessorImpl.invoke(NativeMethodAccessorImpl.java:62)
	at java.base/jdk.internal.reflect.DelegatingMethodAccessorImpl.invoke(DelegatingMethodAccessorImpl.java:43)
	at java.base/java.lang.reflect.Method.invoke(Method.java:566)
	at junit.framework.TestCase.runTest(TestCase.java:176)
	at junit.framework.TestCase.runBare(TestCase.java:141)
	at junit.framework.TestResult$1.protect(TestResult.java:122)
	at junit.framework.TestResult.runProtected(TestResult.java:142)
	at junit.framework.TestResult.run(TestResult.java:125)
	at junit.framework.TestCase.run(TestCase.java:129)
	at org.apache.tools.ant.taskdefs.optional.junit.JUnitTestRunner.run(JUnitTestRunner.java:520)
	at org.apache.tools.ant.taskdefs.optional.junit.JUnitTask.executeInVM(JUnitTask.java:1492)
	at org.apache.tools.ant.taskdefs.optional.junit.JUnitTask.executeTests(JUnitTask.java:878)
	at org.apache.tools.ant.taskdefs.optional.junit.JUnitTask.executeOrQueue(JUnitTask.java:1980)
	at org.apache.tools.ant.taskdefs.optional.junit.JUnitTask.executeTests(JUnitTask.java:830)
	at org.apache.tools.ant.taskdefs.optional.junit.JUnitTask.execute(JUnitTask.java:2287)
	at org.apache.tools.ant.UnknownElement.execute(UnknownElement.java:291)
	at jdk.internal.reflect.GeneratedMethodAccessor4.invoke(Unknown Source)
	at java.base/jdk.internal.reflect.DelegatingMethodAccessorImpl.invoke(DelegatingMethodAccessorImpl.java:43)
	at java.base/java.lang.reflect.Method.invoke(Method.java:566)
	at org.apache.tools.ant.dispatch.DispatchUtils.execute(DispatchUtils.java:106)
	at org.apache.tools.ant.Task.perform(Task.java:348)
	at org.apache.tools.ant.Target.execute(Target.java:392)
	at org.apache.tools.ant.Target.performTasks(Target.java:413)
	at org.apache.tools.ant.Project.executeSortedTargets(Project.java:1399)
	at org.apache.tools.ant.Project.executeTarget(Project.java:1368)
	at org.apache.tools.ant.helper.DefaultExecutor.executeTargets(DefaultExecutor.java:41)
	at org.apache.tools.ant.Project.executeTargets(Project.java:1251)
	at org.apache.tools.ant.Main.runBuild(Main.java:811)
	at org.apache.tools.ant.Main.startAnt(Main.java:217)
	at org.apache.tools.ant.launch.Launcher.run(Launcher.java:280)
	at org.apache.tools.ant.launch.Launcher.main(Launcher.java:109)
report for Cli-29:
https://issues.apache.org/jira/browse/CLI-185
patch for Cli-29:
--- defects4j_work/Cli_29_b/src/java/org/apache/commons/cli/Util.java	2025-10-13 19:46:03.697758673 +0600
+++ defects4j_work/Cli_29_f/src/java/org/apache/commons/cli/Util.java	2025-10-13 19:46:07.081891765 +0600
@@ -62,14 +62,10 @@
      */
     static String stripLeadingAndTrailingQuotes(String str)
     {
-        if (str.startsWith("\""))
-        {
-            str = str.substring(1, str.length());
-        }
         int length = str.length();
-        if (str.endsWith("\""))
+        if (length > 1 && str.startsWith("\"") && str.endsWith("\"") && str.substring(1, length - 1).indexOf('"') == -1)
         {
-            str = str.substring(0, length - 1);
+            str = str.substring(1, length - 1);
         }
         
         return str;



Checkout Path: defects4j_work/Cli_30_b
Test Name: org.apache.commons.cli.BasicParserTest::testPropertyOptionGroup
Error Message: org.apache.commons.cli.AlreadySelectedException: The option 'b' was specified but an option from this group has already been selected: 'a'
	at org.apache.commons.cli.OptionGroup.setSelected(OptionGroup.java:105)
	at org.apache.commons.cli.Parser.updateRequiredOptions(Parser.java:421)
	at org.apache.commons.cli.Parser.processProperties(Parser.java:296)
	at org.apache.commons.cli.Parser.parse(Parser.java:241)
	at org.apache.commons.cli.Parser.parse(Parser.java:103)
	at org.apache.commons.cli.ParserTestCase.parse(ParserTestCase.java:875)
	at org.apache.commons.cli.ParserTestCase.testPropertyOptionGroup(ParserTestCase.java:1037)
	at java.base/jdk.internal.reflect.NativeMethodAccessorImpl.invoke0(Native Method)
	at java.base/jdk.internal.reflect.NativeMethodAccessorImpl.invoke(NativeMethodAccessorImpl.java:62)
	at java.base/jdk.internal.reflect.DelegatingMethodAccessorImpl.invoke(DelegatingMethodAccessorImpl.java:43)
	at java.base/java.lang.reflect.Method.invoke(Method.java:566)
	at junit.framework.TestCase.runTest(TestCase.java:176)
	at junit.framework.TestCase.runBare(TestCase.java:141)
	at junit.framework.TestResult$1.protect(TestResult.java:122)
	at junit.framework.TestResult.runProtected(TestResult.java:142)
	at junit.framework.TestResult.run(TestResult.java:125)
	at junit.framework.TestCase.run(TestCase.java:129)
	at org.apache.tools.ant.taskdefs.optional.junit.JUnitTestRunner.run(JUnitTestRunner.java:520)
	at org.apache.tools.ant.taskdefs.optional.junit.JUnitTask.executeInVM(JUnitTask.java:1492)
	at org.apache.tools.ant.taskdefs.optional.junit.JUnitTask.executeTests(JUnitTask.java:878)
	at org.apache.tools.ant.taskdefs.optional.junit.JUnitTask.executeOrQueue(JUnitTask.java:1980)
	at org.apache.tools.ant.taskdefs.optional.junit.JUnitTask.executeTests(JUnitTask.java:830)
	at org.apache.tools.ant.taskdefs.optional.junit.JUnitTask.execute(JUnitTask.java:2287)
	at org.apache.tools.ant.UnknownElement.execute(UnknownElement.java:291)
	at jdk.internal.reflect.GeneratedMethodAccessor4.invoke(Unknown Source)
	at java.base/jdk.internal.reflect.DelegatingMethodAccessorImpl.invoke(DelegatingMethodAccessorImpl.java:43)
	at java.base/java.lang.reflect.Method.invoke(Method.java:566)
	at org.apache.tools.ant.dispatch.DispatchUtils.execute(DispatchUtils.java:106)
	at org.apache.tools.ant.Task.perform(Task.java:348)
	at org.apache.tools.ant.Target.execute(Target.java:392)
	at org.apache.tools.ant.Target.performTasks(Target.java:413)
	at org.apache.tools.ant.Project.executeSortedTargets(Project.java:1399)
	at org.apache.tools.ant.Project.executeTarget(Project.java:1368)
	at org.apache.tools.ant.helper.DefaultExecutor.executeTargets(DefaultExecutor.java:41)
	at org.apache.tools.ant.Project.executeTargets(Project.java:1251)
	at org.apache.tools.ant.Main.runBuild(Main.java:811)
	at org.apache.tools.ant.Main.startAnt(Main.java:217)
	at org.apache.tools.ant.launch.Launcher.run(Launcher.java:280)
	at org.apache.tools.ant.launch.Launcher.main(Launcher.java:109)
Checkout Path: defects4j_work/Cli_30_b
Test Name: org.apache.commons.cli.BasicParserTest::testPropertyOptionUnexpected
Error Message: java.lang.NullPointerException
	at org.apache.commons.cli.Parser.processProperties(Parser.java:272)
	at org.apache.commons.cli.Parser.parse(Parser.java:241)
	at org.apache.commons.cli.Parser.parse(Parser.java:103)
	at org.apache.commons.cli.ParserTestCase.parse(ParserTestCase.java:875)
	at org.apache.commons.cli.ParserTestCase.testPropertyOptionUnexpected(ParserTestCase.java:1010)
	at java.base/jdk.internal.reflect.NativeMethodAccessorImpl.invoke0(Native Method)
	at java.base/jdk.internal.reflect.NativeMethodAccessorImpl.invoke(NativeMethodAccessorImpl.java:62)
	at java.base/jdk.internal.reflect.DelegatingMethodAccessorImpl.invoke(DelegatingMethodAccessorImpl.java:43)
	at java.base/java.lang.reflect.Method.invoke(Method.java:566)
	at junit.framework.TestCase.runTest(TestCase.java:176)
	at junit.framework.TestCase.runBare(TestCase.java:141)
	at junit.framework.TestResult$1.protect(TestResult.java:122)
	at junit.framework.TestResult.runProtected(TestResult.java:142)
	at junit.framework.TestResult.run(TestResult.java:125)
	at junit.framework.TestCase.run(TestCase.java:129)
	at org.apache.tools.ant.taskdefs.optional.junit.JUnitTestRunner.run(JUnitTestRunner.java:520)
	at org.apache.tools.ant.taskdefs.optional.junit.JUnitTask.executeInVM(JUnitTask.java:1492)
	at org.apache.tools.ant.taskdefs.optional.junit.JUnitTask.executeTests(JUnitTask.java:878)
	at org.apache.tools.ant.taskdefs.optional.junit.JUnitTask.executeOrQueue(JUnitTask.java:1980)
	at org.apache.tools.ant.taskdefs.optional.junit.JUnitTask.executeTests(JUnitTask.java:830)
	at org.apache.tools.ant.taskdefs.optional.junit.JUnitTask.execute(JUnitTask.java:2287)
	at org.apache.tools.ant.UnknownElement.execute(UnknownElement.java:291)
	at jdk.internal.reflect.GeneratedMethodAccessor4.invoke(Unknown Source)
	at java.base/jdk.internal.reflect.DelegatingMethodAccessorImpl.invoke(DelegatingMethodAccessorImpl.java:43)
	at java.base/java.lang.reflect.Method.invoke(Method.java:566)
	at org.apache.tools.ant.dispatch.DispatchUtils.execute(DispatchUtils.java:106)
	at org.apache.tools.ant.Task.perform(Task.java:348)
	at org.apache.tools.ant.Target.execute(Target.java:392)
	at org.apache.tools.ant.Target.performTasks(Target.java:413)
	at org.apache.tools.ant.Project.executeSortedTargets(Project.java:1399)
	at org.apache.tools.ant.Project.executeTarget(Project.java:1368)
	at org.apache.tools.ant.helper.DefaultExecutor.executeTargets(DefaultExecutor.java:41)
	at org.apache.tools.ant.Project.executeTargets(Project.java:1251)
	at org.apache.tools.ant.Main.runBuild(Main.java:811)
	at org.apache.tools.ant.Main.startAnt(Main.java:217)
	at org.apache.tools.ant.launch.Launcher.run(Launcher.java:280)
	at org.apache.tools.ant.launch.Launcher.main(Launcher.java:109)
Checkout Path: defects4j_work/Cli_30_b
Test Name: org.apache.commons.cli.DefaultParserTest::testPropertyOptionGroup
Error Message: org.apache.commons.cli.AlreadySelectedException: The option 'b' was specified but an option from this group has already been selected: 'a'
	at org.apache.commons.cli.OptionGroup.setSelected(OptionGroup.java:105)
	at org.apache.commons.cli.DefaultParser.updateRequiredOptions(DefaultParser.java:630)
	at org.apache.commons.cli.DefaultParser.handleOption(DefaultParser.java:594)
	at org.apache.commons.cli.DefaultParser.handleProperties(DefaultParser.java:174)
	at org.apache.commons.cli.DefaultParser.parse(DefaultParser.java:127)
	at org.apache.commons.cli.DefaultParser.parse(DefaultParser.java:75)
	at org.apache.commons.cli.ParserTestCase.parse(ParserTestCase.java:877)
	at org.apache.commons.cli.ParserTestCase.testPropertyOptionGroup(ParserTestCase.java:1037)
	at java.base/jdk.internal.reflect.NativeMethodAccessorImpl.invoke0(Native Method)
	at java.base/jdk.internal.reflect.NativeMethodAccessorImpl.invoke(NativeMethodAccessorImpl.java:62)
	at java.base/jdk.internal.reflect.DelegatingMethodAccessorImpl.invoke(DelegatingMethodAccessorImpl.java:43)
	at java.base/java.lang.reflect.Method.invoke(Method.java:566)
	at junit.framework.TestCase.runTest(TestCase.java:176)
	at junit.framework.TestCase.runBare(TestCase.java:141)
	at junit.framework.TestResult$1.protect(TestResult.java:122)
	at junit.framework.TestResult.runProtected(TestResult.java:142)
	at junit.framework.TestResult.run(TestResult.java:125)
	at junit.framework.TestCase.run(TestCase.java:129)
	at org.apache.tools.ant.taskdefs.optional.junit.JUnitTestRunner.run(JUnitTestRunner.java:520)
	at org.apache.tools.ant.taskdefs.optional.junit.JUnitTask.executeInVM(JUnitTask.java:1492)
	at org.apache.tools.ant.taskdefs.optional.junit.JUnitTask.executeTests(JUnitTask.java:878)
	at org.apache.tools.ant.taskdefs.optional.junit.JUnitTask.executeOrQueue(JUnitTask.java:1980)
	at org.apache.tools.ant.taskdefs.optional.junit.JUnitTask.executeTests(JUnitTask.java:830)
	at org.apache.tools.ant.taskdefs.optional.junit.JUnitTask.execute(JUnitTask.java:2287)
	at org.apache.tools.ant.UnknownElement.execute(UnknownElement.java:291)
	at jdk.internal.reflect.GeneratedMethodAccessor4.invoke(Unknown Source)
	at java.base/jdk.internal.reflect.DelegatingMethodAccessorImpl.invoke(DelegatingMethodAccessorImpl.java:43)
	at java.base/java.lang.reflect.Method.invoke(Method.java:566)
	at org.apache.tools.ant.dispatch.DispatchUtils.execute(DispatchUtils.java:106)
	at org.apache.tools.ant.Task.perform(Task.java:348)
	at org.apache.tools.ant.Target.execute(Target.java:392)
	at org.apache.tools.ant.Target.performTasks(Target.java:413)
	at org.apache.tools.ant.Project.executeSortedTargets(Project.java:1399)
	at org.apache.tools.ant.Project.executeTarget(Project.java:1368)
	at org.apache.tools.ant.helper.DefaultExecutor.executeTargets(DefaultExecutor.java:41)
	at org.apache.tools.ant.Project.executeTargets(Project.java:1251)
	at org.apache.tools.ant.Main.runBuild(Main.java:811)
	at org.apache.tools.ant.Main.startAnt(Main.java:217)
	at org.apache.tools.ant.launch.Launcher.run(Launcher.java:280)
	at org.apache.tools.ant.launch.Launcher.main(Launcher.java:109)
Checkout Path: defects4j_work/Cli_30_b
Test Name: org.apache.commons.cli.DefaultParserTest::testPropertyOptionUnexpected
Error Message: java.lang.NullPointerException
	at org.apache.commons.cli.DefaultParser.handleProperties(DefaultParser.java:159)
	at org.apache.commons.cli.DefaultParser.parse(DefaultParser.java:127)
	at org.apache.commons.cli.DefaultParser.parse(DefaultParser.java:75)
	at org.apache.commons.cli.ParserTestCase.parse(ParserTestCase.java:877)
	at org.apache.commons.cli.ParserTestCase.testPropertyOptionUnexpected(ParserTestCase.java:1010)
	at java.base/jdk.internal.reflect.NativeMethodAccessorImpl.invoke0(Native Method)
	at java.base/jdk.internal.reflect.NativeMethodAccessorImpl.invoke(NativeMethodAccessorImpl.java:62)
	at java.base/jdk.internal.reflect.DelegatingMethodAccessorImpl.invoke(DelegatingMethodAccessorImpl.java:43)
	at java.base/java.lang.reflect.Method.invoke(Method.java:566)
	at junit.framework.TestCase.runTest(TestCase.java:176)
	at junit.framework.TestCase.runBare(TestCase.java:141)
	at junit.framework.TestResult$1.protect(TestResult.java:122)
	at junit.framework.TestResult.runProtected(TestResult.java:142)
	at junit.framework.TestResult.run(TestResult.java:125)
	at junit.framework.TestCase.run(TestCase.java:129)
	at org.apache.tools.ant.taskdefs.optional.junit.JUnitTestRunner.run(JUnitTestRunner.java:520)
	at org.apache.tools.ant.taskdefs.optional.junit.JUnitTask.executeInVM(JUnitTask.java:1492)
	at org.apache.tools.ant.taskdefs.optional.junit.JUnitTask.executeTests(JUnitTask.java:878)
	at org.apache.tools.ant.taskdefs.optional.junit.JUnitTask.executeOrQueue(JUnitTask.java:1980)
	at org.apache.tools.ant.taskdefs.optional.junit.JUnitTask.executeTests(JUnitTask.java:830)
	at org.apache.tools.ant.taskdefs.optional.junit.JUnitTask.execute(JUnitTask.java:2287)
	at org.apache.tools.ant.UnknownElement.execute(UnknownElement.java:291)
	at jdk.internal.reflect.GeneratedMethodAccessor4.invoke(Unknown Source)
	at java.base/jdk.internal.reflect.DelegatingMethodAccessorImpl.invoke(DelegatingMethodAccessorImpl.java:43)
	at java.base/java.lang.reflect.Method.invoke(Method.java:566)
	at org.apache.tools.ant.dispatch.DispatchUtils.execute(DispatchUtils.java:106)
	at org.apache.tools.ant.Task.perform(Task.java:348)
	at org.apache.tools.ant.Target.execute(Target.java:392)
	at org.apache.tools.ant.Target.performTasks(Target.java:413)
	at org.apache.tools.ant.Project.executeSortedTargets(Project.java:1399)
	at org.apache.tools.ant.Project.executeTarget(Project.java:1368)
	at org.apache.tools.ant.helper.DefaultExecutor.executeTargets(DefaultExecutor.java:41)
	at org.apache.tools.ant.Project.executeTargets(Project.java:1251)
	at org.apache.tools.ant.Main.runBuild(Main.java:811)
	at org.apache.tools.ant.Main.startAnt(Main.java:217)
	at org.apache.tools.ant.launch.Launcher.run(Launcher.java:280)
	at org.apache.tools.ant.launch.Launcher.main(Launcher.java:109)
Checkout Path: defects4j_work/Cli_30_b
Test Name: org.apache.commons.cli.GnuParserTest::testPropertyOptionGroup
Error Message: org.apache.commons.cli.AlreadySelectedException: The option 'b' was specified but an option from this group has already been selected: 'a'
	at org.apache.commons.cli.OptionGroup.setSelected(OptionGroup.java:105)
	at org.apache.commons.cli.Parser.updateRequiredOptions(Parser.java:421)
	at org.apache.commons.cli.Parser.processProperties(Parser.java:296)
	at org.apache.commons.cli.Parser.parse(Parser.java:241)
	at org.apache.commons.cli.Parser.parse(Parser.java:103)
	at org.apache.commons.cli.ParserTestCase.parse(ParserTestCase.java:875)
	at org.apache.commons.cli.ParserTestCase.testPropertyOptionGroup(ParserTestCase.java:1037)
	at java.base/jdk.internal.reflect.NativeMethodAccessorImpl.invoke0(Native Method)
	at java.base/jdk.internal.reflect.NativeMethodAccessorImpl.invoke(NativeMethodAccessorImpl.java:62)
	at java.base/jdk.internal.reflect.DelegatingMethodAccessorImpl.invoke(DelegatingMethodAccessorImpl.java:43)
	at java.base/java.lang.reflect.Method.invoke(Method.java:566)
	at junit.framework.TestCase.runTest(TestCase.java:176)
	at junit.framework.TestCase.runBare(TestCase.java:141)
	at junit.framework.TestResult$1.protect(TestResult.java:122)
	at junit.framework.TestResult.runProtected(TestResult.java:142)
	at junit.framework.TestResult.run(TestResult.java:125)
	at junit.framework.TestCase.run(TestCase.java:129)
	at org.apache.tools.ant.taskdefs.optional.junit.JUnitTestRunner.run(JUnitTestRunner.java:520)
	at org.apache.tools.ant.taskdefs.optional.junit.JUnitTask.executeInVM(JUnitTask.java:1492)
	at org.apache.tools.ant.taskdefs.optional.junit.JUnitTask.executeTests(JUnitTask.java:878)
	at org.apache.tools.ant.taskdefs.optional.junit.JUnitTask.executeOrQueue(JUnitTask.java:1980)
	at org.apache.tools.ant.taskdefs.optional.junit.JUnitTask.executeTests(JUnitTask.java:830)
	at org.apache.tools.ant.taskdefs.optional.junit.JUnitTask.execute(JUnitTask.java:2287)
	at org.apache.tools.ant.UnknownElement.execute(UnknownElement.java:291)
	at jdk.internal.reflect.GeneratedMethodAccessor4.invoke(Unknown Source)
	at java.base/jdk.internal.reflect.DelegatingMethodAccessorImpl.invoke(DelegatingMethodAccessorImpl.java:43)
	at java.base/java.lang.reflect.Method.invoke(Method.java:566)
	at org.apache.tools.ant.dispatch.DispatchUtils.execute(DispatchUtils.java:106)
	at org.apache.tools.ant.Task.perform(Task.java:348)
	at org.apache.tools.ant.Target.execute(Target.java:392)
	at org.apache.tools.ant.Target.performTasks(Target.java:413)
	at org.apache.tools.ant.Project.executeSortedTargets(Project.java:1399)
	at org.apache.tools.ant.Project.executeTarget(Project.java:1368)
	at org.apache.tools.ant.helper.DefaultExecutor.executeTargets(DefaultExecutor.java:41)
	at org.apache.tools.ant.Project.executeTargets(Project.java:1251)
	at org.apache.tools.ant.Main.runBuild(Main.java:811)
	at org.apache.tools.ant.Main.startAnt(Main.java:217)
	at org.apache.tools.ant.launch.Launcher.run(Launcher.java:280)
	at org.apache.tools.ant.launch.Launcher.main(Launcher.java:109)
Checkout Path: defects4j_work/Cli_30_b
Test Name: org.apache.commons.cli.GnuParserTest::testPropertyOptionUnexpected
Error Message: java.lang.NullPointerException
	at org.apache.commons.cli.Parser.processProperties(Parser.java:272)
	at org.apache.commons.cli.Parser.parse(Parser.java:241)
	at org.apache.commons.cli.Parser.parse(Parser.java:103)
	at org.apache.commons.cli.ParserTestCase.parse(ParserTestCase.java:875)
	at org.apache.commons.cli.ParserTestCase.testPropertyOptionUnexpected(ParserTestCase.java:1010)
	at java.base/jdk.internal.reflect.NativeMethodAccessorImpl.invoke0(Native Method)
	at java.base/jdk.internal.reflect.NativeMethodAccessorImpl.invoke(NativeMethodAccessorImpl.java:62)
	at java.base/jdk.internal.reflect.DelegatingMethodAccessorImpl.invoke(DelegatingMethodAccessorImpl.java:43)
	at java.base/java.lang.reflect.Method.invoke(Method.java:566)
	at junit.framework.TestCase.runTest(TestCase.java:176)
	at junit.framework.TestCase.runBare(TestCase.java:141)
	at junit.framework.TestResult$1.protect(TestResult.java:122)
	at junit.framework.TestResult.runProtected(TestResult.java:142)
	at junit.framework.TestResult.run(TestResult.java:125)
	at junit.framework.TestCase.run(TestCase.java:129)
	at org.apache.tools.ant.taskdefs.optional.junit.JUnitTestRunner.run(JUnitTestRunner.java:520)
	at org.apache.tools.ant.taskdefs.optional.junit.JUnitTask.executeInVM(JUnitTask.java:1492)
	at org.apache.tools.ant.taskdefs.optional.junit.JUnitTask.executeTests(JUnitTask.java:878)
	at org.apache.tools.ant.taskdefs.optional.junit.JUnitTask.executeOrQueue(JUnitTask.java:1980)
	at org.apache.tools.ant.taskdefs.optional.junit.JUnitTask.executeTests(JUnitTask.java:830)
	at org.apache.tools.ant.taskdefs.optional.junit.JUnitTask.execute(JUnitTask.java:2287)
	at org.apache.tools.ant.UnknownElement.execute(UnknownElement.java:291)
	at jdk.internal.reflect.GeneratedMethodAccessor4.invoke(Unknown Source)
	at java.base/jdk.internal.reflect.DelegatingMethodAccessorImpl.invoke(DelegatingMethodAccessorImpl.java:43)
	at java.base/java.lang.reflect.Method.invoke(Method.java:566)
	at org.apache.tools.ant.dispatch.DispatchUtils.execute(DispatchUtils.java:106)
	at org.apache.tools.ant.Task.perform(Task.java:348)
	at org.apache.tools.ant.Target.execute(Target.java:392)
	at org.apache.tools.ant.Target.performTasks(Target.java:413)
	at org.apache.tools.ant.Project.executeSortedTargets(Project.java:1399)
	at org.apache.tools.ant.Project.executeTarget(Project.java:1368)
	at org.apache.tools.ant.helper.DefaultExecutor.executeTargets(DefaultExecutor.java:41)
	at org.apache.tools.ant.Project.executeTargets(Project.java:1251)
	at org.apache.tools.ant.Main.runBuild(Main.java:811)
	at org.apache.tools.ant.Main.startAnt(Main.java:217)
	at org.apache.tools.ant.launch.Launcher.run(Launcher.java:280)
	at org.apache.tools.ant.launch.Launcher.main(Launcher.java:109)
Checkout Path: defects4j_work/Cli_30_b
Test Name: org.apache.commons.cli.OptionGroupTest::testTwoOptionsFromGroupWithProperties
Error Message: org.apache.commons.cli.AlreadySelectedException: The option 'd' was specified but an option from this group has already been selected: 'f'
	at org.apache.commons.cli.OptionGroup.setSelected(OptionGroup.java:105)
	at org.apache.commons.cli.Parser.updateRequiredOptions(Parser.java:421)
	at org.apache.commons.cli.Parser.processProperties(Parser.java:296)
	at org.apache.commons.cli.Parser.parse(Parser.java:241)
	at org.apache.commons.cli.Parser.parse(Parser.java:103)
	at org.apache.commons.cli.OptionGroupTest.testTwoOptionsFromGroupWithProperties(OptionGroupTest.java:198)
	at java.base/jdk.internal.reflect.NativeMethodAccessorImpl.invoke0(Native Method)
	at java.base/jdk.internal.reflect.NativeMethodAccessorImpl.invoke(NativeMethodAccessorImpl.java:62)
	at java.base/jdk.internal.reflect.DelegatingMethodAccessorImpl.invoke(DelegatingMethodAccessorImpl.java:43)
	at java.base/java.lang.reflect.Method.invoke(Method.java:566)
	at junit.framework.TestCase.runTest(TestCase.java:176)
	at junit.framework.TestCase.runBare(TestCase.java:141)
	at junit.framework.TestResult$1.protect(TestResult.java:122)
	at junit.framework.TestResult.runProtected(TestResult.java:142)
	at junit.framework.TestResult.run(TestResult.java:125)
	at junit.framework.TestCase.run(TestCase.java:129)
	at org.apache.tools.ant.taskdefs.optional.junit.JUnitTestRunner.run(JUnitTestRunner.java:520)
	at org.apache.tools.ant.taskdefs.optional.junit.JUnitTask.executeInVM(JUnitTask.java:1492)
	at org.apache.tools.ant.taskdefs.optional.junit.JUnitTask.executeTests(JUnitTask.java:878)
	at org.apache.tools.ant.taskdefs.optional.junit.JUnitTask.executeOrQueue(JUnitTask.java:1980)
	at org.apache.tools.ant.taskdefs.optional.junit.JUnitTask.executeTests(JUnitTask.java:830)
	at org.apache.tools.ant.taskdefs.optional.junit.JUnitTask.execute(JUnitTask.java:2287)
	at org.apache.tools.ant.UnknownElement.execute(UnknownElement.java:291)
	at jdk.internal.reflect.GeneratedMethodAccessor4.invoke(Unknown Source)
	at java.base/jdk.internal.reflect.DelegatingMethodAccessorImpl.invoke(DelegatingMethodAccessorImpl.java:43)
	at java.base/java.lang.reflect.Method.invoke(Method.java:566)
	at org.apache.tools.ant.dispatch.DispatchUtils.execute(DispatchUtils.java:106)
	at org.apache.tools.ant.Task.perform(Task.java:348)
	at org.apache.tools.ant.Target.execute(Target.java:392)
	at org.apache.tools.ant.Target.performTasks(Target.java:413)
	at org.apache.tools.ant.Project.executeSortedTargets(Project.java:1399)
	at org.apache.tools.ant.Project.executeTarget(Project.java:1368)
	at org.apache.tools.ant.helper.DefaultExecutor.executeTargets(DefaultExecutor.java:41)
	at org.apache.tools.ant.Project.executeTargets(Project.java:1251)
	at org.apache.tools.ant.Main.runBuild(Main.java:811)
	at org.apache.tools.ant.Main.startAnt(Main.java:217)
	at org.apache.tools.ant.launch.Launcher.run(Launcher.java:280)
	at org.apache.tools.ant.launch.Launcher.main(Launcher.java:109)
Checkout Path: defects4j_work/Cli_30_b
Test Name: org.apache.commons.cli.PosixParserTest::testPropertyOptionGroup
Error Message: org.apache.commons.cli.AlreadySelectedException: The option 'b' was specified but an option from this group has already been selected: 'a'
	at org.apache.commons.cli.OptionGroup.setSelected(OptionGroup.java:105)
	at org.apache.commons.cli.Parser.updateRequiredOptions(Parser.java:421)
	at org.apache.commons.cli.Parser.processProperties(Parser.java:296)
	at org.apache.commons.cli.Parser.parse(Parser.java:241)
	at org.apache.commons.cli.Parser.parse(Parser.java:103)
	at org.apache.commons.cli.ParserTestCase.parse(ParserTestCase.java:875)
	at org.apache.commons.cli.ParserTestCase.testPropertyOptionGroup(ParserTestCase.java:1037)
	at java.base/jdk.internal.reflect.NativeMethodAccessorImpl.invoke0(Native Method)
	at java.base/jdk.internal.reflect.NativeMethodAccessorImpl.invoke(NativeMethodAccessorImpl.java:62)
	at java.base/jdk.internal.reflect.DelegatingMethodAccessorImpl.invoke(DelegatingMethodAccessorImpl.java:43)
	at java.base/java.lang.reflect.Method.invoke(Method.java:566)
	at junit.framework.TestCase.runTest(TestCase.java:176)
	at junit.framework.TestCase.runBare(TestCase.java:141)
	at junit.framework.TestResult$1.protect(TestResult.java:122)
	at junit.framework.TestResult.runProtected(TestResult.java:142)
	at junit.framework.TestResult.run(TestResult.java:125)
	at junit.framework.TestCase.run(TestCase.java:129)
	at org.apache.tools.ant.taskdefs.optional.junit.JUnitTestRunner.run(JUnitTestRunner.java:520)
	at org.apache.tools.ant.taskdefs.optional.junit.JUnitTask.executeInVM(JUnitTask.java:1492)
	at org.apache.tools.ant.taskdefs.optional.junit.JUnitTask.executeTests(JUnitTask.java:878)
	at org.apache.tools.ant.taskdefs.optional.junit.JUnitTask.executeOrQueue(JUnitTask.java:1980)
	at org.apache.tools.ant.taskdefs.optional.junit.JUnitTask.executeTests(JUnitTask.java:830)
	at org.apache.tools.ant.taskdefs.optional.junit.JUnitTask.execute(JUnitTask.java:2287)
	at org.apache.tools.ant.UnknownElement.execute(UnknownElement.java:291)
	at jdk.internal.reflect.GeneratedMethodAccessor4.invoke(Unknown Source)
	at java.base/jdk.internal.reflect.DelegatingMethodAccessorImpl.invoke(DelegatingMethodAccessorImpl.java:43)
	at java.base/java.lang.reflect.Method.invoke(Method.java:566)
	at org.apache.tools.ant.dispatch.DispatchUtils.execute(DispatchUtils.java:106)
	at org.apache.tools.ant.Task.perform(Task.java:348)
	at org.apache.tools.ant.Target.execute(Target.java:392)
	at org.apache.tools.ant.Target.performTasks(Target.java:413)
	at org.apache.tools.ant.Project.executeSortedTargets(Project.java:1399)
	at org.apache.tools.ant.Project.executeTarget(Project.java:1368)
	at org.apache.tools.ant.helper.DefaultExecutor.executeTargets(DefaultExecutor.java:41)
	at org.apache.tools.ant.Project.executeTargets(Project.java:1251)
	at org.apache.tools.ant.Main.runBuild(Main.java:811)
	at org.apache.tools.ant.Main.startAnt(Main.java:217)
	at org.apache.tools.ant.launch.Launcher.run(Launcher.java:280)
	at org.apache.tools.ant.launch.Launcher.main(Launcher.java:109)
Checkout Path: defects4j_work/Cli_30_b
Test Name: org.apache.commons.cli.PosixParserTest::testPropertyOptionUnexpected
Error Message: java.lang.NullPointerException
	at org.apache.commons.cli.Parser.processProperties(Parser.java:272)
	at org.apache.commons.cli.Parser.parse(Parser.java:241)
	at org.apache.commons.cli.Parser.parse(Parser.java:103)
	at org.apache.commons.cli.ParserTestCase.parse(ParserTestCase.java:875)
	at org.apache.commons.cli.ParserTestCase.testPropertyOptionUnexpected(ParserTestCase.java:1010)
	at java.base/jdk.internal.reflect.NativeMethodAccessorImpl.invoke0(Native Method)
	at java.base/jdk.internal.reflect.NativeMethodAccessorImpl.invoke(NativeMethodAccessorImpl.java:62)
	at java.base/jdk.internal.reflect.DelegatingMethodAccessorImpl.invoke(DelegatingMethodAccessorImpl.java:43)
	at java.base/java.lang.reflect.Method.invoke(Method.java:566)
	at junit.framework.TestCase.runTest(TestCase.java:176)
	at junit.framework.TestCase.runBare(TestCase.java:141)
	at junit.framework.TestResult$1.protect(TestResult.java:122)
	at junit.framework.TestResult.runProtected(TestResult.java:142)
	at junit.framework.TestResult.run(TestResult.java:125)
	at junit.framework.TestCase.run(TestCase.java:129)
	at org.apache.tools.ant.taskdefs.optional.junit.JUnitTestRunner.run(JUnitTestRunner.java:520)
	at org.apache.tools.ant.taskdefs.optional.junit.JUnitTask.executeInVM(JUnitTask.java:1492)
	at org.apache.tools.ant.taskdefs.optional.junit.JUnitTask.executeTests(JUnitTask.java:878)
	at org.apache.tools.ant.taskdefs.optional.junit.JUnitTask.executeOrQueue(JUnitTask.java:1980)
	at org.apache.tools.ant.taskdefs.optional.junit.JUnitTask.executeTests(JUnitTask.java:830)
	at org.apache.tools.ant.taskdefs.optional.junit.JUnitTask.execute(JUnitTask.java:2287)
	at org.apache.tools.ant.UnknownElement.execute(UnknownElement.java:291)
	at jdk.internal.reflect.GeneratedMethodAccessor4.invoke(Unknown Source)
	at java.base/jdk.internal.reflect.DelegatingMethodAccessorImpl.invoke(DelegatingMethodAccessorImpl.java:43)
	at java.base/java.lang.reflect.Method.invoke(Method.java:566)
	at org.apache.tools.ant.dispatch.DispatchUtils.execute(DispatchUtils.java:106)
	at org.apache.tools.ant.Task.perform(Task.java:348)
	at org.apache.tools.ant.Target.execute(Target.java:392)
	at org.apache.tools.ant.Target.performTasks(Target.java:413)
	at org.apache.tools.ant.Project.executeSortedTargets(Project.java:1399)
	at org.apache.tools.ant.Project.executeTarget(Project.java:1368)
	at org.apache.tools.ant.helper.DefaultExecutor.executeTargets(DefaultExecutor.java:41)
	at org.apache.tools.ant.Project.executeTargets(Project.java:1251)
	at org.apache.tools.ant.Main.runBuild(Main.java:811)
	at org.apache.tools.ant.Main.startAnt(Main.java:217)
	at org.apache.tools.ant.launch.Launcher.run(Launcher.java:280)
	at org.apache.tools.ant.launch.Launcher.main(Launcher.java:109)
report for Cli-30:
https://issues.apache.org/jira/browse/CLI-203
patch for Cli-30:
--- defects4j_work/Cli_30_b/src/main/java/org/apache/commons/cli/DefaultParser.java	2025-10-13 19:46:09.926003382 +0600
+++ defects4j_work/Cli_30_f/src/main/java/org/apache/commons/cli/DefaultParser.java	2025-10-13 19:46:20.956545095 +0600
@@ -147,12 +147,18 @@
         {
             String option = e.nextElement().toString();
             
-            if (!cmd.hasOption(option))
+            Option opt = options.getOption(option);
+            if (opt == null)
             {
-                Option opt = options.getOption(option);
+                throw new UnrecognizedOptionException("Default option wasn't defined", option);
+            }
             
             // if the option is part of a group, check if another option of the group has been selected
+            OptionGroup group = options.getOptionGroup(opt);
+            boolean selected = group != null && group.getSelected() != null;
             
+            if (!cmd.hasOption(option) && !selected)
+            {
                 // get the value from the properties
                 String value = properties.getProperty(option);
                 

--- defects4j_work/Cli_30_b/src/main/java/org/apache/commons/cli/Parser.java	2025-10-13 19:46:09.926003382 +0600
+++ defects4j_work/Cli_30_f/src/main/java/org/apache/commons/cli/Parser.java	2025-10-13 19:46:20.956545095 +0600
@@ -260,12 +260,18 @@
         {
             String option = e.nextElement().toString();
             
-            if (!cmd.hasOption(option))
+            Option opt = options.getOption(option);
+            if (opt == null)
             {
-                Option opt = getOptions().getOption(option);
+                throw new UnrecognizedOptionException("Default option wasn't defined", option);
+            }
             
             // if the option is part of a group, check if another option of the group has been selected
+            OptionGroup group = options.getOptionGroup(opt);
+            boolean selected = group != null && group.getSelected() != null;
             
+            if (!cmd.hasOption(option) && !selected)
+            {
                 // get the value from the properties instance
                 String value = properties.getProperty(option);
 



Checkout Path: defects4j_work/Cli_31_b
Test Name: org.apache.commons.cli.HelpFormatterTest::testDefaultArgName
Error Message: junit.framework.ComparisonFailure: expected:<usage: app -f <arg[ument]>
> but was:<usage: app -f <arg[]>
>
	at junit.framework.Assert.assertEquals(Assert.java:100)
	at junit.framework.Assert.assertEquals(Assert.java:107)
	at junit.framework.TestCase.assertEquals(TestCase.java:269)
	at org.apache.commons.cli.HelpFormatterTest.testDefaultArgName(HelpFormatterTest.java:321)
	at java.base/jdk.internal.reflect.NativeMethodAccessorImpl.invoke0(Native Method)
	at java.base/jdk.internal.reflect.NativeMethodAccessorImpl.invoke(NativeMethodAccessorImpl.java:62)
	at java.base/jdk.internal.reflect.DelegatingMethodAccessorImpl.invoke(DelegatingMethodAccessorImpl.java:43)
	at java.base/java.lang.reflect.Method.invoke(Method.java:566)
	at junit.framework.TestCase.runTest(TestCase.java:176)
	at junit.framework.TestCase.runBare(TestCase.java:141)
	at junit.framework.TestResult$1.protect(TestResult.java:122)
	at junit.framework.TestResult.runProtected(TestResult.java:142)
	at junit.framework.TestResult.run(TestResult.java:125)
	at junit.framework.TestCase.run(TestCase.java:129)
	at org.apache.tools.ant.taskdefs.optional.junit.JUnitTestRunner.run(JUnitTestRunner.java:520)
	at org.apache.tools.ant.taskdefs.optional.junit.JUnitTask.executeInVM(JUnitTask.java:1492)
	at org.apache.tools.ant.taskdefs.optional.junit.JUnitTask.executeTests(JUnitTask.java:878)
	at org.apache.tools.ant.taskdefs.optional.junit.JUnitTask.executeOrQueue(JUnitTask.java:1980)
	at org.apache.tools.ant.taskdefs.optional.junit.JUnitTask.executeTests(JUnitTask.java:830)
	at org.apache.tools.ant.taskdefs.optional.junit.JUnitTask.execute(JUnitTask.java:2287)
	at org.apache.tools.ant.UnknownElement.execute(UnknownElement.java:291)
	at jdk.internal.reflect.GeneratedMethodAccessor4.invoke(Unknown Source)
	at java.base/jdk.internal.reflect.DelegatingMethodAccessorImpl.invoke(DelegatingMethodAccessorImpl.java:43)
	at java.base/java.lang.reflect.Method.invoke(Method.java:566)
	at org.apache.tools.ant.dispatch.DispatchUtils.execute(DispatchUtils.java:106)
	at org.apache.tools.ant.Task.perform(Task.java:348)
	at org.apache.tools.ant.Target.execute(Target.java:392)
	at org.apache.tools.ant.Target.performTasks(Target.java:413)
	at org.apache.tools.ant.Project.executeSortedTargets(Project.java:1399)
	at org.apache.tools.ant.Project.executeTarget(Project.java:1368)
	at org.apache.tools.ant.helper.DefaultExecutor.executeTargets(DefaultExecutor.java:41)
	at org.apache.tools.ant.Project.executeTargets(Project.java:1251)
	at org.apache.tools.ant.Main.runBuild(Main.java:811)
	at org.apache.tools.ant.Main.startAnt(Main.java:217)
	at org.apache.tools.ant.launch.Launcher.run(Launcher.java:280)
	at org.apache.tools.ant.launch.Launcher.main(Launcher.java:109)
report for Cli-31:
https://issues.apache.org/jira/browse/CLI-205
patch for Cli-31:
--- defects4j_work/Cli_31_b/src/main/java/org/apache/commons/cli/HelpFormatter.java	2025-10-13 19:46:23.928529287 +0600
+++ defects4j_work/Cli_31_f/src/main/java/org/apache/commons/cli/HelpFormatter.java	2025-10-13 19:46:27.344511117 +0600
@@ -650,10 +650,10 @@
         }
         
         // if the Option has a value and a non blank argname
-        if (option.hasArg() && option.hasArgName())
+        if (option.hasArg() && (option.getArgName() == null || option.getArgName().length() != 0))
         {
             buff.append(option.getOpt() == null ? longOptSeparator : " ");
-            buff.append("<").append(option.getArgName()).append(">");
+            buff.append("<").append(option.getArgName() != null ? option.getArgName() : getArgName()).append(">");
         }
         
         // if the Option is not a required option

--- defects4j_work/Cli_31_b/src/main/java/org/apache/commons/cli/Option.java	2025-10-13 19:46:23.928529287 +0600
+++ defects4j_work/Cli_31_f/src/main/java/org/apache/commons/cli/Option.java	2025-10-13 19:46:27.344511117 +0600
@@ -54,7 +54,7 @@
     private String longOpt;
 
     /** the name of the argument for this option */
-    private String argName = "arg";
+    private String argName;
 
     /** description of the option */
     private String description;

--- defects4j_work/Cli_31_b/src/main/java/org/apache/commons/cli/OptionBuilder.java	2025-10-13 19:46:23.900529436 +0600
+++ defects4j_work/Cli_31_f/src/main/java/org/apache/commons/cli/OptionBuilder.java	2025-10-13 19:46:27.344511117 +0600
@@ -77,7 +77,7 @@
     private static void reset()
     {
         description = null;
-        argName = "arg";
+        argName = null;
         longopt = null;
         type = null;
         required = false;



Checkout Path: defects4j_work/Cli_32_b
Test Name: org.apache.commons.cli.HelpFormatterTest::testRenderWrappedTextWordCut
Error Message: java.lang.StringIndexOutOfBoundsException: String index out of range: 12
	at java.base/java.lang.StringLatin1.charAt(StringLatin1.java:47)
	at java.base/java.lang.String.charAt(String.java:693)
	at org.apache.commons.cli.HelpFormatter.findWrapPos(HelpFormatter.java:937)
	at org.apache.commons.cli.HelpFormatter.renderWrappedText(HelpFormatter.java:848)
	at org.apache.commons.cli.HelpFormatterTest.testRenderWrappedTextWordCut(HelpFormatterTest.java:68)
	at java.base/jdk.internal.reflect.NativeMethodAccessorImpl.invoke0(Native Method)
	at java.base/jdk.internal.reflect.NativeMethodAccessorImpl.invoke(NativeMethodAccessorImpl.java:62)
	at java.base/jdk.internal.reflect.DelegatingMethodAccessorImpl.invoke(DelegatingMethodAccessorImpl.java:43)
	at java.base/java.lang.reflect.Method.invoke(Method.java:566)
	at junit.framework.TestCase.runTest(TestCase.java:176)
	at junit.framework.TestCase.runBare(TestCase.java:141)
	at junit.framework.TestResult$1.protect(TestResult.java:122)
	at junit.framework.TestResult.runProtected(TestResult.java:142)
	at junit.framework.TestResult.run(TestResult.java:125)
	at junit.framework.TestCase.run(TestCase.java:129)
	at org.apache.tools.ant.taskdefs.optional.junit.JUnitTestRunner.run(JUnitTestRunner.java:520)
	at org.apache.tools.ant.taskdefs.optional.junit.JUnitTask.executeInVM(JUnitTask.java:1492)
	at org.apache.tools.ant.taskdefs.optional.junit.JUnitTask.executeTests(JUnitTask.java:878)
	at org.apache.tools.ant.taskdefs.optional.junit.JUnitTask.executeOrQueue(JUnitTask.java:1980)
	at org.apache.tools.ant.taskdefs.optional.junit.JUnitTask.executeTests(JUnitTask.java:830)
	at org.apache.tools.ant.taskdefs.optional.junit.JUnitTask.execute(JUnitTask.java:2287)
	at org.apache.tools.ant.UnknownElement.execute(UnknownElement.java:291)
	at jdk.internal.reflect.GeneratedMethodAccessor4.invoke(Unknown Source)
	at java.base/jdk.internal.reflect.DelegatingMethodAccessorImpl.invoke(DelegatingMethodAccessorImpl.java:43)
	at java.base/java.lang.reflect.Method.invoke(Method.java:566)
	at org.apache.tools.ant.dispatch.DispatchUtils.execute(DispatchUtils.java:106)
	at org.apache.tools.ant.Task.perform(Task.java:348)
	at org.apache.tools.ant.Target.execute(Target.java:392)
	at org.apache.tools.ant.Target.performTasks(Target.java:413)
	at org.apache.tools.ant.Project.executeSortedTargets(Project.java:1399)
	at org.apache.tools.ant.Project.executeTarget(Project.java:1368)
	at org.apache.tools.ant.helper.DefaultExecutor.executeTargets(DefaultExecutor.java:41)
	at org.apache.tools.ant.Project.executeTargets(Project.java:1251)
	at org.apache.tools.ant.Main.runBuild(Main.java:811)
	at org.apache.tools.ant.Main.startAnt(Main.java:217)
	at org.apache.tools.ant.launch.Launcher.run(Launcher.java:280)
	at org.apache.tools.ant.launch.Launcher.main(Launcher.java:109)
Checkout Path: defects4j_work/Cli_32_b
Test Name: org.apache.commons.cli.HelpFormatterTest::testFindWrapPos
Error Message: junit.framework.AssertionFailedError: wrap position 3 expected:<3> but was:<4>
	at junit.framework.Assert.fail(Assert.java:57)
	at junit.framework.Assert.failNotEquals(Assert.java:329)
	at junit.framework.Assert.assertEquals(Assert.java:78)
	at junit.framework.Assert.assertEquals(Assert.java:234)
	at junit.framework.TestCase.assertEquals(TestCase.java:401)
	at org.apache.commons.cli.HelpFormatterTest.testFindWrapPos(HelpFormatterTest.java:51)
	at java.base/jdk.internal.reflect.NativeMethodAccessorImpl.invoke0(Native Method)
	at java.base/jdk.internal.reflect.NativeMethodAccessorImpl.invoke(NativeMethodAccessorImpl.java:62)
	at java.base/jdk.internal.reflect.DelegatingMethodAccessorImpl.invoke(DelegatingMethodAccessorImpl.java:43)
	at java.base/java.lang.reflect.Method.invoke(Method.java:566)
	at junit.framework.TestCase.runTest(TestCase.java:176)
	at junit.framework.TestCase.runBare(TestCase.java:141)
	at junit.framework.TestResult$1.protect(TestResult.java:122)
	at junit.framework.TestResult.runProtected(TestResult.java:142)
	at junit.framework.TestResult.run(TestResult.java:125)
	at junit.framework.TestCase.run(TestCase.java:129)
	at org.apache.tools.ant.taskdefs.optional.junit.JUnitTestRunner.run(JUnitTestRunner.java:520)
	at org.apache.tools.ant.taskdefs.optional.junit.JUnitTask.executeInVM(JUnitTask.java:1492)
	at org.apache.tools.ant.taskdefs.optional.junit.JUnitTask.executeTests(JUnitTask.java:878)
	at org.apache.tools.ant.taskdefs.optional.junit.JUnitTask.executeOrQueue(JUnitTask.java:1980)
	at org.apache.tools.ant.taskdefs.optional.junit.JUnitTask.executeTests(JUnitTask.java:830)
	at org.apache.tools.ant.taskdefs.optional.junit.JUnitTask.execute(JUnitTask.java:2287)
	at org.apache.tools.ant.UnknownElement.execute(UnknownElement.java:291)
	at jdk.internal.reflect.GeneratedMethodAccessor4.invoke(Unknown Source)
	at java.base/jdk.internal.reflect.DelegatingMethodAccessorImpl.invoke(DelegatingMethodAccessorImpl.java:43)
	at java.base/java.lang.reflect.Method.invoke(Method.java:566)
	at org.apache.tools.ant.dispatch.DispatchUtils.execute(DispatchUtils.java:106)
	at org.apache.tools.ant.Task.perform(Task.java:348)
	at org.apache.tools.ant.Target.execute(Target.java:392)
	at org.apache.tools.ant.Target.performTasks(Target.java:413)
	at org.apache.tools.ant.Project.executeSortedTargets(Project.java:1399)
	at org.apache.tools.ant.Project.executeTarget(Project.java:1368)
	at org.apache.tools.ant.helper.DefaultExecutor.executeTargets(DefaultExecutor.java:41)
	at org.apache.tools.ant.Project.executeTargets(Project.java:1251)
	at org.apache.tools.ant.Main.runBuild(Main.java:811)
	at org.apache.tools.ant.Main.startAnt(Main.java:217)
	at org.apache.tools.ant.launch.Launcher.run(Launcher.java:280)
	at org.apache.tools.ant.launch.Launcher.main(Launcher.java:109)
report for Cli-32:
https://issues.apache.org/jira/browse/CLI-193
patch for Cli-32:
--- defects4j_work/Cli_32_b/src/main/java/org/apache/commons/cli/HelpFormatter.java	2025-10-13 19:46:30.236632845 +0600
+++ defects4j_work/Cli_32_f/src/main/java/org/apache/commons/cli/HelpFormatter.java	2025-10-13 19:46:34.592897352 +0600
@@ -934,11 +934,7 @@
         
         // if we didn't find one, simply chop at startPos+width
         pos = startPos + width;
-        while ((pos <= text.length()) && ((c = text.charAt(pos)) != ' ')
-               && (c != '\n') && (c != '\r'))
-        {
-            ++pos;
-        }        
+        
         return pos == text.length() ? -1 : pos;
     }
 



Checkout Path: defects4j_work/Cli_33_b
Test Name: org.apache.commons.cli.HelpFormatterTest::testIndentedHeaderAndFooter
Error Message: junit.framework.ComparisonFailure: expected:<...e: foobar
  Header1
[  Header2

  Footer1
  ]Footer2
> but was:<...e: foobar
  Header1
[Header2

  Footer1
]Footer2
>
	at junit.framework.Assert.assertEquals(Assert.java:100)
	at junit.framework.Assert.assertEquals(Assert.java:107)
	at junit.framework.TestCase.assertEquals(TestCase.java:269)
	at org.apache.commons.cli.HelpFormatterTest.testIndentedHeaderAndFooter(HelpFormatterTest.java:441)
	at java.base/jdk.internal.reflect.NativeMethodAccessorImpl.invoke0(Native Method)
	at java.base/jdk.internal.reflect.NativeMethodAccessorImpl.invoke(NativeMethodAccessorImpl.java:62)
	at java.base/jdk.internal.reflect.DelegatingMethodAccessorImpl.invoke(DelegatingMethodAccessorImpl.java:43)
	at java.base/java.lang.reflect.Method.invoke(Method.java:566)
	at junit.framework.TestCase.runTest(TestCase.java:176)
	at junit.framework.TestCase.runBare(TestCase.java:141)
	at junit.framework.TestResult$1.protect(TestResult.java:122)
	at junit.framework.TestResult.runProtected(TestResult.java:142)
	at junit.framework.TestResult.run(TestResult.java:125)
	at junit.framework.TestCase.run(TestCase.java:129)
	at org.apache.tools.ant.taskdefs.optional.junit.JUnitTestRunner.run(JUnitTestRunner.java:520)
	at org.apache.tools.ant.taskdefs.optional.junit.JUnitTask.executeInVM(JUnitTask.java:1492)
	at org.apache.tools.ant.taskdefs.optional.junit.JUnitTask.executeTests(JUnitTask.java:878)
	at org.apache.tools.ant.taskdefs.optional.junit.JUnitTask.executeOrQueue(JUnitTask.java:1980)
	at org.apache.tools.ant.taskdefs.optional.junit.JUnitTask.executeTests(JUnitTask.java:830)
	at org.apache.tools.ant.taskdefs.optional.junit.JUnitTask.execute(JUnitTask.java:2287)
	at org.apache.tools.ant.UnknownElement.execute(UnknownElement.java:291)
	at jdk.internal.reflect.GeneratedMethodAccessor4.invoke(Unknown Source)
	at java.base/jdk.internal.reflect.DelegatingMethodAccessorImpl.invoke(DelegatingMethodAccessorImpl.java:43)
	at java.base/java.lang.reflect.Method.invoke(Method.java:566)
	at org.apache.tools.ant.dispatch.DispatchUtils.execute(DispatchUtils.java:106)
	at org.apache.tools.ant.Task.perform(Task.java:348)
	at org.apache.tools.ant.Target.execute(Target.java:392)
	at org.apache.tools.ant.Target.performTasks(Target.java:413)
	at org.apache.tools.ant.Project.executeSortedTargets(Project.java:1399)
	at org.apache.tools.ant.Project.executeTarget(Project.java:1368)
	at org.apache.tools.ant.helper.DefaultExecutor.executeTargets(DefaultExecutor.java:41)
	at org.apache.tools.ant.Project.executeTargets(Project.java:1251)
	at org.apache.tools.ant.Main.runBuild(Main.java:811)
	at org.apache.tools.ant.Main.startAnt(Main.java:217)
	at org.apache.tools.ant.launch.Launcher.run(Launcher.java:280)
	at org.apache.tools.ant.launch.Launcher.main(Launcher.java:109)
report for Cli-33:
https://issues.apache.org/jira/browse/CLI-207
patch for Cli-33:
--- defects4j_work/Cli_33_b/src/main/java/org/apache/commons/cli/HelpFormatter.java	2025-10-13 19:46:37.453056532 +0600
+++ defects4j_work/Cli_33_f/src/main/java/org/apache/commons/cli/HelpFormatter.java	2025-10-13 19:46:40.901193180 +0600
@@ -727,7 +727,7 @@
     {
         StringBuffer sb = new StringBuffer(text.length());
 
-        renderWrappedText(sb, width, nextLineTabStop, text);
+        renderWrappedTextBlock(sb, width, nextLineTabStop, text);
         pw.println(sb.toString());
     }
 
@@ -897,8 +897,25 @@
      * @param nextLineTabStop The position on the next line for the first tab.
      * @param text The text to be rendered.
      */
+    private StringBuffer renderWrappedTextBlock(StringBuffer sb, int width, int nextLineTabStop, String text) {
+        try {
+            BufferedReader in = new BufferedReader(new StringReader(text));
+            String line;
+            boolean firstLine = true;
+            while ((line = in.readLine()) != null) {
+                if (!firstLine) {
+                    sb.append(getNewLine());
+                } else {
+                    firstLine = false;
+                }
+                renderWrappedText(sb, width, nextLineTabStop, line);
+            }
+        } catch (IOException e) {
             // cannot happen
+        }
 
+        return sb;
+    }
 
     /**
      * Finds the next text wrap position after <code>startPos</code> for the



Checkout Path: defects4j_work/Cli_34_b
Test Name: org.apache.commons.cli.CommandLineTest::testGetParsedOptionValue
Error Message: junit.framework.AssertionFailedError: expected:<foo> but was:<null>
	at junit.framework.Assert.fail(Assert.java:57)
	at junit.framework.Assert.failNotEquals(Assert.java:329)
	at junit.framework.Assert.assertEquals(Assert.java:78)
	at junit.framework.Assert.assertEquals(Assert.java:86)
	at junit.framework.TestCase.assertEquals(TestCase.java:253)
	at org.apache.commons.cli.CommandLineTest.testGetParsedOptionValue(CommandLineTest.java:74)
	at java.base/jdk.internal.reflect.NativeMethodAccessorImpl.invoke0(Native Method)
	at java.base/jdk.internal.reflect.NativeMethodAccessorImpl.invoke(NativeMethodAccessorImpl.java:62)
	at java.base/jdk.internal.reflect.DelegatingMethodAccessorImpl.invoke(DelegatingMethodAccessorImpl.java:43)
	at java.base/java.lang.reflect.Method.invoke(Method.java:566)
	at junit.framework.TestCase.runTest(TestCase.java:176)
	at junit.framework.TestCase.runBare(TestCase.java:141)
	at junit.framework.TestResult$1.protect(TestResult.java:122)
	at junit.framework.TestResult.runProtected(TestResult.java:142)
	at junit.framework.TestResult.run(TestResult.java:125)
	at junit.framework.TestCase.run(TestCase.java:129)
	at org.apache.tools.ant.taskdefs.optional.junit.JUnitTestRunner.run(JUnitTestRunner.java:520)
	at org.apache.tools.ant.taskdefs.optional.junit.JUnitTask.executeInVM(JUnitTask.java:1492)
	at org.apache.tools.ant.taskdefs.optional.junit.JUnitTask.executeTests(JUnitTask.java:878)
	at org.apache.tools.ant.taskdefs.optional.junit.JUnitTask.executeOrQueue(JUnitTask.java:1980)
	at org.apache.tools.ant.taskdefs.optional.junit.JUnitTask.executeTests(JUnitTask.java:830)
	at org.apache.tools.ant.taskdefs.optional.junit.JUnitTask.execute(JUnitTask.java:2287)
	at org.apache.tools.ant.UnknownElement.execute(UnknownElement.java:291)
	at jdk.internal.reflect.GeneratedMethodAccessor4.invoke(Unknown Source)
	at java.base/jdk.internal.reflect.DelegatingMethodAccessorImpl.invoke(DelegatingMethodAccessorImpl.java:43)
	at java.base/java.lang.reflect.Method.invoke(Method.java:566)
	at org.apache.tools.ant.dispatch.DispatchUtils.execute(DispatchUtils.java:106)
	at org.apache.tools.ant.Task.perform(Task.java:348)
	at org.apache.tools.ant.Target.execute(Target.java:392)
	at org.apache.tools.ant.Target.performTasks(Target.java:413)
	at org.apache.tools.ant.Project.executeSortedTargets(Project.java:1399)
	at org.apache.tools.ant.Project.executeTarget(Project.java:1368)
	at org.apache.tools.ant.helper.DefaultExecutor.executeTargets(DefaultExecutor.java:41)
	at org.apache.tools.ant.Project.executeTargets(Project.java:1251)
	at org.apache.tools.ant.Main.runBuild(Main.java:811)
	at org.apache.tools.ant.Main.startAnt(Main.java:217)
	at org.apache.tools.ant.launch.Launcher.run(Launcher.java:280)
	at org.apache.tools.ant.launch.Launcher.main(Launcher.java:109)
Checkout Path: defects4j_work/Cli_34_b
Test Name: org.apache.commons.cli.OptionBuilderTest::testTwoCompleteOptions
Error Message: junit.framework.AssertionFailedError: expected:<class java.lang.String> but was:<null>
	at junit.framework.Assert.fail(Assert.java:57)
	at junit.framework.Assert.failNotEquals(Assert.java:329)
	at junit.framework.Assert.assertEquals(Assert.java:78)
	at junit.framework.Assert.assertEquals(Assert.java:86)
	at junit.framework.TestCase.assertEquals(TestCase.java:253)
	at org.apache.commons.cli.OptionBuilderTest.testTwoCompleteOptions(OptionBuilderTest.java:67)
	at java.base/jdk.internal.reflect.NativeMethodAccessorImpl.invoke0(Native Method)
	at java.base/jdk.internal.reflect.NativeMethodAccessorImpl.invoke(NativeMethodAccessorImpl.java:62)
	at java.base/jdk.internal.reflect.DelegatingMethodAccessorImpl.invoke(DelegatingMethodAccessorImpl.java:43)
	at java.base/java.lang.reflect.Method.invoke(Method.java:566)
	at junit.framework.TestCase.runTest(TestCase.java:176)
	at junit.framework.TestCase.runBare(TestCase.java:141)
	at junit.framework.TestResult$1.protect(TestResult.java:122)
	at junit.framework.TestResult.runProtected(TestResult.java:142)
	at junit.framework.TestResult.run(TestResult.java:125)
	at junit.framework.TestCase.run(TestCase.java:129)
	at org.apache.tools.ant.taskdefs.optional.junit.JUnitTestRunner.run(JUnitTestRunner.java:520)
	at org.apache.tools.ant.taskdefs.optional.junit.JUnitTask.executeInVM(JUnitTask.java:1492)
	at org.apache.tools.ant.taskdefs.optional.junit.JUnitTask.executeTests(JUnitTask.java:878)
	at org.apache.tools.ant.taskdefs.optional.junit.JUnitTask.executeOrQueue(JUnitTask.java:1980)
	at org.apache.tools.ant.taskdefs.optional.junit.JUnitTask.executeTests(JUnitTask.java:830)
	at org.apache.tools.ant.taskdefs.optional.junit.JUnitTask.execute(JUnitTask.java:2287)
	at org.apache.tools.ant.UnknownElement.execute(UnknownElement.java:291)
	at jdk.internal.reflect.GeneratedMethodAccessor4.invoke(Unknown Source)
	at java.base/jdk.internal.reflect.DelegatingMethodAccessorImpl.invoke(DelegatingMethodAccessorImpl.java:43)
	at java.base/java.lang.reflect.Method.invoke(Method.java:566)
	at org.apache.tools.ant.dispatch.DispatchUtils.execute(DispatchUtils.java:106)
	at org.apache.tools.ant.Task.perform(Task.java:348)
	at org.apache.tools.ant.Target.execute(Target.java:392)
	at org.apache.tools.ant.Target.performTasks(Target.java:413)
	at org.apache.tools.ant.Project.executeSortedTargets(Project.java:1399)
	at org.apache.tools.ant.Project.executeTarget(Project.java:1368)
	at org.apache.tools.ant.helper.DefaultExecutor.executeTargets(DefaultExecutor.java:41)
	at org.apache.tools.ant.Project.executeTargets(Project.java:1251)
	at org.apache.tools.ant.Main.runBuild(Main.java:811)
	at org.apache.tools.ant.Main.startAnt(Main.java:217)
	at org.apache.tools.ant.launch.Launcher.run(Launcher.java:280)
	at org.apache.tools.ant.launch.Launcher.main(Launcher.java:109)
report for Cli-34:
https://issues.apache.org/jira/browse/CLI-215
patch for Cli-34:
--- defects4j_work/Cli_34_b/src/main/java/org/apache/commons/cli/Option.java	2025-10-13 19:46:43.821308901 +0600
+++ defects4j_work/Cli_34_f/src/main/java/org/apache/commons/cli/Option.java	2025-10-13 19:46:48.149463652 +0600
@@ -69,7 +69,7 @@
     private int numberOfArgs = UNINITIALIZED;
 
     /** the type of this Option */
-    private Class type;
+    private Class type = String.class;
 
     /** the list of argument values **/
     private List values = new ArrayList();

--- defects4j_work/Cli_34_b/src/main/java/org/apache/commons/cli/OptionBuilder.java	2025-10-13 19:46:43.821308901 +0600
+++ defects4j_work/Cli_34_f/src/main/java/org/apache/commons/cli/OptionBuilder.java	2025-10-13 19:46:48.149463652 +0600
@@ -81,7 +81,7 @@
         description = null;
         argName = null;
         longopt = null;
-        type = null;
+        type = String.class;
         required = false;
         numberOfArgs = Option.UNINITIALIZED;
         optionalArg = false;



Checkout Path: defects4j_work/Cli_35_b
Test Name: org.apache.commons.cli.bug.BugCLI252Test::testExactOptionNameMatch
Error Message: org.apache.commons.cli.AmbiguousOptionException: Ambiguous option: '--prefix'  (could be: 'prefix', 'prefixplusplus')
	at org.apache.commons.cli.DefaultParser.handleLongOptionWithoutEqual(DefaultParser.java:398)
	at org.apache.commons.cli.DefaultParser.handleLongOption(DefaultParser.java:371)
	at org.apache.commons.cli.DefaultParser.handleToken(DefaultParser.java:239)
	at org.apache.commons.cli.DefaultParser.parse(DefaultParser.java:120)
	at org.apache.commons.cli.DefaultParser.parse(DefaultParser.java:76)
	at org.apache.commons.cli.DefaultParser.parse(DefaultParser.java:60)
	at org.apache.commons.cli.bug.BugCLI252Test.testExactOptionNameMatch(BugCLI252Test.java:10)
	at java.base/jdk.internal.reflect.NativeMethodAccessorImpl.invoke0(Native Method)
	at java.base/jdk.internal.reflect.NativeMethodAccessorImpl.invoke(NativeMethodAccessorImpl.java:62)
	at java.base/jdk.internal.reflect.DelegatingMethodAccessorImpl.invoke(DelegatingMethodAccessorImpl.java:43)
	at java.base/java.lang.reflect.Method.invoke(Method.java:566)
	at org.junit.runners.model.FrameworkMethod$1.runReflectiveCall(FrameworkMethod.java:50)
	at org.junit.internal.runners.model.ReflectiveCallable.run(ReflectiveCallable.java:12)
	at org.junit.runners.model.FrameworkMethod.invokeExplosively(FrameworkMethod.java:47)
	at org.junit.internal.runners.statements.InvokeMethod.evaluate(InvokeMethod.java:17)
	at org.junit.internal.runners.statements.RunBefores.evaluate(RunBefores.java:26)
	at org.junit.runners.ParentRunner.runLeaf(ParentRunner.java:325)
	at org.junit.runners.BlockJUnit4ClassRunner.runChild(BlockJUnit4ClassRunner.java:78)
	at org.junit.runners.BlockJUnit4ClassRunner.runChild(BlockJUnit4ClassRunner.java:57)
	at org.junit.runners.ParentRunner$3.run(ParentRunner.java:290)
	at org.junit.runners.ParentRunner$1.schedule(ParentRunner.java:71)
	at org.junit.runners.ParentRunner.runChildren(ParentRunner.java:288)
	at org.junit.runners.ParentRunner.access$000(ParentRunner.java:58)
	at org.junit.runners.ParentRunner$2.evaluate(ParentRunner.java:268)
	at org.junit.runners.ParentRunner.run(ParentRunner.java:363)
	at org.apache.tools.ant.taskdefs.optional.junit.JUnit4TestMethodAdapter.run(JUnit4TestMethodAdapter.java:109)
	at org.apache.tools.ant.taskdefs.optional.junit.JUnitTestRunner.run(JUnitTestRunner.java:520)
	at org.apache.tools.ant.taskdefs.optional.junit.JUnitTask.executeInVM(JUnitTask.java:1492)
	at org.apache.tools.ant.taskdefs.optional.junit.JUnitTask.executeTests(JUnitTask.java:878)
	at org.apache.tools.ant.taskdefs.optional.junit.JUnitTask.executeOrQueue(JUnitTask.java:1980)
	at org.apache.tools.ant.taskdefs.optional.junit.JUnitTask.executeTests(JUnitTask.java:830)
	at org.apache.tools.ant.taskdefs.optional.junit.JUnitTask.execute(JUnitTask.java:2287)
	at org.apache.tools.ant.UnknownElement.execute(UnknownElement.java:291)
	at jdk.internal.reflect.GeneratedMethodAccessor4.invoke(Unknown Source)
	at java.base/jdk.internal.reflect.DelegatingMethodAccessorImpl.invoke(DelegatingMethodAccessorImpl.java:43)
	at java.base/java.lang.reflect.Method.invoke(Method.java:566)
	at org.apache.tools.ant.dispatch.DispatchUtils.execute(DispatchUtils.java:106)
	at org.apache.tools.ant.Task.perform(Task.java:348)
	at org.apache.tools.ant.Target.execute(Target.java:392)
	at org.apache.tools.ant.Target.performTasks(Target.java:413)
	at org.apache.tools.ant.Project.executeSortedTargets(Project.java:1399)
	at org.apache.tools.ant.Project.executeTarget(Project.java:1368)
	at org.apache.tools.ant.helper.DefaultExecutor.executeTargets(DefaultExecutor.java:41)
	at org.apache.tools.ant.Project.executeTargets(Project.java:1251)
	at org.apache.tools.ant.Main.runBuild(Main.java:811)
	at org.apache.tools.ant.Main.startAnt(Main.java:217)
	at org.apache.tools.ant.launch.Launcher.run(Launcher.java:280)
	at org.apache.tools.ant.launch.Launcher.main(Launcher.java:109)
report for Cli-35:
https://issues.apache.org/jira/browse/CLI-252
patch for Cli-35:
--- defects4j_work/Cli_35_b/src/main/java/org/apache/commons/cli/Options.java	2025-10-13 19:46:51.016499603 +0600
+++ defects4j_work/Cli_35_f/src/main/java/org/apache/commons/cli/Options.java	2025-10-13 19:46:54.528623547 +0600
@@ -237,6 +237,9 @@
         List<String> matchingOpts = new ArrayList<String>();
 
         // for a perfect match return the single option only
+        if(longOpts.keySet().contains(opt)) {
+            return Collections.singletonList(opt);
+        }
 
         for (String longOpt : longOpts.keySet())
         {



Checkout Path: defects4j_work/Cli_36_b
Test Name: org.apache.commons.cli.bug.BugCLI266Test::testOptionComparatorInsertedOrder
Error Message: junit.framework.AssertionFailedError: expected:<[p]> but was:<[x]>
	at org.junit.Assert.assertEquals(Assert.java:115)
	at org.junit.Assert.assertEquals(Assert.java:144)
	at org.apache.commons.cli.bug.BugCLI266Test.testOptionComparatorInsertedOrder(BugCLI266Test.java:39)
	at java.base/jdk.internal.reflect.NativeMethodAccessorImpl.invoke0(Native Method)
	at java.base/jdk.internal.reflect.NativeMethodAccessorImpl.invoke(NativeMethodAccessorImpl.java:62)
	at java.base/jdk.internal.reflect.DelegatingMethodAccessorImpl.invoke(DelegatingMethodAccessorImpl.java:43)
	at java.base/java.lang.reflect.Method.invoke(Method.java:566)
	at org.junit.runners.model.FrameworkMethod$1.runReflectiveCall(FrameworkMethod.java:50)
	at org.junit.internal.runners.model.ReflectiveCallable.run(ReflectiveCallable.java:12)
	at org.junit.runners.model.FrameworkMethod.invokeExplosively(FrameworkMethod.java:47)
	at org.junit.internal.runners.statements.InvokeMethod.evaluate(InvokeMethod.java:17)
	at org.junit.runners.ParentRunner.runLeaf(ParentRunner.java:325)
	at org.junit.runners.BlockJUnit4ClassRunner.runChild(BlockJUnit4ClassRunner.java:78)
	at org.junit.runners.BlockJUnit4ClassRunner.runChild(BlockJUnit4ClassRunner.java:57)
	at org.junit.runners.ParentRunner$3.run(ParentRunner.java:290)
	at org.junit.runners.ParentRunner$1.schedule(ParentRunner.java:71)
	at org.junit.runners.ParentRunner.runChildren(ParentRunner.java:288)
	at org.junit.runners.ParentRunner.access$000(ParentRunner.java:58)
	at org.junit.runners.ParentRunner$2.evaluate(ParentRunner.java:268)
	at org.junit.runners.ParentRunner.run(ParentRunner.java:363)
	at org.apache.tools.ant.taskdefs.optional.junit.JUnit4TestMethodAdapter.run(JUnit4TestMethodAdapter.java:109)
	at org.apache.tools.ant.taskdefs.optional.junit.JUnitTestRunner.run(JUnitTestRunner.java:520)
	at org.apache.tools.ant.taskdefs.optional.junit.JUnitTask.executeInVM(JUnitTask.java:1492)
	at org.apache.tools.ant.taskdefs.optional.junit.JUnitTask.executeTests(JUnitTask.java:878)
	at org.apache.tools.ant.taskdefs.optional.junit.JUnitTask.executeOrQueue(JUnitTask.java:1980)
	at org.apache.tools.ant.taskdefs.optional.junit.JUnitTask.executeTests(JUnitTask.java:830)
	at org.apache.tools.ant.taskdefs.optional.junit.JUnitTask.execute(JUnitTask.java:2287)
	at org.apache.tools.ant.UnknownElement.execute(UnknownElement.java:291)
	at jdk.internal.reflect.GeneratedMethodAccessor4.invoke(Unknown Source)
	at java.base/jdk.internal.reflect.DelegatingMethodAccessorImpl.invoke(DelegatingMethodAccessorImpl.java:43)
	at java.base/java.lang.reflect.Method.invoke(Method.java:566)
	at org.apache.tools.ant.dispatch.DispatchUtils.execute(DispatchUtils.java:106)
	at org.apache.tools.ant.Task.perform(Task.java:348)
	at org.apache.tools.ant.Target.execute(Target.java:392)
	at org.apache.tools.ant.Target.performTasks(Target.java:413)
	at org.apache.tools.ant.Project.executeSortedTargets(Project.java:1399)
	at org.apache.tools.ant.Project.executeTarget(Project.java:1368)
	at org.apache.tools.ant.helper.DefaultExecutor.executeTargets(DefaultExecutor.java:41)
	at org.apache.tools.ant.Project.executeTargets(Project.java:1251)
	at org.apache.tools.ant.Main.runBuild(Main.java:811)
	at org.apache.tools.ant.Main.startAnt(Main.java:217)
	at org.apache.tools.ant.launch.Launcher.run(Launcher.java:280)
	at org.apache.tools.ant.launch.Launcher.main(Launcher.java:109)
report for Cli-36:
https://issues.apache.org/jira/browse/CLI-266
patch for Cli-36:
--- defects4j_work/Cli_36_b/src/main/java/org/apache/commons/cli/OptionGroup.java	2025-10-13 19:46:57.312723619 +0600
+++ defects4j_work/Cli_36_f/src/main/java/org/apache/commons/cli/OptionGroup.java	2025-10-13 19:47:00.772847998 +0600
@@ -19,8 +19,8 @@
 
 import java.io.Serializable;
 import java.util.Collection;
-import java.util.HashMap;
 import java.util.Iterator;
+import java.util.LinkedHashMap;
 import java.util.Map;
 
 /**
@@ -34,7 +34,7 @@
     private static final long serialVersionUID = 1L;
     
     /** hold the options */
-    private final Map<String, Option> optionMap = new HashMap<String, Option>();
+    private final Map<String, Option> optionMap = new LinkedHashMap<String, Option>();
 
     /** the name of the selected option */
     private String selected;

--- defects4j_work/Cli_36_b/src/main/java/org/apache/commons/cli/Options.java	2025-10-13 19:46:57.340724626 +0600
+++ defects4j_work/Cli_36_f/src/main/java/org/apache/commons/cli/Options.java	2025-10-13 19:47:00.772847998 +0600
@@ -57,7 +57,7 @@
     private final List<Object> requiredOpts = new ArrayList<Object>();
 
     /** a map of the option groups */
-    private final Map<String, OptionGroup> optionGroups = new java.util.HashMap<String, OptionGroup>();
+    private final Map<String, OptionGroup> optionGroups = new LinkedHashMap<String, OptionGroup>();
 
     /**
      * Add the specified option group.



Checkout Path: defects4j_work/Cli_37_b
Test Name: org.apache.commons.cli.bug.BugCLI265Test::shouldParseShortOptionWithoutValue
Error Message: junit.framework.AssertionFailedError: Second option has been used as value for first option. Actual: -last
	at org.junit.Assert.fail(Assert.java:88)
	at org.junit.Assert.failEquals(Assert.java:185)
	at org.junit.Assert.assertNotEquals(Assert.java:161)
	at org.apache.commons.cli.bug.BugCLI265Test.shouldParseShortOptionWithoutValue(BugCLI265Test.java:52)
	at java.base/jdk.internal.reflect.NativeMethodAccessorImpl.invoke0(Native Method)
	at java.base/jdk.internal.reflect.NativeMethodAccessorImpl.invoke(NativeMethodAccessorImpl.java:62)
	at java.base/jdk.internal.reflect.DelegatingMethodAccessorImpl.invoke(DelegatingMethodAccessorImpl.java:43)
	at java.base/java.lang.reflect.Method.invoke(Method.java:566)
	at org.junit.runners.model.FrameworkMethod$1.runReflectiveCall(FrameworkMethod.java:50)
	at org.junit.internal.runners.model.ReflectiveCallable.run(ReflectiveCallable.java:12)
	at org.junit.runners.model.FrameworkMethod.invokeExplosively(FrameworkMethod.java:47)
	at org.junit.internal.runners.statements.InvokeMethod.evaluate(InvokeMethod.java:17)
	at org.junit.internal.runners.statements.RunBefores.evaluate(RunBefores.java:26)
	at org.junit.runners.ParentRunner.runLeaf(ParentRunner.java:325)
	at org.junit.runners.BlockJUnit4ClassRunner.runChild(BlockJUnit4ClassRunner.java:78)
	at org.junit.runners.BlockJUnit4ClassRunner.runChild(BlockJUnit4ClassRunner.java:57)
	at org.junit.runners.ParentRunner$3.run(ParentRunner.java:290)
	at org.junit.runners.ParentRunner$1.schedule(ParentRunner.java:71)
	at org.junit.runners.ParentRunner.runChildren(ParentRunner.java:288)
	at org.junit.runners.ParentRunner.access$000(ParentRunner.java:58)
	at org.junit.runners.ParentRunner$2.evaluate(ParentRunner.java:268)
	at org.junit.runners.ParentRunner.run(ParentRunner.java:363)
	at org.apache.tools.ant.taskdefs.optional.junit.JUnit4TestMethodAdapter.run(JUnit4TestMethodAdapter.java:109)
	at org.apache.tools.ant.taskdefs.optional.junit.JUnitTestRunner.run(JUnitTestRunner.java:520)
	at org.apache.tools.ant.taskdefs.optional.junit.JUnitTask.executeInVM(JUnitTask.java:1492)
	at org.apache.tools.ant.taskdefs.optional.junit.JUnitTask.executeTests(JUnitTask.java:878)
	at org.apache.tools.ant.taskdefs.optional.junit.JUnitTask.executeOrQueue(JUnitTask.java:1980)
	at org.apache.tools.ant.taskdefs.optional.junit.JUnitTask.executeTests(JUnitTask.java:830)
	at org.apache.tools.ant.taskdefs.optional.junit.JUnitTask.execute(JUnitTask.java:2287)
	at org.apache.tools.ant.UnknownElement.execute(UnknownElement.java:291)
	at jdk.internal.reflect.GeneratedMethodAccessor4.invoke(Unknown Source)
	at java.base/jdk.internal.reflect.DelegatingMethodAccessorImpl.invoke(DelegatingMethodAccessorImpl.java:43)
	at java.base/java.lang.reflect.Method.invoke(Method.java:566)
	at org.apache.tools.ant.dispatch.DispatchUtils.execute(DispatchUtils.java:106)
	at org.apache.tools.ant.Task.perform(Task.java:348)
	at org.apache.tools.ant.Target.execute(Target.java:392)
	at org.apache.tools.ant.Target.performTasks(Target.java:413)
	at org.apache.tools.ant.Project.executeSortedTargets(Project.java:1399)
	at org.apache.tools.ant.Project.executeTarget(Project.java:1368)
	at org.apache.tools.ant.helper.DefaultExecutor.executeTargets(DefaultExecutor.java:41)
	at org.apache.tools.ant.Project.executeTargets(Project.java:1251)
	at org.apache.tools.ant.Main.runBuild(Main.java:811)
	at org.apache.tools.ant.Main.startAnt(Main.java:217)
	at org.apache.tools.ant.launch.Launcher.run(Launcher.java:280)
	at org.apache.tools.ant.launch.Launcher.main(Launcher.java:109)
report for Cli-37:
https://issues.apache.org/jira/browse/CLI-265
patch for Cli-37:
--- defects4j_work/Cli_37_b/src/main/java/org/apache/commons/cli/DefaultParser.java	2025-10-13 19:47:03.644954506 +0600
+++ defects4j_work/Cli_37_f/src/main/java/org/apache/commons/cli/DefaultParser.java	2025-10-13 19:47:07.117083308 +0600
@@ -299,9 +299,15 @@
     private boolean isShortOption(String token)
     {
         // short options (-S, -SV, -S=V, -SV1=V2, -S1S2)
-        return token.startsWith("-") && token.length() >= 2 && options.hasShortOption(token.substring(1, 2));
+        if (!token.startsWith("-") || token.length() == 1)
+        {
+            return false;
+        }
 
         // remove leading "-" and "=value"
+        int pos = token.indexOf("=");
+        String optName = pos == -1 ? token.substring(1) : token.substring(1, pos);
+        return options.hasShortOption(optName);
     }
 
     /**



Checkout Path: defects4j_work/Cli_38_b
Test Name: org.apache.commons.cli.bug.BugCLI265Test::shouldParseConcatenatedShortOptions
Error Message: junit.framework.AssertionFailedError: expected null, but was:<-ab>
	at org.junit.Assert.fail(Assert.java:88)
	at org.junit.Assert.failNotNull(Assert.java:755)
	at org.junit.Assert.assertNull(Assert.java:737)
	at org.junit.Assert.assertNull(Assert.java:747)
	at org.apache.commons.cli.bug.BugCLI265Test.shouldParseConcatenatedShortOptions(BugCLI265Test.java:83)
	at java.base/jdk.internal.reflect.NativeMethodAccessorImpl.invoke0(Native Method)
	at java.base/jdk.internal.reflect.NativeMethodAccessorImpl.invoke(NativeMethodAccessorImpl.java:62)
	at java.base/jdk.internal.reflect.DelegatingMethodAccessorImpl.invoke(DelegatingMethodAccessorImpl.java:43)
	at java.base/java.lang.reflect.Method.invoke(Method.java:566)
	at org.junit.runners.model.FrameworkMethod$1.runReflectiveCall(FrameworkMethod.java:50)
	at org.junit.internal.runners.model.ReflectiveCallable.run(ReflectiveCallable.java:12)
	at org.junit.runners.model.FrameworkMethod.invokeExplosively(FrameworkMethod.java:47)
	at org.junit.internal.runners.statements.InvokeMethod.evaluate(InvokeMethod.java:17)
	at org.junit.internal.runners.statements.RunBefores.evaluate(RunBefores.java:26)
	at org.junit.runners.ParentRunner.runLeaf(ParentRunner.java:325)
	at org.junit.runners.BlockJUnit4ClassRunner.runChild(BlockJUnit4ClassRunner.java:78)
	at org.junit.runners.BlockJUnit4ClassRunner.runChild(BlockJUnit4ClassRunner.java:57)
	at org.junit.runners.ParentRunner$3.run(ParentRunner.java:290)
	at org.junit.runners.ParentRunner$1.schedule(ParentRunner.java:71)
	at org.junit.runners.ParentRunner.runChildren(ParentRunner.java:288)
	at org.junit.runners.ParentRunner.access$000(ParentRunner.java:58)
	at org.junit.runners.ParentRunner$2.evaluate(ParentRunner.java:268)
	at org.junit.runners.ParentRunner.run(ParentRunner.java:363)
	at org.apache.tools.ant.taskdefs.optional.junit.JUnit4TestMethodAdapter.run(JUnit4TestMethodAdapter.java:109)
	at org.apache.tools.ant.taskdefs.optional.junit.JUnitTestRunner.run(JUnitTestRunner.java:520)
	at org.apache.tools.ant.taskdefs.optional.junit.JUnitTask.executeInVM(JUnitTask.java:1492)
	at org.apache.tools.ant.taskdefs.optional.junit.JUnitTask.executeTests(JUnitTask.java:878)
	at org.apache.tools.ant.taskdefs.optional.junit.JUnitTask.executeOrQueue(JUnitTask.java:1980)
	at org.apache.tools.ant.taskdefs.optional.junit.JUnitTask.executeTests(JUnitTask.java:830)
	at org.apache.tools.ant.taskdefs.optional.junit.JUnitTask.execute(JUnitTask.java:2287)
	at org.apache.tools.ant.UnknownElement.execute(UnknownElement.java:291)
	at jdk.internal.reflect.GeneratedMethodAccessor4.invoke(Unknown Source)
	at java.base/jdk.internal.reflect.DelegatingMethodAccessorImpl.invoke(DelegatingMethodAccessorImpl.java:43)
	at java.base/java.lang.reflect.Method.invoke(Method.java:566)
	at org.apache.tools.ant.dispatch.DispatchUtils.execute(DispatchUtils.java:106)
	at org.apache.tools.ant.Task.perform(Task.java:348)
	at org.apache.tools.ant.Target.execute(Target.java:392)
	at org.apache.tools.ant.Target.performTasks(Target.java:413)
	at org.apache.tools.ant.Project.executeSortedTargets(Project.java:1399)
	at org.apache.tools.ant.Project.executeTarget(Project.java:1368)
	at org.apache.tools.ant.helper.DefaultExecutor.executeTargets(DefaultExecutor.java:41)
	at org.apache.tools.ant.Project.executeTargets(Project.java:1251)
	at org.apache.tools.ant.Main.runBuild(Main.java:811)
	at org.apache.tools.ant.Main.startAnt(Main.java:217)
	at org.apache.tools.ant.launch.Launcher.run(Launcher.java:280)
	at org.apache.tools.ant.launch.Launcher.main(Launcher.java:109)
report for Cli-38:
https://issues.apache.org/jira/browse/CLI-265
patch for Cli-38:
--- defects4j_work/Cli_38_b/src/main/java/org/apache/commons/cli/DefaultParser.java	2025-10-13 19:47:09.929187287 +0600
+++ defects4j_work/Cli_38_f/src/main/java/org/apache/commons/cli/DefaultParser.java	2025-10-13 19:47:13.293311049 +0600
@@ -307,8 +307,12 @@
         // remove leading "-" and "=value"
         int pos = token.indexOf("=");
         String optName = pos == -1 ? token.substring(1) : token.substring(1, pos);
-        return options.hasShortOption(optName);
+        if (options.hasShortOption(optName))
+        {
+            return true;
+        }
         // check for several concatenated short options
+        return optName.length() > 0 && options.hasShortOption(String.valueOf(optName.charAt(0)));
     }
 
     /**



Checkout Path: defects4j_work/Cli_39_b
Test Name: org.apache.commons.cli.PatternOptionBuilderTest::testExistingFilePattern
Error Message: junit.framework.AssertionFailedError: option g not FileInputStream
	at org.junit.Assert.fail(Assert.java:88)
	at org.junit.Assert.assertTrue(Assert.java:41)
	at org.apache.commons.cli.PatternOptionBuilderTest.testExistingFilePattern(PatternOptionBuilderTest.java:171)
	at java.base/jdk.internal.reflect.NativeMethodAccessorImpl.invoke0(Native Method)
	at java.base/jdk.internal.reflect.NativeMethodAccessorImpl.invoke(NativeMethodAccessorImpl.java:62)
	at java.base/jdk.internal.reflect.DelegatingMethodAccessorImpl.invoke(DelegatingMethodAccessorImpl.java:43)
	at java.base/java.lang.reflect.Method.invoke(Method.java:566)
	at org.junit.runners.model.FrameworkMethod$1.runReflectiveCall(FrameworkMethod.java:50)
	at org.junit.internal.runners.model.ReflectiveCallable.run(ReflectiveCallable.java:12)
	at org.junit.runners.model.FrameworkMethod.invokeExplosively(FrameworkMethod.java:47)
	at org.junit.internal.runners.statements.InvokeMethod.evaluate(InvokeMethod.java:17)
	at org.junit.runners.ParentRunner.runLeaf(ParentRunner.java:325)
	at org.junit.runners.BlockJUnit4ClassRunner.runChild(BlockJUnit4ClassRunner.java:78)
	at org.junit.runners.BlockJUnit4ClassRunner.runChild(BlockJUnit4ClassRunner.java:57)
	at org.junit.runners.ParentRunner$3.run(ParentRunner.java:290)
	at org.junit.runners.ParentRunner$1.schedule(ParentRunner.java:71)
	at org.junit.runners.ParentRunner.runChildren(ParentRunner.java:288)
	at org.junit.runners.ParentRunner.access$000(ParentRunner.java:58)
	at org.junit.runners.ParentRunner$2.evaluate(ParentRunner.java:268)
	at org.junit.runners.ParentRunner.run(ParentRunner.java:363)
	at org.apache.tools.ant.taskdefs.optional.junit.JUnit4TestMethodAdapter.run(JUnit4TestMethodAdapter.java:109)
	at org.apache.tools.ant.taskdefs.optional.junit.JUnitTestRunner.run(JUnitTestRunner.java:520)
	at org.apache.tools.ant.taskdefs.optional.junit.JUnitTask.executeInVM(JUnitTask.java:1492)
	at org.apache.tools.ant.taskdefs.optional.junit.JUnitTask.executeTests(JUnitTask.java:878)
	at org.apache.tools.ant.taskdefs.optional.junit.JUnitTask.executeOrQueue(JUnitTask.java:1980)
	at org.apache.tools.ant.taskdefs.optional.junit.JUnitTask.executeTests(JUnitTask.java:830)
	at org.apache.tools.ant.taskdefs.optional.junit.JUnitTask.execute(JUnitTask.java:2287)
	at org.apache.tools.ant.UnknownElement.execute(UnknownElement.java:291)
	at jdk.internal.reflect.GeneratedMethodAccessor4.invoke(Unknown Source)
	at java.base/jdk.internal.reflect.DelegatingMethodAccessorImpl.invoke(DelegatingMethodAccessorImpl.java:43)
	at java.base/java.lang.reflect.Method.invoke(Method.java:566)
	at org.apache.tools.ant.dispatch.DispatchUtils.execute(DispatchUtils.java:106)
	at org.apache.tools.ant.Task.perform(Task.java:348)
	at org.apache.tools.ant.Target.execute(Target.java:392)
	at org.apache.tools.ant.Target.performTasks(Target.java:413)
	at org.apache.tools.ant.Project.executeSortedTargets(Project.java:1399)
	at org.apache.tools.ant.Project.executeTarget(Project.java:1368)
	at org.apache.tools.ant.helper.DefaultExecutor.executeTargets(DefaultExecutor.java:41)
	at org.apache.tools.ant.Project.executeTargets(Project.java:1251)
	at org.apache.tools.ant.Main.runBuild(Main.java:811)
	at org.apache.tools.ant.Main.startAnt(Main.java:217)
	at org.apache.tools.ant.launch.Launcher.run(Launcher.java:280)
	at org.apache.tools.ant.launch.Launcher.main(Launcher.java:109)
Checkout Path: defects4j_work/Cli_39_b
Test Name: org.apache.commons.cli.PatternOptionBuilderTest::testExistingFilePatternFileNotExist
Error Message: junit.framework.AssertionFailedError: option f parsed expected null, but was:<non-existing.file>
	at org.junit.Assert.fail(Assert.java:88)
	at org.junit.Assert.failNotNull(Assert.java:755)
	at org.junit.Assert.assertNull(Assert.java:737)
	at org.apache.commons.cli.PatternOptionBuilderTest.testExistingFilePatternFileNotExist(PatternOptionBuilderTest.java:180)
	at java.base/jdk.internal.reflect.NativeMethodAccessorImpl.invoke0(Native Method)
	at java.base/jdk.internal.reflect.NativeMethodAccessorImpl.invoke(NativeMethodAccessorImpl.java:62)
	at java.base/jdk.internal.reflect.DelegatingMethodAccessorImpl.invoke(DelegatingMethodAccessorImpl.java:43)
	at java.base/java.lang.reflect.Method.invoke(Method.java:566)
	at org.junit.runners.model.FrameworkMethod$1.runReflectiveCall(FrameworkMethod.java:50)
	at org.junit.internal.runners.model.ReflectiveCallable.run(ReflectiveCallable.java:12)
	at org.junit.runners.model.FrameworkMethod.invokeExplosively(FrameworkMethod.java:47)
	at org.junit.internal.runners.statements.InvokeMethod.evaluate(InvokeMethod.java:17)
	at org.junit.runners.ParentRunner.runLeaf(ParentRunner.java:325)
	at org.junit.runners.BlockJUnit4ClassRunner.runChild(BlockJUnit4ClassRunner.java:78)
	at org.junit.runners.BlockJUnit4ClassRunner.runChild(BlockJUnit4ClassRunner.java:57)
	at org.junit.runners.ParentRunner$3.run(ParentRunner.java:290)
	at org.junit.runners.ParentRunner$1.schedule(ParentRunner.java:71)
	at org.junit.runners.ParentRunner.runChildren(ParentRunner.java:288)
	at org.junit.runners.ParentRunner.access$000(ParentRunner.java:58)
	at org.junit.runners.ParentRunner$2.evaluate(ParentRunner.java:268)
	at org.junit.runners.ParentRunner.run(ParentRunner.java:363)
	at org.apache.tools.ant.taskdefs.optional.junit.JUnit4TestMethodAdapter.run(JUnit4TestMethodAdapter.java:109)
	at org.apache.tools.ant.taskdefs.optional.junit.JUnitTestRunner.run(JUnitTestRunner.java:520)
	at org.apache.tools.ant.taskdefs.optional.junit.JUnitTask.executeInVM(JUnitTask.java:1492)
	at org.apache.tools.ant.taskdefs.optional.junit.JUnitTask.executeTests(JUnitTask.java:878)
	at org.apache.tools.ant.taskdefs.optional.junit.JUnitTask.executeOrQueue(JUnitTask.java:1980)
	at org.apache.tools.ant.taskdefs.optional.junit.JUnitTask.executeTests(JUnitTask.java:830)
	at org.apache.tools.ant.taskdefs.optional.junit.JUnitTask.execute(JUnitTask.java:2287)
	at org.apache.tools.ant.UnknownElement.execute(UnknownElement.java:291)
	at jdk.internal.reflect.GeneratedMethodAccessor4.invoke(Unknown Source)
	at java.base/jdk.internal.reflect.DelegatingMethodAccessorImpl.invoke(DelegatingMethodAccessorImpl.java:43)
	at java.base/java.lang.reflect.Method.invoke(Method.java:566)
	at org.apache.tools.ant.dispatch.DispatchUtils.execute(DispatchUtils.java:106)
	at org.apache.tools.ant.Task.perform(Task.java:348)
	at org.apache.tools.ant.Target.execute(Target.java:392)
	at org.apache.tools.ant.Target.performTasks(Target.java:413)
	at org.apache.tools.ant.Project.executeSortedTargets(Project.java:1399)
	at org.apache.tools.ant.Project.executeTarget(Project.java:1368)
	at org.apache.tools.ant.helper.DefaultExecutor.executeTargets(DefaultExecutor.java:41)
	at org.apache.tools.ant.Project.executeTargets(Project.java:1251)
	at org.apache.tools.ant.Main.runBuild(Main.java:811)
	at org.apache.tools.ant.Main.startAnt(Main.java:217)
	at org.apache.tools.ant.launch.Launcher.run(Launcher.java:280)
	at org.apache.tools.ant.launch.Launcher.main(Launcher.java:109)
report for Cli-39:
https://issues.apache.org/jira/browse/CLI-274
patch for Cli-39:
--- defects4j_work/Cli_39_b/src/main/java/org/apache/commons/cli/TypeHandler.java	2025-10-13 19:47:16.105414494 +0600
+++ defects4j_work/Cli_39_f/src/main/java/org/apache/commons/cli/TypeHandler.java	2025-10-13 19:47:20.715979976 +0600
@@ -89,7 +89,7 @@
         }
         else if (PatternOptionBuilder.EXISTING_FILE_VALUE == clazz)
         {
-            return createFile(str);
+            return openFile(str);
         }
         else if (PatternOptionBuilder.FILES_VALUE == clazz)
         {
@@ -231,6 +231,17 @@
      * @return The file input stream represented by <code>str</code>.
      * @throws ParseException if the file is not exist or not readable
      */
+    public static FileInputStream openFile(String str) throws ParseException
+    {
+        try
+        {
+            return new FileInputStream(str);
+        }
+        catch (FileNotFoundException e)
+        {
+            throw new ParseException("Unable to find file: " + str);
+        }
+    }
 
     /**
      * Returns the File[] represented by <code>str</code>.



Checkout Path: defects4j_work/Cli_40_b
Test Name: org.apache.commons.cli.TypeHandlerTest::testCreateValueInteger_failure
Error Message: junit.framework.AssertionFailedError: Expected exception: org.apache.commons.cli.ParseException
	at org.junit.internal.runners.statements.ExpectException.evaluate(ExpectException.java:32)
	at org.junit.runners.ParentRunner.runLeaf(ParentRunner.java:325)
	at org.junit.runners.BlockJUnit4ClassRunner.runChild(BlockJUnit4ClassRunner.java:78)
	at org.junit.runners.BlockJUnit4ClassRunner.runChild(BlockJUnit4ClassRunner.java:57)
	at org.junit.runners.ParentRunner$3.run(ParentRunner.java:290)
	at org.junit.runners.ParentRunner$1.schedule(ParentRunner.java:71)
	at org.junit.runners.ParentRunner.runChildren(ParentRunner.java:288)
	at org.junit.runners.ParentRunner.access$000(ParentRunner.java:58)
	at org.junit.runners.ParentRunner$2.evaluate(ParentRunner.java:268)
	at org.junit.runners.ParentRunner.run(ParentRunner.java:363)
	at org.apache.tools.ant.taskdefs.optional.junit.JUnit4TestMethodAdapter.run(JUnit4TestMethodAdapter.java:109)
	at org.apache.tools.ant.taskdefs.optional.junit.JUnitTestRunner.run(JUnitTestRunner.java:520)
	at org.apache.tools.ant.taskdefs.optional.junit.JUnitTask.executeInVM(JUnitTask.java:1492)
	at org.apache.tools.ant.taskdefs.optional.junit.JUnitTask.executeTests(JUnitTask.java:878)
	at org.apache.tools.ant.taskdefs.optional.junit.JUnitTask.executeOrQueue(JUnitTask.java:1980)
	at org.apache.tools.ant.taskdefs.optional.junit.JUnitTask.executeTests(JUnitTask.java:830)
	at org.apache.tools.ant.taskdefs.optional.junit.JUnitTask.execute(JUnitTask.java:2287)
	at org.apache.tools.ant.UnknownElement.execute(UnknownElement.java:291)
	at jdk.internal.reflect.GeneratedMethodAccessor4.invoke(Unknown Source)
	at java.base/jdk.internal.reflect.DelegatingMethodAccessorImpl.invoke(DelegatingMethodAccessorImpl.java:43)
	at java.base/java.lang.reflect.Method.invoke(Method.java:566)
	at org.apache.tools.ant.dispatch.DispatchUtils.execute(DispatchUtils.java:106)
	at org.apache.tools.ant.Task.perform(Task.java:348)
	at org.apache.tools.ant.Target.execute(Target.java:392)
	at org.apache.tools.ant.Target.performTasks(Target.java:413)
	at org.apache.tools.ant.Project.executeSortedTargets(Project.java:1399)
	at org.apache.tools.ant.Project.executeTarget(Project.java:1368)
	at org.apache.tools.ant.helper.DefaultExecutor.executeTargets(DefaultExecutor.java:41)
	at org.apache.tools.ant.Project.executeTargets(Project.java:1251)
	at org.apache.tools.ant.Main.runBuild(Main.java:811)
	at org.apache.tools.ant.Main.startAnt(Main.java:217)
	at org.apache.tools.ant.launch.Launcher.run(Launcher.java:280)
	at org.apache.tools.ant.launch.Launcher.main(Launcher.java:109)
report for Cli-40:
https://issues.apache.org/jira/browse/CLI-282
patch for Cli-40:
--- defects4j_work/Cli_40_b/src/main/java/org/apache/commons/cli/TypeHandler.java	2025-10-13 19:47:23.596073252 +0600
+++ defects4j_work/Cli_40_f/src/main/java/org/apache/commons/cli/TypeHandler.java	2025-10-13 19:47:27.328202180 +0600
@@ -100,7 +100,7 @@
         }
         else
         {
-            return null;
+            throw new ParseException("Unable to handle the class: " + clazz);
         }
     }
 



